{"D:\\Universidad\\Electiva_2\\Proyecto1-Plataforma-E-commerce\\src\\cart\\application\\cart.service.ts": {"path":"D:\\Universidad\\Electiva_2\\Proyecto1-Plataforma-E-commerce\\src\\cart\\application\\cart.service.ts","statementMap":{"0":{"start":{"line":3,"column":0},"end":{"line":3,"column":59}},"1":{"start":{"line":6,"column":22},"end":{"line":6,"column":49}},"2":{"start":{"line":10,"column":15},"end":{"line":10,"column":55}},"3":{"start":{"line":12,"column":4},"end":{"line":40,"column":5}},"4":{"start":{"line":14,"column":6},"end":{"line":37,"column":7}},"5":{"start":{"line":15,"column":8},"end":{"line":15,"column":65}},"6":{"start":{"line":17,"column":8},"end":{"line":17,"column":63}},"7":{"start":{"line":20,"column":8},"end":{"line":20,"column":46}},"8":{"start":{"line":23,"column":30},"end":{"line":32,"column":10}},"9":{"start":{"line":34,"column":22},"end":{"line":34,"column":57}},"10":{"start":{"line":35,"column":8},"end":{"line":35,"column":63}},"11":{"start":{"line":36,"column":8},"end":{"line":36,"column":21}},"12":{"start":{"line":39,"column":6},"end":{"line":39,"column":18}},"13":{"start":{"line":43,"column":26},"end":{"line":52,"column":6}},"14":{"start":{"line":54,"column":18},"end":{"line":54,"column":53}},"15":{"start":{"line":55,"column":4},"end":{"line":55,"column":17}},"16":{"start":{"line":64,"column":17},"end":{"line":64,"column":43}},"17":{"start":{"line":65,"column":23},"end":{"line":65,"column":47}},"18":{"start":{"line":68,"column":4},"end":{"line":68,"column":33}},"19":{"start":{"line":71,"column":4},"end":{"line":71,"column":46}},"20":{"start":{"line":74,"column":4},"end":{"line":74,"column":37}},"21":{"start":{"line":75,"column":4},"end":{"line":75,"column":16}},"22":{"start":{"line":80,"column":4},"end":{"line":80,"column":37}},"23":{"start":{"line":90,"column":17},"end":{"line":90,"column":43}},"24":{"start":{"line":91,"column":23},"end":{"line":91,"column":47}},"25":{"start":{"line":93,"column":4},"end":{"line":93,"column":33}},"26":{"start":{"line":94,"column":4},"end":{"line":94,"column":65}},"27":{"start":{"line":96,"column":4},"end":{"line":96,"column":37}},"28":{"start":{"line":97,"column":4},"end":{"line":97,"column":16}},"29":{"start":{"line":102,"column":17},"end":{"line":102,"column":43}},"30":{"start":{"line":103,"column":23},"end":{"line":103,"column":47}},"31":{"start":{"line":105,"column":4},"end":{"line":106,"column":78}},"32":{"start":{"line":106,"column":6},"end":{"line":106,"column":78}},"33":{"start":{"line":108,"column":23},"end":{"line":108,"column":79}},"34":{"start":{"line":108,"column":49},"end":{"line":108,"column":78}},"35":{"start":{"line":109,"column":4},"end":{"line":109,"column":76}},"36":{"start":{"line":109,"column":21},"end":{"line":109,"column":76}},"37":{"start":{"line":111,"column":4},"end":{"line":111,"column":33}},"38":{"start":{"line":112,"column":4},"end":{"line":112,"column":37}},"39":{"start":{"line":114,"column":4},"end":{"line":114,"column":37}},"40":{"start":{"line":115,"column":4},"end":{"line":115,"column":16}},"41":{"start":{"line":120,"column":17},"end":{"line":120,"column":43}},"42":{"start":{"line":121,"column":23},"end":{"line":121,"column":47}},"43":{"start":{"line":123,"column":4},"end":{"line":124,"column":50}},"44":{"start":{"line":124,"column":6},"end":{"line":124,"column":50}},"45":{"start":{"line":126,"column":4},"end":{"line":126,"column":23}},"46":{"start":{"line":127,"column":4},"end":{"line":127,"column":37}},"47":{"start":{"line":136,"column":17},"end":{"line":136,"column":43}},"48":{"start":{"line":137,"column":23},"end":{"line":137,"column":47}},"49":{"start":{"line":139,"column":4},"end":{"line":139,"column":33}},"50":{"start":{"line":141,"column":4},"end":{"line":143,"column":5}},"51":{"start":{"line":142,"column":6},"end":{"line":142,"column":47}},"52":{"start":{"line":146,"column":4},"end":{"line":151,"column":5}},"53":{"start":{"line":147,"column":22},"end":{"line":147,"column":76}},"54":{"start":{"line":148,"column":6},"end":{"line":148,"column":77}},"55":{"start":{"line":148,"column":20},"end":{"line":148,"column":77}},"56":{"start":{"line":149,"column":6},"end":{"line":150,"column":67}},"57":{"start":{"line":150,"column":8},"end":{"line":150,"column":67}},"58":{"start":{"line":154,"column":20},"end":{"line":162,"column":6}},"59":{"start":{"line":165,"column":4},"end":{"line":176,"column":5}},"60":{"start":{"line":166,"column":6},"end":{"line":172,"column":9}},"61":{"start":{"line":174,"column":6},"end":{"line":174,"column":81}},"62":{"start":{"line":175,"column":6},"end":{"line":175,"column":58}},"63":{"start":{"line":178,"column":4},"end":{"line":178,"column":56}},"64":{"start":{"line":179,"column":4},"end":{"line":179,"column":50}},"65":{"start":{"line":5,"column":0},"end":{"line":5,"column":13}}},"fnMap":{"0":{"name":"(anonymous_0)","decl":{"start":{"line":6,"column":2},"end":{"line":6,"column":22}},"loc":{"start":{"line":6,"column":49},"end":{"line":6,"column":53}}},"1":{"name":"(anonymous_1)","decl":{"start":{"line":9,"column":2},"end":{"line":9,"column":7}},"loc":{"start":{"line":9,"column":30},"end":{"line":56,"column":3}}},"2":{"name":"(anonymous_2)","decl":{"start":{"line":59,"column":2},"end":{"line":59,"column":7}},"loc":{"start":{"line":62,"column":24},"end":{"line":76,"column":3}}},"3":{"name":"(anonymous_3)","decl":{"start":{"line":79,"column":2},"end":{"line":79,"column":7}},"loc":{"start":{"line":79,"column":27},"end":{"line":81,"column":3}}},"4":{"name":"(anonymous_4)","decl":{"start":{"line":84,"column":2},"end":{"line":84,"column":7}},"loc":{"start":{"line":88,"column":24},"end":{"line":98,"column":3}}},"5":{"name":"(anonymous_5)","decl":{"start":{"line":101,"column":2},"end":{"line":101,"column":7}},"loc":{"start":{"line":101,"column":52},"end":{"line":116,"column":3}}},"6":{"name":"(anonymous_6)","decl":{"start":{"line":108,"column":39},"end":{"line":108,"column":40}},"loc":{"start":{"line":108,"column":49},"end":{"line":108,"column":78}}},"7":{"name":"(anonymous_7)","decl":{"start":{"line":119,"column":2},"end":{"line":119,"column":7}},"loc":{"start":{"line":119,"column":32},"end":{"line":128,"column":3}}},"8":{"name":"(anonymous_8)","decl":{"start":{"line":131,"column":2},"end":{"line":131,"column":7}},"loc":{"start":{"line":134,"column":26},"end":{"line":180,"column":3}}}},"branchMap":{"0":{"loc":{"start":{"line":12,"column":4},"end":{"line":40,"column":5}},"type":"if","locations":[{"start":{"line":12,"column":4},"end":{"line":40,"column":5}}]},"1":{"loc":{"start":{"line":14,"column":6},"end":{"line":37,"column":7}},"type":"if","locations":[{"start":{"line":14,"column":6},"end":{"line":37,"column":7}}]},"2":{"loc":{"start":{"line":14,"column":10},"end":{"line":14,"column":67}},"type":"binary-expr","locations":[{"start":{"line":14,"column":10},"end":{"line":14,"column":25}},{"start":{"line":14,"column":29},"end":{"line":14,"column":67}}]},"3":{"loc":{"start":{"line":105,"column":4},"end":{"line":106,"column":78}},"type":"if","locations":[{"start":{"line":105,"column":4},"end":{"line":106,"column":78}}]},"4":{"loc":{"start":{"line":105,"column":8},"end":{"line":105,"column":46}},"type":"binary-expr","locations":[{"start":{"line":105,"column":8},"end":{"line":105,"column":19}},{"start":{"line":105,"column":23},"end":{"line":105,"column":46}}]},"5":{"loc":{"start":{"line":109,"column":4},"end":{"line":109,"column":76}},"type":"if","locations":[{"start":{"line":109,"column":4},"end":{"line":109,"column":76}}]},"6":{"loc":{"start":{"line":123,"column":4},"end":{"line":124,"column":50}},"type":"if","locations":[{"start":{"line":123,"column":4},"end":{"line":124,"column":50}}]},"7":{"loc":{"start":{"line":123,"column":8},"end":{"line":123,"column":46}},"type":"binary-expr","locations":[{"start":{"line":123,"column":8},"end":{"line":123,"column":19}},{"start":{"line":123,"column":23},"end":{"line":123,"column":46}}]},"8":{"loc":{"start":{"line":141,"column":4},"end":{"line":143,"column":5}},"type":"if","locations":[{"start":{"line":141,"column":4},"end":{"line":143,"column":5}}]},"9":{"loc":{"start":{"line":148,"column":6},"end":{"line":148,"column":77}},"type":"if","locations":[{"start":{"line":148,"column":6},"end":{"line":148,"column":77}}]},"10":{"loc":{"start":{"line":149,"column":6},"end":{"line":150,"column":67}},"type":"if","locations":[{"start":{"line":149,"column":6},"end":{"line":150,"column":67}}]}},"s":{"0":1,"1":0,"2":0,"3":0,"4":0,"5":0,"6":0,"7":0,"8":0,"9":0,"10":0,"11":0,"12":0,"13":0,"14":0,"15":0,"16":0,"17":0,"18":0,"19":0,"20":0,"21":0,"22":0,"23":0,"24":0,"25":0,"26":0,"27":0,"28":0,"29":0,"30":0,"31":0,"32":0,"33":0,"34":0,"35":0,"36":0,"37":0,"38":0,"39":0,"40":0,"41":0,"42":0,"43":0,"44":0,"45":0,"46":0,"47":0,"48":0,"49":0,"50":0,"51":0,"52":0,"53":0,"54":0,"55":0,"56":0,"57":0,"58":0,"59":0,"60":0,"61":0,"62":0,"63":0,"64":0,"65":1},"f":{"0":0,"1":0,"2":0,"3":0,"4":0,"5":0,"6":0,"7":0,"8":0},"b":{"0":[0],"1":[0],"2":[0,0],"3":[0],"4":[0,0],"5":[0],"6":[0],"7":[0,0],"8":[0],"9":[0],"10":[0]}}
,"D:\\Universidad\\Electiva_2\\Proyecto1-Plataforma-E-commerce\\src\\cart\\domain\\cart.operations.ts": {"path":"D:\\Universidad\\Electiva_2\\Proyecto1-Plataforma-E-commerce\\src\\cart\\domain\\cart.operations.ts","statementMap":{"0":{"start":{"line":4,"column":21},"end":{"line":4,"column":31}},"1":{"start":{"line":11,"column":21},"end":{"line":11,"column":83}},"2":{"start":{"line":11,"column":47},"end":{"line":11,"column":82}},"3":{"start":{"line":12,"column":16},"end":{"line":12,"column":26}},"4":{"start":{"line":14,"column":4},"end":{"line":35,"column":5}},"5":{"start":{"line":15,"column":26},"end":{"line":15,"column":62}},"6":{"start":{"line":16,"column":6},"end":{"line":18,"column":7}},"7":{"start":{"line":17,"column":8},"end":{"line":17,"column":63}},"8":{"start":{"line":19,"column":6},"end":{"line":19,"column":38}},"9":{"start":{"line":20,"column":6},"end":{"line":20,"column":61}},"10":{"start":{"line":21,"column":6},"end":{"line":21,"column":32}},"11":{"start":{"line":23,"column":6},"end":{"line":25,"column":7}},"12":{"start":{"line":24,"column":8},"end":{"line":24,"column":63}},"13":{"start":{"line":27,"column":32},"end":{"line":32,"column":8}},"14":{"start":{"line":34,"column":6},"end":{"line":34,"column":36}},"15":{"start":{"line":37,"column":4},"end":{"line":37,"column":25}},"16":{"start":{"line":42,"column":17},"end":{"line":42,"column":71}},"17":{"start":{"line":42,"column":43},"end":{"line":42,"column":70}},"18":{"start":{"line":43,"column":4},"end":{"line":43,"column":71}},"19":{"start":{"line":43,"column":15},"end":{"line":43,"column":71}},"20":{"start":{"line":44,"column":4},"end":{"line":44,"column":60}},"21":{"start":{"line":44,"column":23},"end":{"line":44,"column":60}},"22":{"start":{"line":45,"column":4},"end":{"line":45,"column":88}},"23":{"start":{"line":45,"column":33},"end":{"line":45,"column":88}},"24":{"start":{"line":47,"column":4},"end":{"line":47,"column":29}},"25":{"start":{"line":48,"column":4},"end":{"line":48,"column":42}},"26":{"start":{"line":49,"column":4},"end":{"line":49,"column":33}},"27":{"start":{"line":50,"column":4},"end":{"line":50,"column":25}},"28":{"start":{"line":55,"column":4},"end":{"line":55,"column":79}},"29":{"start":{"line":55,"column":50},"end":{"line":55,"column":77}},"30":{"start":{"line":56,"column":4},"end":{"line":56,"column":25}},"31":{"start":{"line":61,"column":4},"end":{"line":61,"column":25}},"32":{"start":{"line":62,"column":4},"end":{"line":62,"column":31}},"33":{"start":{"line":63,"column":4},"end":{"line":63,"column":38}},"34":{"start":{"line":68,"column":16},"end":{"line":68,"column":26}},"35":{"start":{"line":69,"column":4},"end":{"line":72,"column":5}},"36":{"start":{"line":70,"column":6},"end":{"line":70,"column":35}},"37":{"start":{"line":71,"column":6},"end":{"line":71,"column":64}},"38":{"start":{"line":77,"column":4},"end":{"line":80,"column":6}},"39":{"start":{"line":78,"column":21},"end":{"line":78,"column":47}},"40":{"start":{"line":81,"column":4},"end":{"line":81,"column":38}},"41":{"start":{"line":83,"column":4},"end":{"line":83,"column":90}},"42":{"start":{"line":3,"column":0},"end":{"line":3,"column":13}}},"fnMap":{"0":{"name":"(anonymous_0)","decl":{"start":{"line":4,"column":2},"end":{"line":4,"column":21}},"loc":{"start":{"line":4,"column":31},"end":{"line":4,"column":35}}},"1":{"name":"(anonymous_1)","decl":{"start":{"line":7,"column":2},"end":{"line":7,"column":9}},"loc":{"start":{"line":9,"column":24},"end":{"line":38,"column":3}}},"2":{"name":"(anonymous_2)","decl":{"start":{"line":11,"column":42},"end":{"line":11,"column":43}},"loc":{"start":{"line":11,"column":47},"end":{"line":11,"column":82}}},"3":{"name":"(anonymous_3)","decl":{"start":{"line":41,"column":2},"end":{"line":41,"column":16}},"loc":{"start":{"line":41,"column":75},"end":{"line":51,"column":3}}},"4":{"name":"(anonymous_4)","decl":{"start":{"line":42,"column":38},"end":{"line":42,"column":39}},"loc":{"start":{"line":42,"column":43},"end":{"line":42,"column":70}}},"5":{"name":"(anonymous_5)","decl":{"start":{"line":54,"column":2},"end":{"line":54,"column":12}},"loc":{"start":{"line":54,"column":31},"end":{"line":57,"column":3}}},"6":{"name":"(anonymous_6)","decl":{"start":{"line":55,"column":45},"end":{"line":55,"column":46}},"loc":{"start":{"line":55,"column":50},"end":{"line":55,"column":77}}},"7":{"name":"(anonymous_7)","decl":{"start":{"line":60,"column":2},"end":{"line":60,"column":7}},"loc":{"start":{"line":60,"column":7},"end":{"line":64,"column":3}}},"8":{"name":"(anonymous_8)","decl":{"start":{"line":67,"column":2},"end":{"line":67,"column":17}},"loc":{"start":{"line":67,"column":17},"end":{"line":73,"column":3}}},"9":{"name":"(anonymous_9)","decl":{"start":{"line":76,"column":10},"end":{"line":76,"column":23}},"loc":{"start":{"line":76,"column":23},"end":{"line":84,"column":3}}},"10":{"name":"(anonymous_10)","decl":{"start":{"line":78,"column":6},"end":{"line":78,"column":7}},"loc":{"start":{"line":78,"column":21},"end":{"line":78,"column":47}}}},"branchMap":{"0":{"loc":{"start":{"line":14,"column":4},"end":{"line":35,"column":5}},"type":"if","locations":[{"start":{"line":14,"column":4},"end":{"line":35,"column":5}},{"start":{"line":22,"column":11},"end":{"line":35,"column":5}}]},"1":{"loc":{"start":{"line":16,"column":6},"end":{"line":18,"column":7}},"type":"if","locations":[{"start":{"line":16,"column":6},"end":{"line":18,"column":7}}]},"2":{"loc":{"start":{"line":23,"column":6},"end":{"line":25,"column":7}},"type":"if","locations":[{"start":{"line":23,"column":6},"end":{"line":25,"column":7}}]},"3":{"loc":{"start":{"line":43,"column":4},"end":{"line":43,"column":71}},"type":"if","locations":[{"start":{"line":43,"column":4},"end":{"line":43,"column":71}}]},"4":{"loc":{"start":{"line":44,"column":4},"end":{"line":44,"column":60}},"type":"if","locations":[{"start":{"line":44,"column":4},"end":{"line":44,"column":60}}]},"5":{"loc":{"start":{"line":45,"column":4},"end":{"line":45,"column":88}},"type":"if","locations":[{"start":{"line":45,"column":4},"end":{"line":45,"column":88}}]},"6":{"loc":{"start":{"line":69,"column":4},"end":{"line":72,"column":5}},"type":"if","locations":[{"start":{"line":69,"column":4},"end":{"line":72,"column":5}}]},"7":{"loc":{"start":{"line":69,"column":8},"end":{"line":69,"column":58}},"type":"binary-expr","locations":[{"start":{"line":69,"column":8},"end":{"line":69,"column":28}},{"start":{"line":69,"column":32},"end":{"line":69,"column":58}}]},"8":{"loc":{"start":{"line":78,"column":28},"end":{"line":78,"column":46}},"type":"binary-expr","locations":[{"start":{"line":78,"column":28},"end":{"line":78,"column":41}},{"start":{"line":78,"column":45},"end":{"line":78,"column":46}}]}},"s":{"0":0,"1":0,"2":0,"3":0,"4":0,"5":0,"6":0,"7":0,"8":0,"9":0,"10":0,"11":0,"12":0,"13":0,"14":0,"15":0,"16":0,"17":0,"18":0,"19":0,"20":0,"21":0,"22":0,"23":0,"24":0,"25":0,"26":0,"27":0,"28":0,"29":0,"30":0,"31":0,"32":0,"33":0,"34":0,"35":0,"36":0,"37":0,"38":0,"39":0,"40":0,"41":0,"42":1},"f":{"0":0,"1":0,"2":0,"3":0,"4":0,"5":0,"6":0,"7":0,"8":0,"9":0,"10":0},"b":{"0":[0,0],"1":[0],"2":[0],"3":[0],"4":[0],"5":[0],"6":[0],"7":[0,0],"8":[0,0]}}
,"D:\\Universidad\\Electiva_2\\Proyecto1-Plataforma-E-commerce\\src\\cart\\infraestructure\\controllers\\cart.controller.ts": {"path":"D:\\Universidad\\Electiva_2\\Proyecto1-Plataforma-E-commerce\\src\\cart\\infraestructure\\controllers\\cart.controller.ts","statementMap":{"0":{"start":{"line":2,"column":0},"end":{"line":2,"column":61}},"1":{"start":{"line":3,"column":0},"end":{"line":3,"column":104}},"2":{"start":{"line":4,"column":0},"end":{"line":4,"column":70}},"3":{"start":{"line":6,"column":24},"end":{"line":6,"column":48}},"4":{"start":{"line":7,"column":17},"end":{"line":7,"column":54}},"5":{"start":{"line":8,"column":18},"end":{"line":8,"column":45}},"6":{"start":{"line":10,"column":30},"end":{"line":10,"column":63}},"7":{"start":{"line":10,"column":45},"end":{"line":10,"column":62}},"8":{"start":{"line":10,"column":13},"end":{"line":10,"column":30}},"9":{"start":{"line":11,"column":37},"end":{"line":11,"column":78}},"10":{"start":{"line":11,"column":53},"end":{"line":11,"column":77}},"11":{"start":{"line":11,"column":13},"end":{"line":11,"column":37}},"12":{"start":{"line":16,"column":21},"end":{"line":16,"column":45}},"13":{"start":{"line":17,"column":19},"end":{"line":17,"column":56}},"14":{"start":{"line":18,"column":20},"end":{"line":18,"column":59}},"15":{"start":{"line":19,"column":23},"end":{"line":19,"column":43}},"16":{"start":{"line":21,"column":16},"end":{"line":21,"column":58}},"17":{"start":{"line":22,"column":4},"end":{"line":22,"column":23}},"18":{"start":{"line":27,"column":4},"end":{"line":36,"column":5}},"19":{"start":{"line":28,"column":21},"end":{"line":28,"column":40}},"20":{"start":{"line":29,"column":6},"end":{"line":29,"column":90}},"21":{"start":{"line":29,"column":25},"end":{"line":29,"column":90}},"22":{"start":{"line":31,"column":19},"end":{"line":31,"column":52}},"23":{"start":{"line":32,"column":6},"end":{"line":32,"column":40}},"24":{"start":{"line":34,"column":6},"end":{"line":34,"column":47}},"25":{"start":{"line":35,"column":6},"end":{"line":35,"column":69}},"26":{"start":{"line":41,"column":4},"end":{"line":85,"column":5}},"27":{"start":{"line":42,"column":21},"end":{"line":42,"column":40}},"28":{"start":{"line":43,"column":38},"end":{"line":43,"column":46}},"29":{"start":{"line":45,"column":6},"end":{"line":45,"column":90}},"30":{"start":{"line":45,"column":25},"end":{"line":45,"column":90}},"31":{"start":{"line":46,"column":6},"end":{"line":47,"column":66}},"32":{"start":{"line":47,"column":8},"end":{"line":47,"column":66}},"33":{"start":{"line":50,"column":22},"end":{"line":50,"column":73}},"34":{"start":{"line":51,"column":6},"end":{"line":51,"column":85}},"35":{"start":{"line":51,"column":20},"end":{"line":51,"column":85}},"36":{"start":{"line":54,"column":6},"end":{"line":56,"column":7}},"37":{"start":{"line":55,"column":8},"end":{"line":55,"column":84}},"38":{"start":{"line":58,"column":6},"end":{"line":60,"column":7}},"39":{"start":{"line":59,"column":8},"end":{"line":59,"column":86}},"40":{"start":{"line":63,"column":19},"end":{"line":63,"column":52}},"41":{"start":{"line":66,"column":26},"end":{"line":73,"column":8}},"42":{"start":{"line":76,"column":26},"end":{"line":76,"column":87}},"43":{"start":{"line":78,"column":6},"end":{"line":81,"column":9}},"44":{"start":{"line":83,"column":6},"end":{"line":83,"column":46}},"45":{"start":{"line":84,"column":6},"end":{"line":84,"column":88}},"46":{"start":{"line":90,"column":4},"end":{"line":115,"column":5}},"47":{"start":{"line":91,"column":21},"end":{"line":91,"column":40}},"48":{"start":{"line":92,"column":38},"end":{"line":92,"column":46}},"49":{"start":{"line":94,"column":6},"end":{"line":94,"column":90}},"50":{"start":{"line":94,"column":25},"end":{"line":94,"column":90}},"51":{"start":{"line":95,"column":6},"end":{"line":96,"column":86}},"52":{"start":{"line":96,"column":8},"end":{"line":96,"column":86}},"53":{"start":{"line":98,"column":22},"end":{"line":98,"column":73}},"54":{"start":{"line":99,"column":6},"end":{"line":99,"column":85}},"55":{"start":{"line":99,"column":20},"end":{"line":99,"column":85}},"56":{"start":{"line":101,"column":6},"end":{"line":102,"column":86}},"57":{"start":{"line":102,"column":8},"end":{"line":102,"column":86}},"58":{"start":{"line":104,"column":26},"end":{"line":108,"column":null}},"59":{"start":{"line":111,"column":6},"end":{"line":111,"column":90}},"60":{"start":{"line":113,"column":6},"end":{"line":113,"column":53}},"61":{"start":{"line":114,"column":6},"end":{"line":114,"column":56}},"62":{"start":{"line":120,"column":4},"end":{"line":132,"column":5}},"63":{"start":{"line":121,"column":21},"end":{"line":121,"column":40}},"64":{"start":{"line":122,"column":24},"end":{"line":122,"column":74}},"65":{"start":{"line":124,"column":6},"end":{"line":124,"column":90}},"66":{"start":{"line":124,"column":25},"end":{"line":124,"column":90}},"67":{"start":{"line":125,"column":6},"end":{"line":125,"column":93}},"68":{"start":{"line":125,"column":28},"end":{"line":125,"column":93}},"69":{"start":{"line":127,"column":19},"end":{"line":127,"column":66}},"70":{"start":{"line":128,"column":6},"end":{"line":128,"column":71}},"71":{"start":{"line":130,"column":6},"end":{"line":130,"column":49}},"72":{"start":{"line":131,"column":6},"end":{"line":131,"column":56}},"73":{"start":{"line":137,"column":4},"end":{"line":146,"column":5}},"74":{"start":{"line":138,"column":21},"end":{"line":138,"column":40}},"75":{"start":{"line":139,"column":6},"end":{"line":139,"column":90}},"76":{"start":{"line":139,"column":25},"end":{"line":139,"column":90}},"77":{"start":{"line":141,"column":6},"end":{"line":141,"column":42}},"78":{"start":{"line":142,"column":6},"end":{"line":142,"column":82}},"79":{"start":{"line":144,"column":6},"end":{"line":144,"column":48}},"80":{"start":{"line":145,"column":6},"end":{"line":145,"column":56}},"81":{"start":{"line":151,"column":4},"end":{"line":187,"column":5}},"82":{"start":{"line":152,"column":21},"end":{"line":152,"column":40}},"83":{"start":{"line":153,"column":51},"end":{"line":153,"column":59}},"84":{"start":{"line":155,"column":6},"end":{"line":155,"column":90}},"85":{"start":{"line":155,"column":25},"end":{"line":155,"column":90}},"86":{"start":{"line":157,"column":19},"end":{"line":157,"column":52}},"87":{"start":{"line":158,"column":6},"end":{"line":159,"column":72}},"88":{"start":{"line":159,"column":8},"end":{"line":159,"column":72}},"89":{"start":{"line":161,"column":6},"end":{"line":163,"column":7}},"90":{"start":{"line":162,"column":8},"end":{"line":162,"column":73}},"91":{"start":{"line":166,"column":6},"end":{"line":173,"column":7}},"92":{"start":{"line":167,"column":24},"end":{"line":167,"column":73}},"93":{"start":{"line":168,"column":8},"end":{"line":172,"column":9}},"94":{"start":{"line":169,"column":10},"end":{"line":171,"column":13}},"95":{"start":{"line":175,"column":20},"end":{"line":178,"column":null}},"96":{"start":{"line":183,"column":6},"end":{"line":183,"column":80}},"97":{"start":{"line":185,"column":6},"end":{"line":185,"column":47}},"98":{"start":{"line":186,"column":6},"end":{"line":186,"column":56}},"99":{"start":{"line":13,"column":0},"end":{"line":13,"column":13}}},"fnMap":{"0":{"name":"(anonymous_0)","decl":{"start":{"line":10,"column":30},"end":{"line":10,"column":31}},"loc":{"start":{"line":10,"column":45},"end":{"line":10,"column":62}}},"1":{"name":"(anonymous_1)","decl":{"start":{"line":11,"column":37},"end":{"line":11,"column":38}},"loc":{"start":{"line":11,"column":53},"end":{"line":11,"column":77}}},"2":{"name":"(anonymous_2)","decl":{"start":{"line":15,"column":10},"end":{"line":15,"column":19}},"loc":{"start":{"line":15,"column":32},"end":{"line":23,"column":3}}},"3":{"name":"(anonymous_3)","decl":{"start":{"line":26,"column":2},"end":{"line":26,"column":7}},"loc":{"start":{"line":26,"column":44},"end":{"line":37,"column":3}}},"4":{"name":"(anonymous_4)","decl":{"start":{"line":40,"column":2},"end":{"line":40,"column":7}},"loc":{"start":{"line":40,"column":43},"end":{"line":86,"column":3}}},"5":{"name":"(anonymous_5)","decl":{"start":{"line":89,"column":2},"end":{"line":89,"column":7}},"loc":{"start":{"line":89,"column":50},"end":{"line":116,"column":3}}},"6":{"name":"(anonymous_6)","decl":{"start":{"line":119,"column":2},"end":{"line":119,"column":7}},"loc":{"start":{"line":119,"column":46},"end":{"line":133,"column":3}}},"7":{"name":"(anonymous_7)","decl":{"start":{"line":136,"column":2},"end":{"line":136,"column":7}},"loc":{"start":{"line":136,"column":45},"end":{"line":147,"column":3}}},"8":{"name":"(anonymous_8)","decl":{"start":{"line":150,"column":2},"end":{"line":150,"column":7}},"loc":{"start":{"line":150,"column":44},"end":{"line":188,"column":3}}}},"branchMap":{"0":{"loc":{"start":{"line":17,"column":19},"end":{"line":17,"column":56}},"type":"binary-expr","locations":[{"start":{"line":17,"column":19},"end":{"line":17,"column":36}},{"start":{"line":17,"column":40},"end":{"line":17,"column":56}}]},"1":{"loc":{"start":{"line":18,"column":20},"end":{"line":18,"column":59}},"type":"binary-expr","locations":[{"start":{"line":18,"column":20},"end":{"line":18,"column":38}},{"start":{"line":18,"column":42},"end":{"line":18,"column":59}}]},"2":{"loc":{"start":{"line":21,"column":16},"end":{"line":21,"column":58}},"type":"binary-expr","locations":[{"start":{"line":21,"column":16},"end":{"line":21,"column":24}},{"start":{"line":21,"column":28},"end":{"line":21,"column":34}},{"start":{"line":21,"column":38},"end":{"line":21,"column":45}},{"start":{"line":21,"column":49},"end":{"line":21,"column":58}}]},"3":{"loc":{"start":{"line":29,"column":6},"end":{"line":29,"column":90}},"type":"if","locations":[{"start":{"line":29,"column":6},"end":{"line":29,"column":90}}]},"4":{"loc":{"start":{"line":45,"column":6},"end":{"line":45,"column":90}},"type":"if","locations":[{"start":{"line":45,"column":6},"end":{"line":45,"column":90}}]},"5":{"loc":{"start":{"line":46,"column":6},"end":{"line":47,"column":66}},"type":"if","locations":[{"start":{"line":46,"column":6},"end":{"line":47,"column":66}}]},"6":{"loc":{"start":{"line":46,"column":10},"end":{"line":46,"column":62}},"type":"binary-expr","locations":[{"start":{"line":46,"column":10},"end":{"line":46,"column":26}},{"start":{"line":46,"column":30},"end":{"line":46,"column":45}},{"start":{"line":46,"column":49},"end":{"line":46,"column":62}}]},"7":{"loc":{"start":{"line":51,"column":6},"end":{"line":51,"column":85}},"type":"if","locations":[{"start":{"line":51,"column":6},"end":{"line":51,"column":85}}]},"8":{"loc":{"start":{"line":54,"column":6},"end":{"line":56,"column":7}},"type":"if","locations":[{"start":{"line":54,"column":6},"end":{"line":56,"column":7}}]},"9":{"loc":{"start":{"line":54,"column":10},"end":{"line":54,"column":55}},"type":"binary-expr","locations":[{"start":{"line":54,"column":10},"end":{"line":54,"column":28}},{"start":{"line":54,"column":32},"end":{"line":54,"column":55}}]},"10":{"loc":{"start":{"line":58,"column":6},"end":{"line":60,"column":7}},"type":"if","locations":[{"start":{"line":58,"column":6},"end":{"line":60,"column":7}}]},"11":{"loc":{"start":{"line":84,"column":43},"end":{"line":84,"column":84}},"type":"binary-expr","locations":[{"start":{"line":84,"column":43},"end":{"line":84,"column":52}},{"start":{"line":84,"column":56},"end":{"line":84,"column":84}}]},"12":{"loc":{"start":{"line":94,"column":6},"end":{"line":94,"column":90}},"type":"if","locations":[{"start":{"line":94,"column":6},"end":{"line":94,"column":90}}]},"13":{"loc":{"start":{"line":95,"column":6},"end":{"line":96,"column":86}},"type":"if","locations":[{"start":{"line":95,"column":6},"end":{"line":96,"column":86}}]},"14":{"loc":{"start":{"line":95,"column":10},"end":{"line":95,"column":46}},"type":"binary-expr","locations":[{"start":{"line":95,"column":10},"end":{"line":95,"column":20}},{"start":{"line":95,"column":24},"end":{"line":95,"column":46}}]},"15":{"loc":{"start":{"line":99,"column":6},"end":{"line":99,"column":85}},"type":"if","locations":[{"start":{"line":99,"column":6},"end":{"line":99,"column":85}}]},"16":{"loc":{"start":{"line":101,"column":6},"end":{"line":102,"column":86}},"type":"if","locations":[{"start":{"line":101,"column":6},"end":{"line":102,"column":86}}]},"17":{"loc":{"start":{"line":122,"column":31},"end":{"line":122,"column":73}},"type":"binary-expr","locations":[{"start":{"line":122,"column":31},"end":{"line":122,"column":51}},{"start":{"line":122,"column":55},"end":{"line":122,"column":73}}]},"18":{"loc":{"start":{"line":124,"column":6},"end":{"line":124,"column":90}},"type":"if","locations":[{"start":{"line":124,"column":6},"end":{"line":124,"column":90}}]},"19":{"loc":{"start":{"line":125,"column":6},"end":{"line":125,"column":93}},"type":"if","locations":[{"start":{"line":125,"column":6},"end":{"line":125,"column":93}}]},"20":{"loc":{"start":{"line":139,"column":6},"end":{"line":139,"column":90}},"type":"if","locations":[{"start":{"line":139,"column":6},"end":{"line":139,"column":90}}]},"21":{"loc":{"start":{"line":155,"column":6},"end":{"line":155,"column":90}},"type":"if","locations":[{"start":{"line":155,"column":6},"end":{"line":155,"column":90}}]},"22":{"loc":{"start":{"line":158,"column":6},"end":{"line":159,"column":72}},"type":"if","locations":[{"start":{"line":158,"column":6},"end":{"line":159,"column":72}}]},"23":{"loc":{"start":{"line":158,"column":10},"end":{"line":158,"column":57}},"type":"binary-expr","locations":[{"start":{"line":158,"column":10},"end":{"line":158,"column":15}},{"start":{"line":158,"column":19},"end":{"line":158,"column":30}},{"start":{"line":158,"column":34},"end":{"line":158,"column":57}}]},"24":{"loc":{"start":{"line":161,"column":6},"end":{"line":163,"column":7}},"type":"if","locations":[{"start":{"line":161,"column":6},"end":{"line":163,"column":7}}]},"25":{"loc":{"start":{"line":161,"column":10},"end":{"line":161,"column":67}},"type":"binary-expr","locations":[{"start":{"line":161,"column":10},"end":{"line":161,"column":25}},{"start":{"line":161,"column":29},"end":{"line":161,"column":67}}]},"26":{"loc":{"start":{"line":168,"column":8},"end":{"line":172,"column":9}},"type":"if","locations":[{"start":{"line":168,"column":8},"end":{"line":172,"column":9}}]},"27":{"loc":{"start":{"line":168,"column":12},"end":{"line":168,"column":53}},"type":"binary-expr","locations":[{"start":{"line":168,"column":12},"end":{"line":168,"column":20}},{"start":{"line":168,"column":24},"end":{"line":168,"column":53}}]}},"s":{"0":1,"1":1,"2":1,"3":1,"4":1,"5":1,"6":1,"7":17,"8":1,"9":1,"10":17,"11":1,"12":17,"13":17,"14":17,"15":17,"16":17,"17":17,"18":3,"19":3,"20":3,"21":1,"22":2,"23":2,"24":0,"25":0,"26":4,"27":4,"28":4,"29":4,"30":0,"31":4,"32":0,"33":4,"34":4,"35":1,"36":3,"37":1,"38":2,"39":1,"40":1,"41":1,"42":1,"43":1,"44":0,"45":0,"46":2,"47":2,"48":2,"49":2,"50":0,"51":2,"52":0,"53":2,"54":2,"55":0,"56":2,"57":1,"58":1,"59":1,"60":0,"61":0,"62":2,"63":2,"64":2,"65":2,"66":1,"67":1,"68":0,"69":1,"70":1,"71":0,"72":0,"73":2,"74":2,"75":2,"76":0,"77":2,"78":1,"79":1,"80":1,"81":4,"82":4,"83":4,"84":4,"85":0,"86":4,"87":4,"88":1,"89":3,"90":1,"91":2,"92":2,"93":2,"94":1,"95":1,"96":1,"97":0,"98":0,"99":1},"f":{"0":17,"1":17,"2":17,"3":3,"4":4,"5":2,"6":2,"7":2,"8":4},"b":{"0":[17,17],"1":[17,17],"2":[17,2,2,2],"3":[1],"4":[0],"5":[0],"6":[4,4,4],"7":[1],"8":[1],"9":[3,2],"10":[1],"11":[0,0],"12":[0],"13":[0],"14":[2,2],"15":[0],"16":[1],"17":[2,0],"18":[1],"19":[0],"20":[0],"21":[0],"22":[1],"23":[4,4,4],"24":[1],"25":[3,1],"26":[1],"27":[2,2]}}
,"D:\\Universidad\\Electiva_2\\Proyecto1-Plataforma-E-commerce\\src\\cart\\infraestructure\\middlewares\\cart.middleware.ts": {"path":"D:\\Universidad\\Electiva_2\\Proyecto1-Plataforma-E-commerce\\src\\cart\\infraestructure\\middlewares\\cart.middleware.ts","statementMap":{"0":{"start":{"line":3,"column":0},"end":{"line":3,"column":61}},"1":{"start":{"line":4,"column":0},"end":{"line":4,"column":70}},"2":{"start":{"line":5,"column":0},"end":{"line":5,"column":104}},"3":{"start":{"line":7,"column":0},"end":{"line":7,"column":31}},"4":{"start":{"line":9,"column":19},"end":{"line":9,"column":53}},"5":{"start":{"line":10,"column":27},"end":{"line":10,"column":51}},"6":{"start":{"line":11,"column":23},"end":{"line":11,"column":61}},"7":{"start":{"line":12,"column":20},"end":{"line":12,"column":51}},"8":{"start":{"line":23,"column":34},"end":{"line":47,"column":1}},"9":{"start":{"line":24,"column":21},"end":{"line":24,"column":46}},"10":{"start":{"line":25,"column":23},"end":{"line":25,"column":47}},"11":{"start":{"line":27,"column":2},"end":{"line":29,"column":3}},"12":{"start":{"line":28,"column":4},"end":{"line":28,"column":71}},"13":{"start":{"line":31,"column":2},"end":{"line":41,"column":3}},"14":{"start":{"line":32,"column":18},"end":{"line":32,"column":42}},"15":{"start":{"line":33,"column":4},"end":{"line":40,"column":5}},"16":{"start":{"line":34,"column":6},"end":{"line":34,"column":78}},"17":{"start":{"line":34,"column":18},"end":{"line":34,"column":78}},"18":{"start":{"line":35,"column":22},"end":{"line":35,"column":51}},"19":{"start":{"line":36,"column":6},"end":{"line":36,"column":25}},"20":{"start":{"line":37,"column":6},"end":{"line":37,"column":20}},"21":{"start":{"line":39,"column":6},"end":{"line":39,"column":76}},"22":{"start":{"line":43,"column":2},"end":{"line":46,"column":3}},"23":{"start":{"line":44,"column":4},"end":{"line":44,"column":44}},"24":{"start":{"line":45,"column":4},"end":{"line":45,"column":18}},"25":{"start":{"line":23,"column":13},"end":{"line":23,"column":34}},"26":{"start":{"line":53,"column":32},"end":{"line":73,"column":1}},"27":{"start":{"line":54,"column":2},"end":{"line":72,"column":3}},"28":{"start":{"line":55,"column":19},"end":{"line":55,"column":67}},"29":{"start":{"line":56,"column":4},"end":{"line":56,"column":84}},"30":{"start":{"line":56,"column":17},"end":{"line":56,"column":84}},"31":{"start":{"line":58,"column":17},"end":{"line":58,"column":50}},"32":{"start":{"line":59,"column":4},"end":{"line":59,"column":81}},"33":{"start":{"line":59,"column":15},"end":{"line":59,"column":81}},"34":{"start":{"line":63,"column":16},"end":{"line":63,"column":26}},"35":{"start":{"line":64,"column":4},"end":{"line":66,"column":5}},"36":{"start":{"line":65,"column":6},"end":{"line":65,"column":89}},"37":{"start":{"line":68,"column":4},"end":{"line":68,"column":20}},"38":{"start":{"line":69,"column":4},"end":{"line":69,"column":11}},"39":{"start":{"line":71,"column":4},"end":{"line":71,"column":87}},"40":{"start":{"line":53,"column":13},"end":{"line":53,"column":32}},"41":{"start":{"line":76,"column":33},"end":{"line":96,"column":1}},"42":{"start":{"line":77,"column":2},"end":{"line":95,"column":3}},"43":{"start":{"line":78,"column":36},"end":{"line":78,"column":44}},"44":{"start":{"line":79,"column":4},"end":{"line":81,"column":5}},"45":{"start":{"line":80,"column":6},"end":{"line":80,"column":86}},"46":{"start":{"line":83,"column":20},"end":{"line":83,"column":72}},"47":{"start":{"line":84,"column":4},"end":{"line":84,"column":85}},"48":{"start":{"line":84,"column":18},"end":{"line":84,"column":85}},"49":{"start":{"line":86,"column":4},"end":{"line":88,"column":5}},"50":{"start":{"line":87,"column":6},"end":{"line":87,"column":86}},"51":{"start":{"line":91,"column":4},"end":{"line":91,"column":26}},"52":{"start":{"line":92,"column":4},"end":{"line":92,"column":11}},"53":{"start":{"line":94,"column":4},"end":{"line":94,"column":98}},"54":{"start":{"line":76,"column":13},"end":{"line":76,"column":33}},"55":{"start":{"line":99,"column":32},"end":{"line":108,"column":1}},"56":{"start":{"line":100,"column":34},"end":{"line":100,"column":42}},"57":{"start":{"line":101,"column":2},"end":{"line":103,"column":3}},"58":{"start":{"line":102,"column":4},"end":{"line":102,"column":84}},"59":{"start":{"line":104,"column":2},"end":{"line":106,"column":3}},"60":{"start":{"line":105,"column":4},"end":{"line":105,"column":85}},"61":{"start":{"line":107,"column":2},"end":{"line":107,"column":9}},"62":{"start":{"line":99,"column":13},"end":{"line":99,"column":32}},"63":{"start":{"line":110,"column":42},"end":{"line":115,"column":1}},"64":{"start":{"line":111,"column":2},"end":{"line":113,"column":3}},"65":{"start":{"line":112,"column":4},"end":{"line":112,"column":70}},"66":{"start":{"line":114,"column":2},"end":{"line":114,"column":9}},"67":{"start":{"line":110,"column":13},"end":{"line":110,"column":42}},"68":{"start":{"line":117,"column":31},"end":{"line":135,"column":1}},"69":{"start":{"line":118,"column":15},"end":{"line":118,"column":23}},"70":{"start":{"line":119,"column":14},"end":{"line":119,"column":24}},"71":{"start":{"line":121,"column":2},"end":{"line":131,"column":3}},"72":{"start":{"line":122,"column":4},"end":{"line":130,"column":5}},"73":{"start":{"line":124,"column":22},"end":{"line":124,"column":72}},"74":{"start":{"line":125,"column":6},"end":{"line":129,"column":7}},"75":{"start":{"line":126,"column":8},"end":{"line":126,"column":35}},"76":{"start":{"line":127,"column":8},"end":{"line":127,"column":51}},"77":{"start":{"line":128,"column":8},"end":{"line":128,"column":76}},"78":{"start":{"line":133,"column":2},"end":{"line":133,"column":35}},"79":{"start":{"line":134,"column":2},"end":{"line":134,"column":9}},"80":{"start":{"line":117,"column":13},"end":{"line":117,"column":31}}},"fnMap":{"0":{"name":"(anonymous_1)","decl":{"start":{"line":23,"column":34},"end":{"line":23,"column":35}},"loc":{"start":{"line":23,"column":90},"end":{"line":47,"column":1}}},"1":{"name":"(anonymous_2)","decl":{"start":{"line":53,"column":32},"end":{"line":53,"column":37}},"loc":{"start":{"line":53,"column":94},"end":{"line":73,"column":1}}},"2":{"name":"(anonymous_3)","decl":{"start":{"line":76,"column":33},"end":{"line":76,"column":38}},"loc":{"start":{"line":76,"column":95},"end":{"line":96,"column":1}}},"3":{"name":"(anonymous_4)","decl":{"start":{"line":99,"column":32},"end":{"line":99,"column":33}},"loc":{"start":{"line":99,"column":84},"end":{"line":108,"column":1}}},"4":{"name":"(anonymous_5)","decl":{"start":{"line":110,"column":42},"end":{"line":110,"column":43}},"loc":{"start":{"line":110,"column":98},"end":{"line":115,"column":1}}},"5":{"name":"(anonymous_6)","decl":{"start":{"line":117,"column":31},"end":{"line":117,"column":36}},"loc":{"start":{"line":117,"column":93},"end":{"line":135,"column":1}}}},"branchMap":{"0":{"loc":{"start":{"line":9,"column":19},"end":{"line":9,"column":53}},"type":"binary-expr","locations":[{"start":{"line":9,"column":19},"end":{"line":9,"column":41}},{"start":{"line":9,"column":45},"end":{"line":9,"column":53}}]},"1":{"loc":{"start":{"line":27,"column":2},"end":{"line":29,"column":3}},"type":"if","locations":[{"start":{"line":27,"column":2},"end":{"line":29,"column":3}}]},"2":{"loc":{"start":{"line":27,"column":6},"end":{"line":27,"column":34}},"type":"binary-expr","locations":[{"start":{"line":27,"column":6},"end":{"line":27,"column":17}},{"start":{"line":27,"column":21},"end":{"line":27,"column":34}}]},"3":{"loc":{"start":{"line":31,"column":2},"end":{"line":41,"column":3}},"type":"if","locations":[{"start":{"line":31,"column":2},"end":{"line":41,"column":3}}]},"4":{"loc":{"start":{"line":34,"column":6},"end":{"line":34,"column":78}},"type":"if","locations":[{"start":{"line":34,"column":6},"end":{"line":34,"column":78}}]},"5":{"loc":{"start":{"line":43,"column":2},"end":{"line":46,"column":3}},"type":"if","locations":[{"start":{"line":43,"column":2},"end":{"line":46,"column":3}}]},"6":{"loc":{"start":{"line":55,"column":26},"end":{"line":55,"column":66}},"type":"binary-expr","locations":[{"start":{"line":55,"column":26},"end":{"line":55,"column":38}},{"start":{"line":55,"column":42},"end":{"line":55,"column":66}}]},"7":{"loc":{"start":{"line":56,"column":4},"end":{"line":56,"column":84}},"type":"if","locations":[{"start":{"line":56,"column":4},"end":{"line":56,"column":84}}]},"8":{"loc":{"start":{"line":59,"column":4},"end":{"line":59,"column":81}},"type":"if","locations":[{"start":{"line":59,"column":4},"end":{"line":59,"column":81}}]},"9":{"loc":{"start":{"line":64,"column":4},"end":{"line":66,"column":5}},"type":"if","locations":[{"start":{"line":64,"column":4},"end":{"line":66,"column":5}}]},"10":{"loc":{"start":{"line":64,"column":8},"end":{"line":64,"column":58}},"type":"binary-expr","locations":[{"start":{"line":64,"column":8},"end":{"line":64,"column":23}},{"start":{"line":64,"column":27},"end":{"line":64,"column":58}}]},"11":{"loc":{"start":{"line":71,"column":36},"end":{"line":71,"column":83}},"type":"binary-expr","locations":[{"start":{"line":71,"column":36},"end":{"line":71,"column":49}},{"start":{"line":71,"column":53},"end":{"line":71,"column":83}}]},"12":{"loc":{"start":{"line":79,"column":4},"end":{"line":81,"column":5}},"type":"if","locations":[{"start":{"line":79,"column":4},"end":{"line":81,"column":5}}]},"13":{"loc":{"start":{"line":79,"column":8},"end":{"line":79,"column":31}},"type":"binary-expr","locations":[{"start":{"line":79,"column":8},"end":{"line":79,"column":18}},{"start":{"line":79,"column":22},"end":{"line":79,"column":31}}]},"14":{"loc":{"start":{"line":84,"column":4},"end":{"line":84,"column":85}},"type":"if","locations":[{"start":{"line":84,"column":4},"end":{"line":84,"column":85}}]},"15":{"loc":{"start":{"line":86,"column":4},"end":{"line":88,"column":5}},"type":"if","locations":[{"start":{"line":86,"column":4},"end":{"line":88,"column":5}}]},"16":{"loc":{"start":{"line":94,"column":36},"end":{"line":94,"column":94}},"type":"binary-expr","locations":[{"start":{"line":94,"column":36},"end":{"line":94,"column":49}},{"start":{"line":94,"column":53},"end":{"line":94,"column":94}}]},"17":{"loc":{"start":{"line":101,"column":2},"end":{"line":103,"column":3}},"type":"if","locations":[{"start":{"line":101,"column":2},"end":{"line":103,"column":3}}]},"18":{"loc":{"start":{"line":101,"column":6},"end":{"line":101,"column":49}},"type":"binary-expr","locations":[{"start":{"line":101,"column":6},"end":{"line":101,"column":16}},{"start":{"line":101,"column":20},"end":{"line":101,"column":49}}]},"19":{"loc":{"start":{"line":104,"column":2},"end":{"line":106,"column":3}},"type":"if","locations":[{"start":{"line":104,"column":2},"end":{"line":106,"column":3}}]},"20":{"loc":{"start":{"line":104,"column":6},"end":{"line":104,"column":64}},"type":"binary-expr","locations":[{"start":{"line":104,"column":6},"end":{"line":104,"column":15}},{"start":{"line":104,"column":19},"end":{"line":104,"column":47}},{"start":{"line":104,"column":51},"end":{"line":104,"column":64}}]},"21":{"loc":{"start":{"line":111,"column":2},"end":{"line":113,"column":3}},"type":"if","locations":[{"start":{"line":111,"column":2},"end":{"line":113,"column":3}}]},"22":{"loc":{"start":{"line":111,"column":6},"end":{"line":111,"column":46}},"type":"binary-expr","locations":[{"start":{"line":111,"column":6},"end":{"line":111,"column":15}},{"start":{"line":111,"column":19},"end":{"line":111,"column":46}}]},"23":{"loc":{"start":{"line":122,"column":4},"end":{"line":130,"column":5}},"type":"if","locations":[{"start":{"line":122,"column":4},"end":{"line":130,"column":5}}]},"24":{"loc":{"start":{"line":122,"column":8},"end":{"line":122,"column":74}},"type":"binary-expr","locations":[{"start":{"line":122,"column":8},"end":{"line":122,"column":31}},{"start":{"line":122,"column":35},"end":{"line":122,"column":74}}]},"25":{"loc":{"start":{"line":125,"column":6},"end":{"line":129,"column":7}},"type":"if","locations":[{"start":{"line":125,"column":6},"end":{"line":129,"column":7}}]}},"s":{"0":0,"1":0,"2":0,"3":0,"4":0,"5":0,"6":0,"7":0,"8":0,"9":0,"10":0,"11":0,"12":0,"13":0,"14":0,"15":0,"16":0,"17":0,"18":0,"19":0,"20":0,"21":0,"22":0,"23":0,"24":0,"25":0,"26":0,"27":0,"28":0,"29":0,"30":0,"31":0,"32":0,"33":0,"34":0,"35":0,"36":0,"37":0,"38":0,"39":0,"40":0,"41":0,"42":0,"43":0,"44":0,"45":0,"46":0,"47":0,"48":0,"49":0,"50":0,"51":0,"52":0,"53":0,"54":0,"55":0,"56":0,"57":0,"58":0,"59":0,"60":0,"61":0,"62":0,"63":0,"64":0,"65":0,"66":0,"67":0,"68":0,"69":0,"70":0,"71":0,"72":0,"73":0,"74":0,"75":0,"76":0,"77":0,"78":0,"79":0,"80":0},"f":{"0":0,"1":0,"2":0,"3":0,"4":0,"5":0},"b":{"0":[0,0],"1":[0],"2":[0,0],"3":[0],"4":[0],"5":[0],"6":[0,0],"7":[0],"8":[0],"9":[0],"10":[0,0],"11":[0,0],"12":[0],"13":[0,0],"14":[0],"15":[0],"16":[0,0],"17":[0],"18":[0,0],"19":[0],"20":[0,0,0],"21":[0],"22":[0,0],"23":[0],"24":[0,0],"25":[0]}}
,"D:\\Universidad\\Electiva_2\\Proyecto1-Plataforma-E-commerce\\src\\cart\\infraestructure\\repositories\\cart.repository.msql.ts": {"path":"D:\\Universidad\\Electiva_2\\Proyecto1-Plataforma-E-commerce\\src\\cart\\infraestructure\\repositories\\cart.repository.msql.ts","statementMap":{"0":{"start":{"line":1,"column":0},"end":{"line":1,"column":36}},"1":{"start":{"line":8,"column":22},"end":{"line":8,"column":61}},"2":{"start":{"line":12,"column":24},"end":{"line":12,"column":90}},"3":{"start":{"line":13,"column":4},"end":{"line":13,"column":27}},"4":{"start":{"line":18,"column":20},"end":{"line":18,"column":57}},"5":{"start":{"line":19,"column":4},"end":{"line":19,"column":60}},"6":{"start":{"line":19,"column":18},"end":{"line":19,"column":60}},"7":{"start":{"line":20,"column":4},"end":{"line":20,"column":76}},"8":{"start":{"line":20,"column":39},"end":{"line":20,"column":76}},"9":{"start":{"line":21,"column":4},"end":{"line":21,"column":85}},"10":{"start":{"line":21,"column":43},"end":{"line":21,"column":85}},"11":{"start":{"line":22,"column":4},"end":{"line":22,"column":77}},"12":{"start":{"line":22,"column":28},"end":{"line":22,"column":77}},"13":{"start":{"line":23,"column":4},"end":{"line":23,"column":19}},"14":{"start":{"line":27,"column":4},"end":{"line":27,"column":96}},"15":{"start":{"line":31,"column":26},"end":{"line":40,"column":null}},"16":{"start":{"line":42,"column":4},"end":{"line":42,"column":27}},"17":{"start":{"line":46,"column":4},"end":{"line":51,"column":6}},"18":{"start":{"line":56,"column":2},"end":{"line":56,"column":79}},"19":{"start":{"line":61,"column":24},"end":{"line":61,"column":86}},"20":{"start":{"line":62,"column":4},"end":{"line":62,"column":27}},"21":{"start":{"line":67,"column":20},"end":{"line":67,"column":69}},"22":{"start":{"line":69,"column":21},"end":{"line":69,"column":37}},"23":{"start":{"line":71,"column":4},"end":{"line":76,"column":6}},"24":{"start":{"line":80,"column":4},"end":{"line":80,"column":103}},"25":{"start":{"line":84,"column":4},"end":{"line":84,"column":73}},"26":{"start":{"line":88,"column":23},"end":{"line":90,"column":null}},"27":{"start":{"line":93,"column":4},"end":{"line":93,"column":56}},"28":{"start":{"line":93,"column":44},"end":{"line":93,"column":56}},"29":{"start":{"line":95,"column":20},"end":{"line":95,"column":48}},"30":{"start":{"line":97,"column":24},"end":{"line":102,"column":null}},"31":{"start":{"line":105,"column":30},"end":{"line":115,"column":7}},"32":{"start":{"line":105,"column":54},"end":{"line":115,"column":6}},"33":{"start":{"line":117,"column":4},"end":{"line":126,"column":6}},"34":{"start":{"line":131,"column":4},"end":{"line":147,"column":5}},"35":{"start":{"line":133,"column":28},"end":{"line":136,"column":null}},"36":{"start":{"line":138,"column":6},"end":{"line":138,"column":32}},"37":{"start":{"line":141,"column":6},"end":{"line":146,"column":8}},"38":{"start":{"line":150,"column":4},"end":{"line":150,"column":74}},"39":{"start":{"line":153,"column":4},"end":{"line":159,"column":5}},"40":{"start":{"line":154,"column":6},"end":{"line":158,"column":8}},"41":{"start":{"line":161,"column":4},"end":{"line":161,"column":16}},"42":{"start":{"line":165,"column":24},"end":{"line":165,"column":90}},"43":{"start":{"line":166,"column":4},"end":{"line":170,"column":5}},"44":{"start":{"line":167,"column":21},"end":{"line":167,"column":31}},"45":{"start":{"line":168,"column":6},"end":{"line":168,"column":75}},"46":{"start":{"line":169,"column":6},"end":{"line":169,"column":65}},"47":{"start":{"line":174,"column":4},"end":{"line":174,"column":101}},"48":{"start":{"line":178,"column":4},"end":{"line":178,"column":73}},"49":{"start":{"line":179,"column":4},"end":{"line":179,"column":63}},"50":{"start":{"line":7,"column":0},"end":{"line":7,"column":13}}},"fnMap":{"0":{"name":"(anonymous_1)","decl":{"start":{"line":8,"column":2},"end":{"line":8,"column":22}},"loc":{"start":{"line":8,"column":61},"end":{"line":8,"column":65}}},"1":{"name":"(anonymous_2)","decl":{"start":{"line":11,"column":2},"end":{"line":11,"column":7}},"loc":{"start":{"line":11,"column":41},"end":{"line":14,"column":3}}},"2":{"name":"(anonymous_3)","decl":{"start":{"line":17,"column":2},"end":{"line":17,"column":7}},"loc":{"start":{"line":17,"column":53},"end":{"line":24,"column":3}}},"3":{"name":"(anonymous_4)","decl":{"start":{"line":26,"column":2},"end":{"line":26,"column":7}},"loc":{"start":{"line":26,"column":64},"end":{"line":28,"column":3}}},"4":{"name":"(anonymous_5)","decl":{"start":{"line":30,"column":2},"end":{"line":30,"column":7}},"loc":{"start":{"line":30,"column":34},"end":{"line":43,"column":3}}},"5":{"name":"(anonymous_6)","decl":{"start":{"line":45,"column":2},"end":{"line":45,"column":7}},"loc":{"start":{"line":45,"column":33},"end":{"line":52,"column":3}}},"6":{"name":"(anonymous_7)","decl":{"start":{"line":55,"column":1},"end":{"line":55,"column":6}},"loc":{"start":{"line":55,"column":42},"end":{"line":57,"column":1}}},"7":{"name":"(anonymous_8)","decl":{"start":{"line":60,"column":2},"end":{"line":60,"column":7}},"loc":{"start":{"line":60,"column":37},"end":{"line":63,"column":3}}},"8":{"name":"(anonymous_9)","decl":{"start":{"line":66,"column":2},"end":{"line":66,"column":7}},"loc":{"start":{"line":66,"column":85},"end":{"line":77,"column":3}}},"9":{"name":"(anonymous_10)","decl":{"start":{"line":79,"column":2},"end":{"line":79,"column":7}},"loc":{"start":{"line":79,"column":52},"end":{"line":81,"column":3}}},"10":{"name":"(anonymous_11)","decl":{"start":{"line":83,"column":2},"end":{"line":83,"column":7}},"loc":{"start":{"line":83,"column":33},"end":{"line":85,"column":3}}},"11":{"name":"(anonymous_12)","decl":{"start":{"line":87,"column":2},"end":{"line":87,"column":7}},"loc":{"start":{"line":87,"column":33},"end":{"line":127,"column":3}}},"12":{"name":"(anonymous_13)","decl":{"start":{"line":105,"column":44},"end":{"line":105,"column":45}},"loc":{"start":{"line":105,"column":54},"end":{"line":115,"column":6}}},"13":{"name":"(anonymous_14)","decl":{"start":{"line":130,"column":2},"end":{"line":130,"column":7}},"loc":{"start":{"line":130,"column":23},"end":{"line":162,"column":3}}},"14":{"name":"(anonymous_15)","decl":{"start":{"line":164,"column":2},"end":{"line":164,"column":7}},"loc":{"start":{"line":164,"column":33},"end":{"line":171,"column":3}}},"15":{"name":"(anonymous_16)","decl":{"start":{"line":173,"column":2},"end":{"line":173,"column":7}},"loc":{"start":{"line":173,"column":51},"end":{"line":175,"column":3}}},"16":{"name":"(anonymous_17)","decl":{"start":{"line":177,"column":2},"end":{"line":177,"column":7}},"loc":{"start":{"line":177,"column":29},"end":{"line":180,"column":3}}}},"branchMap":{"0":{"loc":{"start":{"line":13,"column":11},"end":{"line":13,"column":26}},"type":"binary-expr","locations":[{"start":{"line":13,"column":11},"end":{"line":13,"column":18}},{"start":{"line":13,"column":22},"end":{"line":13,"column":26}}]},"1":{"loc":{"start":{"line":19,"column":4},"end":{"line":19,"column":60}},"type":"if","locations":[{"start":{"line":19,"column":4},"end":{"line":19,"column":60}}]},"2":{"loc":{"start":{"line":20,"column":4},"end":{"line":20,"column":76}},"type":"if","locations":[{"start":{"line":20,"column":4},"end":{"line":20,"column":76}}]},"3":{"loc":{"start":{"line":21,"column":4},"end":{"line":21,"column":85}},"type":"if","locations":[{"start":{"line":21,"column":4},"end":{"line":21,"column":85}}]},"4":{"loc":{"start":{"line":22,"column":4},"end":{"line":22,"column":77}},"type":"if","locations":[{"start":{"line":22,"column":4},"end":{"line":22,"column":77}}]},"5":{"loc":{"start":{"line":62,"column":11},"end":{"line":62,"column":26}},"type":"binary-expr","locations":[{"start":{"line":62,"column":11},"end":{"line":62,"column":18}},{"start":{"line":62,"column":22},"end":{"line":62,"column":26}}]},"6":{"loc":{"start":{"line":93,"column":4},"end":{"line":93,"column":56}},"type":"if","locations":[{"start":{"line":93,"column":4},"end":{"line":93,"column":56}}]},"7":{"loc":{"start":{"line":93,"column":8},"end":{"line":93,"column":42}},"type":"binary-expr","locations":[{"start":{"line":93,"column":8},"end":{"line":93,"column":17}},{"start":{"line":93,"column":21},"end":{"line":93,"column":42}}]},"8":{"loc":{"start":{"line":131,"column":4},"end":{"line":147,"column":5}},"type":"if","locations":[{"start":{"line":131,"column":4},"end":{"line":147,"column":5}},{"start":{"line":139,"column":11},"end":{"line":147,"column":5}}]},"9":{"loc":{"start":{"line":166,"column":4},"end":{"line":170,"column":5}},"type":"if","locations":[{"start":{"line":166,"column":4},"end":{"line":170,"column":5}}]}},"s":{"0":1,"1":1,"2":0,"3":0,"4":0,"5":0,"6":0,"7":0,"8":0,"9":0,"10":0,"11":0,"12":0,"13":0,"14":0,"15":0,"16":0,"17":0,"18":0,"19":0,"20":0,"21":0,"22":0,"23":0,"24":0,"25":0,"26":0,"27":0,"28":0,"29":0,"30":0,"31":0,"32":0,"33":0,"34":0,"35":0,"36":0,"37":0,"38":0,"39":0,"40":0,"41":0,"42":0,"43":0,"44":0,"45":0,"46":0,"47":0,"48":0,"49":0,"50":1},"f":{"0":1,"1":0,"2":0,"3":0,"4":0,"5":0,"6":0,"7":0,"8":0,"9":0,"10":0,"11":0,"12":0,"13":0,"14":0,"15":0,"16":0},"b":{"0":[0,0],"1":[0],"2":[0],"3":[0],"4":[0],"5":[0,0],"6":[0],"7":[0,0],"8":[0,0],"9":[0]}}
,"D:\\Universidad\\Electiva_2\\Proyecto1-Plataforma-E-commerce\\src\\cart\\routes\\cart.route.ts": {"path":"D:\\Universidad\\Electiva_2\\Proyecto1-Plataforma-E-commerce\\src\\cart\\routes\\cart.route.ts","statementMap":{"0":{"start":{"line":1,"column":0},"end":{"line":1,"column":33}},"1":{"start":{"line":2,"column":0},"end":{"line":2,"column":80}},"2":{"start":{"line":3,"column":0},"end":{"line":3,"column":null}},"3":{"start":{"line":9,"column":0},"end":{"line":9,"column":92}},"4":{"start":{"line":10,"column":0},"end":{"line":10,"column":100}},"5":{"start":{"line":11,"column":15},"end":{"line":11,"column":23}},"6":{"start":{"line":12,"column":19},"end":{"line":12,"column":39}},"7":{"start":{"line":15,"column":0},"end":{"line":15,"column":49}},"8":{"start":{"line":18,"column":0},"end":{"line":18,"column":58}},"9":{"start":{"line":21,"column":0},"end":{"line":21,"column":101}},"10":{"start":{"line":22,"column":0},"end":{"line":22,"column":101}},"11":{"start":{"line":24,"column":0},"end":{"line":24,"column":80}},"12":{"start":{"line":26,"column":0},"end":{"line":26,"column":68}},"13":{"start":{"line":28,"column":0},"end":{"line":28,"column":87}},"14":{"start":{"line":30,"column":0},"end":{"line":30,"column":22}}},"fnMap":{},"branchMap":{},"s":{"0":0,"1":0,"2":0,"3":0,"4":0,"5":0,"6":0,"7":0,"8":0,"9":0,"10":0,"11":0,"12":0,"13":0,"14":0},"f":{},"b":{}}
}
