TN:
SF:src\cart\application\cart.service.ts
FN:6,(anonymous_0)
FN:9,(anonymous_1)
FN:59,(anonymous_2)
FN:79,(anonymous_3)
FN:84,(anonymous_4)
FN:101,(anonymous_5)
FN:108,(anonymous_6)
FN:119,(anonymous_7)
FN:131,(anonymous_8)
FNF:9
FNH:0
FNDA:0,(anonymous_0)
FNDA:0,(anonymous_1)
FNDA:0,(anonymous_2)
FNDA:0,(anonymous_3)
FNDA:0,(anonymous_4)
FNDA:0,(anonymous_5)
FNDA:0,(anonymous_6)
FNDA:0,(anonymous_7)
FNDA:0,(anonymous_8)
DA:3,1
DA:5,1
DA:6,0
DA:10,0
DA:12,0
DA:14,0
DA:15,0
DA:17,0
DA:20,0
DA:23,0
DA:34,0
DA:35,0
DA:36,0
DA:39,0
DA:43,0
DA:54,0
DA:55,0
DA:64,0
DA:65,0
DA:68,0
DA:71,0
DA:74,0
DA:75,0
DA:80,0
DA:90,0
DA:91,0
DA:93,0
DA:94,0
DA:96,0
DA:97,0
DA:102,0
DA:103,0
DA:105,0
DA:106,0
DA:108,0
DA:109,0
DA:111,0
DA:112,0
DA:114,0
DA:115,0
DA:120,0
DA:121,0
DA:123,0
DA:124,0
DA:126,0
DA:127,0
DA:136,0
DA:137,0
DA:139,0
DA:141,0
DA:142,0
DA:146,0
DA:147,0
DA:148,0
DA:149,0
DA:150,0
DA:154,0
DA:165,0
DA:166,0
DA:174,0
DA:175,0
DA:178,0
DA:179,0
LF:63
LH:2
BRDA:12,0,0,0
BRDA:14,1,0,0
BRDA:14,2,0,0
BRDA:14,2,1,0
BRDA:105,3,0,0
BRDA:105,4,0,0
BRDA:105,4,1,0
BRDA:109,5,0,0
BRDA:123,6,0,0
BRDA:123,7,0,0
BRDA:123,7,1,0
BRDA:141,8,0,0
BRDA:148,9,0,0
BRDA:149,10,0,0
BRF:14
BRH:0
end_of_record
TN:
SF:src\cart\domain\cart.operations.ts
FN:4,(anonymous_0)
FN:7,(anonymous_1)
FN:11,(anonymous_2)
FN:41,(anonymous_3)
FN:42,(anonymous_4)
FN:54,(anonymous_5)
FN:55,(anonymous_6)
FN:60,(anonymous_7)
FN:67,(anonymous_8)
FN:76,(anonymous_9)
FN:78,(anonymous_10)
FNF:11
FNH:0
FNDA:0,(anonymous_0)
FNDA:0,(anonymous_1)
FNDA:0,(anonymous_2)
FNDA:0,(anonymous_3)
FNDA:0,(anonymous_4)
FNDA:0,(anonymous_5)
FNDA:0,(anonymous_6)
FNDA:0,(anonymous_7)
FNDA:0,(anonymous_8)
FNDA:0,(anonymous_9)
FNDA:0,(anonymous_10)
DA:3,1
DA:4,0
DA:11,0
DA:12,0
DA:14,0
DA:15,0
DA:16,0
DA:17,0
DA:19,0
DA:20,0
DA:21,0
DA:23,0
DA:24,0
DA:27,0
DA:34,0
DA:37,0
DA:42,0
DA:43,0
DA:44,0
DA:45,0
DA:47,0
DA:48,0
DA:49,0
DA:50,0
DA:55,0
DA:56,0
DA:61,0
DA:62,0
DA:63,0
DA:68,0
DA:69,0
DA:70,0
DA:71,0
DA:77,0
DA:78,0
DA:81,0
DA:83,0
LF:37
LH:1
BRDA:14,0,0,0
BRDA:14,0,1,0
BRDA:16,1,0,0
BRDA:23,2,0,0
BRDA:43,3,0,0
BRDA:44,4,0,0
BRDA:45,5,0,0
BRDA:69,6,0,0
BRDA:69,7,0,0
BRDA:69,7,1,0
BRDA:78,8,0,0
BRDA:78,8,1,0
BRF:12
BRH:0
end_of_record
TN:
SF:src\cart\infraestructure\controllers\cart.controller.ts
FN:10,(anonymous_0)
FN:11,(anonymous_1)
FN:15,(anonymous_2)
FN:26,(anonymous_3)
FN:40,(anonymous_4)
FN:89,(anonymous_5)
FN:119,(anonymous_6)
FN:136,(anonymous_7)
FN:150,(anonymous_8)
FNF:9
FNH:9
FNDA:17,(anonymous_0)
FNDA:17,(anonymous_1)
FNDA:17,(anonymous_2)
FNDA:3,(anonymous_3)
FNDA:4,(anonymous_4)
FNDA:2,(anonymous_5)
FNDA:2,(anonymous_6)
FNDA:2,(anonymous_7)
FNDA:4,(anonymous_8)
DA:2,1
DA:3,1
DA:4,1
DA:6,1
DA:7,1
DA:8,1
DA:10,17
DA:11,17
DA:13,1
DA:16,17
DA:17,17
DA:18,17
DA:19,17
DA:21,17
DA:22,17
DA:27,3
DA:28,3
DA:29,3
DA:31,2
DA:32,2
DA:34,0
DA:35,0
DA:41,4
DA:42,4
DA:43,4
DA:45,4
DA:46,4
DA:47,0
DA:50,4
DA:51,4
DA:54,3
DA:55,1
DA:58,2
DA:59,1
DA:63,1
DA:66,1
DA:76,1
DA:78,1
DA:83,0
DA:84,0
DA:90,2
DA:91,2
DA:92,2
DA:94,2
DA:95,2
DA:96,0
DA:98,2
DA:99,2
DA:101,2
DA:102,1
DA:104,1
DA:111,1
DA:113,0
DA:114,0
DA:120,2
DA:121,2
DA:122,2
DA:124,2
DA:125,1
DA:127,1
DA:128,1
DA:130,0
DA:131,0
DA:137,2
DA:138,2
DA:139,2
DA:141,2
DA:142,1
DA:144,1
DA:145,1
DA:151,4
DA:152,4
DA:153,4
DA:155,4
DA:157,4
DA:158,4
DA:159,1
DA:161,3
DA:162,1
DA:166,2
DA:167,2
DA:168,2
DA:169,1
DA:175,1
DA:183,1
DA:185,0
DA:186,0
LF:87
LH:75
BRDA:17,0,0,17
BRDA:17,0,1,17
BRDA:18,1,0,17
BRDA:18,1,1,17
BRDA:21,2,0,17
BRDA:21,2,1,2
BRDA:21,2,2,2
BRDA:21,2,3,2
BRDA:29,3,0,1
BRDA:45,4,0,0
BRDA:46,5,0,0
BRDA:46,6,0,4
BRDA:46,6,1,4
BRDA:46,6,2,4
BRDA:51,7,0,1
BRDA:54,8,0,1
BRDA:54,9,0,3
BRDA:54,9,1,2
BRDA:58,10,0,1
BRDA:84,11,0,0
BRDA:84,11,1,0
BRDA:94,12,0,0
BRDA:95,13,0,0
BRDA:95,14,0,2
BRDA:95,14,1,2
BRDA:99,15,0,0
BRDA:101,16,0,1
BRDA:122,17,0,2
BRDA:122,17,1,0
BRDA:124,18,0,1
BRDA:125,19,0,0
BRDA:139,20,0,0
BRDA:155,21,0,0
BRDA:158,22,0,1
BRDA:158,23,0,4
BRDA:158,23,1,4
BRDA:158,23,2,4
BRDA:161,24,0,1
BRDA:161,25,0,3
BRDA:161,25,1,1
BRDA:168,26,0,1
BRDA:168,27,0,2
BRDA:168,27,1,2
BRF:43
BRH:32
end_of_record
TN:
SF:src\cart\infraestructure\middlewares\cart.middleware.ts
FN:23,(anonymous_1)
FN:53,(anonymous_2)
FN:76,(anonymous_3)
FN:99,(anonymous_4)
FN:110,(anonymous_5)
FN:117,(anonymous_6)
FNF:6
FNH:0
FNDA:0,(anonymous_1)
FNDA:0,(anonymous_2)
FNDA:0,(anonymous_3)
FNDA:0,(anonymous_4)
FNDA:0,(anonymous_5)
FNDA:0,(anonymous_6)
DA:3,0
DA:4,0
DA:5,0
DA:7,0
DA:9,0
DA:10,0
DA:11,0
DA:12,0
DA:23,0
DA:24,0
DA:25,0
DA:27,0
DA:28,0
DA:31,0
DA:32,0
DA:33,0
DA:34,0
DA:35,0
DA:36,0
DA:37,0
DA:39,0
DA:43,0
DA:44,0
DA:45,0
DA:53,0
DA:54,0
DA:55,0
DA:56,0
DA:58,0
DA:59,0
DA:63,0
DA:64,0
DA:65,0
DA:68,0
DA:69,0
DA:71,0
DA:76,0
DA:77,0
DA:78,0
DA:79,0
DA:80,0
DA:83,0
DA:84,0
DA:86,0
DA:87,0
DA:91,0
DA:92,0
DA:94,0
DA:99,0
DA:100,0
DA:101,0
DA:102,0
DA:104,0
DA:105,0
DA:107,0
DA:110,0
DA:111,0
DA:112,0
DA:114,0
DA:117,0
DA:118,0
DA:119,0
DA:121,0
DA:122,0
DA:124,0
DA:125,0
DA:126,0
DA:127,0
DA:128,0
DA:133,0
DA:134,0
LF:71
LH:0
BRDA:9,0,0,0
BRDA:9,0,1,0
BRDA:27,1,0,0
BRDA:27,2,0,0
BRDA:27,2,1,0
BRDA:31,3,0,0
BRDA:34,4,0,0
BRDA:43,5,0,0
BRDA:55,6,0,0
BRDA:55,6,1,0
BRDA:56,7,0,0
BRDA:59,8,0,0
BRDA:64,9,0,0
BRDA:64,10,0,0
BRDA:64,10,1,0
BRDA:71,11,0,0
BRDA:71,11,1,0
BRDA:79,12,0,0
BRDA:79,13,0,0
BRDA:79,13,1,0
BRDA:84,14,0,0
BRDA:86,15,0,0
BRDA:94,16,0,0
BRDA:94,16,1,0
BRDA:101,17,0,0
BRDA:101,18,0,0
BRDA:101,18,1,0
BRDA:104,19,0,0
BRDA:104,20,0,0
BRDA:104,20,1,0
BRDA:104,20,2,0
BRDA:111,21,0,0
BRDA:111,22,0,0
BRDA:111,22,1,0
BRDA:122,23,0,0
BRDA:122,24,0,0
BRDA:122,24,1,0
BRDA:125,25,0,0
BRF:38
BRH:0
end_of_record
TN:
SF:src\cart\infraestructure\repositories\cart.repository.msql.ts
FN:8,(anonymous_1)
FN:11,(anonymous_2)
FN:17,(anonymous_3)
FN:26,(anonymous_4)
FN:30,(anonymous_5)
FN:45,(anonymous_6)
FN:55,(anonymous_7)
FN:60,(anonymous_8)
FN:66,(anonymous_9)
FN:79,(anonymous_10)
FN:83,(anonymous_11)
FN:87,(anonymous_12)
FN:105,(anonymous_13)
FN:130,(anonymous_14)
FN:164,(anonymous_15)
FN:173,(anonymous_16)
FN:177,(anonymous_17)
FNF:17
FNH:1
FNDA:1,(anonymous_1)
FNDA:0,(anonymous_2)
FNDA:0,(anonymous_3)
FNDA:0,(anonymous_4)
FNDA:0,(anonymous_5)
FNDA:0,(anonymous_6)
FNDA:0,(anonymous_7)
FNDA:0,(anonymous_8)
FNDA:0,(anonymous_9)
FNDA:0,(anonymous_10)
FNDA:0,(anonymous_11)
FNDA:0,(anonymous_12)
FNDA:0,(anonymous_13)
FNDA:0,(anonymous_14)
FNDA:0,(anonymous_15)
FNDA:0,(anonymous_16)
FNDA:0,(anonymous_17)
DA:1,1
DA:7,1
DA:8,1
DA:12,0
DA:13,0
DA:18,0
DA:19,0
DA:20,0
DA:21,0
DA:22,0
DA:23,0
DA:27,0
DA:31,0
DA:42,0
DA:46,0
DA:56,0
DA:61,0
DA:62,0
DA:67,0
DA:69,0
DA:71,0
DA:80,0
DA:84,0
DA:88,0
DA:93,0
DA:95,0
DA:97,0
DA:105,0
DA:117,0
DA:131,0
DA:133,0
DA:138,0
DA:141,0
DA:150,0
DA:153,0
DA:154,0
DA:161,0
DA:165,0
DA:166,0
DA:167,0
DA:168,0
DA:169,0
DA:174,0
DA:178,0
DA:179,0
LF:45
LH:3
BRDA:13,0,0,0
BRDA:13,0,1,0
BRDA:19,1,0,0
BRDA:20,2,0,0
BRDA:21,3,0,0
BRDA:22,4,0,0
BRDA:62,5,0,0
BRDA:62,5,1,0
BRDA:93,6,0,0
BRDA:93,7,0,0
BRDA:93,7,1,0
BRDA:131,8,0,0
BRDA:131,8,1,0
BRDA:166,9,0,0
BRF:14
BRH:0
end_of_record
TN:
SF:src\cart\routes\cart.route.ts
FNF:0
FNH:0
DA:1,0
DA:2,0
DA:3,0
DA:9,0
DA:10,0
DA:11,0
DA:12,0
DA:15,0
DA:18,0
DA:21,0
DA:22,0
DA:24,0
DA:26,0
DA:28,0
DA:30,0
LF:15
LH:0
BRF:0
BRH:0
end_of_record
