{"D:\\Universidad\\Electiva_2\\Proyecto1-Plataforma-E-commerce\\src\\Categories\\infraestructure\\controllers\\categories.controllers.ts": {"path":"D:\\Universidad\\Electiva_2\\Proyecto1-Plataforma-E-commerce\\src\\Categories\\infraestructure\\controllers\\categories.controllers.ts","statementMap":{"0":{"start":{"line":2,"column":0},"end":{"line":2,"column":73}},"1":{"start":{"line":3,"column":0},"end":{"line":3,"column":77}},"2":{"start":{"line":6,"column":24},"end":{"line":6,"column":73}},"3":{"start":{"line":9,"column":36},"end":{"line":11,"column":1}},"4":{"start":{"line":10,"column":2},"end":{"line":10,"column":26}},"5":{"start":{"line":9,"column":13},"end":{"line":9,"column":36}},"6":{"start":{"line":13,"column":30},"end":{"line":23,"column":1}},"7":{"start":{"line":14,"column":2},"end":{"line":22,"column":3}},"8":{"start":{"line":15,"column":20},"end":{"line":15,"column":28}},"9":{"start":{"line":16,"column":4},"end":{"line":16,"column":88}},"10":{"start":{"line":18,"column":19},"end":{"line":18,"column":66}},"11":{"start":{"line":19,"column":4},"end":{"line":19,"column":86}},"12":{"start":{"line":21,"column":4},"end":{"line":21,"column":99}},"13":{"start":{"line":13,"column":13},"end":{"line":13,"column":30}},"14":{"start":{"line":25,"column":29},"end":{"line":32,"column":1}},"15":{"start":{"line":26,"column":2},"end":{"line":31,"column":3}},"16":{"start":{"line":27,"column":23},"end":{"line":27,"column":65}},"17":{"start":{"line":28,"column":4},"end":{"line":28,"column":37}},"18":{"start":{"line":30,"column":4},"end":{"line":30,"column":69}},"19":{"start":{"line":25,"column":13},"end":{"line":25,"column":29}},"20":{"start":{"line":34,"column":30},"end":{"line":47,"column":1}},"21":{"start":{"line":35,"column":2},"end":{"line":46,"column":3}},"22":{"start":{"line":36,"column":15},"end":{"line":36,"column":45}},"23":{"start":{"line":37,"column":4},"end":{"line":37,"column":75}},"24":{"start":{"line":37,"column":19},"end":{"line":37,"column":75}},"25":{"start":{"line":39,"column":20},"end":{"line":39,"column":28}},"26":{"start":{"line":40,"column":4},"end":{"line":40,"column":87}},"27":{"start":{"line":40,"column":41},"end":{"line":40,"column":87}},"28":{"start":{"line":42,"column":20},"end":{"line":42,"column":71}},"29":{"start":{"line":43,"column":4},"end":{"line":43,"column":82}},"30":{"start":{"line":45,"column":4},"end":{"line":45,"column":69}},"31":{"start":{"line":34,"column":13},"end":{"line":34,"column":30}},"32":{"start":{"line":49,"column":30},"end":{"line":59,"column":1}},"33":{"start":{"line":50,"column":2},"end":{"line":58,"column":3}},"34":{"start":{"line":51,"column":15},"end":{"line":51,"column":45}},"35":{"start":{"line":52,"column":4},"end":{"line":52,"column":75}},"36":{"start":{"line":52,"column":19},"end":{"line":52,"column":75}},"37":{"start":{"line":54,"column":4},"end":{"line":54,"column":47}},"38":{"start":{"line":55,"column":4},"end":{"line":55,"column":61}},"39":{"start":{"line":57,"column":4},"end":{"line":57,"column":69}},"40":{"start":{"line":49,"column":13},"end":{"line":49,"column":30}}},"fnMap":{"0":{"name":"(anonymous_0)","decl":{"start":{"line":9,"column":36},"end":{"line":9,"column":37}},"loc":{"start":{"line":9,"column":49},"end":{"line":11,"column":1}}},"1":{"name":"(anonymous_1)","decl":{"start":{"line":13,"column":30},"end":{"line":13,"column":35}},"loc":{"start":{"line":13,"column":68},"end":{"line":23,"column":1}}},"2":{"name":"(anonymous_2)","decl":{"start":{"line":25,"column":29},"end":{"line":25,"column":34}},"loc":{"start":{"line":25,"column":68},"end":{"line":32,"column":1}}},"3":{"name":"(anonymous_3)","decl":{"start":{"line":34,"column":30},"end":{"line":34,"column":35}},"loc":{"start":{"line":34,"column":68},"end":{"line":47,"column":1}}},"4":{"name":"(anonymous_4)","decl":{"start":{"line":49,"column":30},"end":{"line":49,"column":35}},"loc":{"start":{"line":49,"column":68},"end":{"line":59,"column":1}}}},"branchMap":{"0":{"loc":{"start":{"line":16,"column":24},"end":{"line":16,"column":87}},"type":"cond-expr","locations":[{"start":{"line":16,"column":58},"end":{"line":16,"column":83}},{"start":{"line":16,"column":86},"end":{"line":16,"column":87}}]},"1":{"loc":{"start":{"line":21,"column":15},"end":{"line":21,"column":34}},"type":"binary-expr","locations":[{"start":{"line":21,"column":15},"end":{"line":21,"column":27}},{"start":{"line":21,"column":31},"end":{"line":21,"column":34}}]},"2":{"loc":{"start":{"line":21,"column":52},"end":{"line":21,"column":95}},"type":"binary-expr","locations":[{"start":{"line":21,"column":52},"end":{"line":21,"column":65}},{"start":{"line":21,"column":69},"end":{"line":21,"column":95}}]},"3":{"loc":{"start":{"line":30,"column":15},"end":{"line":30,"column":34}},"type":"binary-expr","locations":[{"start":{"line":30,"column":15},"end":{"line":30,"column":27}},{"start":{"line":30,"column":31},"end":{"line":30,"column":34}}]},"4":{"loc":{"start":{"line":37,"column":4},"end":{"line":37,"column":75}},"type":"if","locations":[{"start":{"line":37,"column":4},"end":{"line":37,"column":75}}]},"5":{"loc":{"start":{"line":40,"column":4},"end":{"line":40,"column":87}},"type":"if","locations":[{"start":{"line":40,"column":4},"end":{"line":40,"column":87}}]},"6":{"loc":{"start":{"line":45,"column":15},"end":{"line":45,"column":34}},"type":"binary-expr","locations":[{"start":{"line":45,"column":15},"end":{"line":45,"column":27}},{"start":{"line":45,"column":31},"end":{"line":45,"column":34}}]},"7":{"loc":{"start":{"line":52,"column":4},"end":{"line":52,"column":75}},"type":"if","locations":[{"start":{"line":52,"column":4},"end":{"line":52,"column":75}}]},"8":{"loc":{"start":{"line":57,"column":15},"end":{"line":57,"column":34}},"type":"binary-expr","locations":[{"start":{"line":57,"column":15},"end":{"line":57,"column":27}},{"start":{"line":57,"column":31},"end":{"line":57,"column":34}}]}},"s":{"0":1,"1":1,"2":1,"3":1,"4":6,"5":1,"6":1,"7":4,"8":4,"9":4,"10":4,"11":2,"12":2,"13":1,"14":1,"15":2,"16":2,"17":1,"18":1,"19":1,"20":1,"21":4,"22":4,"23":4,"24":1,"25":3,"26":3,"27":1,"28":3,"29":1,"30":2,"31":1,"32":1,"33":4,"34":4,"35":4,"36":1,"37":3,"38":1,"39":2,"40":1},"f":{"0":6,"1":4,"2":2,"3":4,"4":4},"b":{"0":[1,3],"1":[2,1],"2":[2,0],"3":[1,1],"4":[1],"5":[1],"6":[2,0],"7":[1],"8":[2,1]}}
,"D:\\Universidad\\Electiva_2\\Proyecto1-Plataforma-E-commerce\\src\\Products\\infraestructure\\controllers\\products.controller.ts": {"path":"D:\\Universidad\\Electiva_2\\Proyecto1-Plataforma-E-commerce\\src\\Products\\infraestructure\\controllers\\products.controller.ts","statementMap":{"0":{"start":{"line":2,"column":0},"end":{"line":2,"column":69}},"1":{"start":{"line":3,"column":0},"end":{"line":3,"column":73}},"2":{"start":{"line":7,"column":22},"end":{"line":7,"column":67}},"3":{"start":{"line":10,"column":34},"end":{"line":12,"column":1}},"4":{"start":{"line":11,"column":2},"end":{"line":11,"column":24}},"5":{"start":{"line":10,"column":13},"end":{"line":10,"column":34}},"6":{"start":{"line":17,"column":29},"end":{"line":51,"column":1}},"7":{"start":{"line":18,"column":2},"end":{"line":50,"column":3}},"8":{"start":{"line":19,"column":20},"end":{"line":19,"column":28}},"9":{"start":{"line":22,"column":4},"end":{"line":22,"column":52}},"10":{"start":{"line":22,"column":18},"end":{"line":22,"column":52}},"11":{"start":{"line":26,"column":30},"end":{"line":36,"column":1}},"12":{"start":{"line":27,"column":2},"end":{"line":27,"column":65}},"13":{"start":{"line":27,"column":45},"end":{"line":27,"column":65}},"14":{"start":{"line":30,"column":21},"end":{"line":30,"column":55}},"15":{"start":{"line":32,"column":2},"end":{"line":32,"column":84}},"16":{"start":{"line":32,"column":75},"end":{"line":32,"column":84}},"17":{"start":{"line":33,"column":2},"end":{"line":33,"column":84}},"18":{"start":{"line":33,"column":75},"end":{"line":33,"column":84}},"19":{"start":{"line":35,"column":2},"end":{"line":35,"column":22}},"20":{"start":{"line":40,"column":4},"end":{"line":40,"column":64}},"21":{"start":{"line":41,"column":0},"end":{"line":41,"column":72}},"22":{"start":{"line":45,"column":19},"end":{"line":45,"column":63}},"23":{"start":{"line":47,"column":4},"end":{"line":47,"column":86}},"24":{"start":{"line":49,"column":4},"end":{"line":49,"column":98}},"25":{"start":{"line":17,"column":13},"end":{"line":17,"column":29}},"26":{"start":{"line":56,"column":27},"end":{"line":80,"column":1}},"27":{"start":{"line":57,"column":2},"end":{"line":79,"column":3}},"28":{"start":{"line":58,"column":19},"end":{"line":58,"column":57}},"29":{"start":{"line":61,"column":4},"end":{"line":63,"column":6}},"30":{"start":{"line":62,"column":13},"end":{"line":62,"column":68}},"31":{"start":{"line":66,"column":21},"end":{"line":66,"column":26}},"32":{"start":{"line":67,"column":4},"end":{"line":74,"column":8}},"33":{"start":{"line":67,"column":36},"end":{"line":74,"column":6}},"34":{"start":{"line":76,"column":4},"end":{"line":76,"column":35}},"35":{"start":{"line":78,"column":4},"end":{"line":78,"column":69}},"36":{"start":{"line":56,"column":13},"end":{"line":56,"column":27}},"37":{"start":{"line":82,"column":29},"end":{"line":107,"column":1}},"38":{"start":{"line":83,"column":2},"end":{"line":106,"column":3}},"39":{"start":{"line":84,"column":15},"end":{"line":84,"column":61}},"40":{"start":{"line":85,"column":4},"end":{"line":87,"column":5}},"41":{"start":{"line":86,"column":6},"end":{"line":86,"column":85}},"42":{"start":{"line":89,"column":20},"end":{"line":89,"column":28}},"43":{"start":{"line":90,"column":4},"end":{"line":90,"column":52}},"44":{"start":{"line":90,"column":18},"end":{"line":90,"column":52}},"45":{"start":{"line":93,"column":30},"end":{"line":97,"column":5}},"46":{"start":{"line":94,"column":6},"end":{"line":94,"column":66}},"47":{"start":{"line":94,"column":49},"end":{"line":94,"column":66}},"48":{"start":{"line":95,"column":6},"end":{"line":95,"column":87}},"49":{"start":{"line":95,"column":78},"end":{"line":95,"column":87}},"50":{"start":{"line":96,"column":6},"end":{"line":96,"column":15}},"51":{"start":{"line":99,"column":4},"end":{"line":99,"column":61}},"52":{"start":{"line":100,"column":4},"end":{"line":100,"column":73}},"53":{"start":{"line":102,"column":20},"end":{"line":102,"column":68}},"54":{"start":{"line":103,"column":4},"end":{"line":103,"column":90}},"55":{"start":{"line":105,"column":4},"end":{"line":105,"column":69}},"56":{"start":{"line":82,"column":13},"end":{"line":82,"column":29}},"57":{"start":{"line":112,"column":29},"end":{"line":126,"column":1}},"58":{"start":{"line":113,"column":2},"end":{"line":125,"column":3}},"59":{"start":{"line":114,"column":20},"end":{"line":114,"column":58}},"60":{"start":{"line":115,"column":15},"end":{"line":115,"column":30}},"61":{"start":{"line":117,"column":4},"end":{"line":119,"column":5}},"62":{"start":{"line":118,"column":6},"end":{"line":118,"column":85}},"63":{"start":{"line":121,"column":4},"end":{"line":121,"column":44}},"64":{"start":{"line":122,"column":4},"end":{"line":122,"column":74}},"65":{"start":{"line":124,"column":4},"end":{"line":124,"column":69}},"66":{"start":{"line":112,"column":13},"end":{"line":112,"column":29}},"67":{"start":{"line":129,"column":30},"end":{"line":166,"column":1}},"68":{"start":{"line":130,"column":2},"end":{"line":165,"column":3}},"69":{"start":{"line":131,"column":20},"end":{"line":131,"column":58}},"70":{"start":{"line":132,"column":15},"end":{"line":132,"column":30}},"71":{"start":{"line":134,"column":4},"end":{"line":136,"column":5}},"72":{"start":{"line":135,"column":6},"end":{"line":135,"column":85}},"73":{"start":{"line":138,"column":20},"end":{"line":138,"column":60}},"74":{"start":{"line":141,"column":4},"end":{"line":149,"column":5}},"75":{"start":{"line":148,"column":6},"end":{"line":148,"column":89}},"76":{"start":{"line":151,"column":21},"end":{"line":151,"column":26}},"77":{"start":{"line":152,"column":45},"end":{"line":160,"column":6}},"78":{"start":{"line":162,"column":4},"end":{"line":162,"column":42}},"79":{"start":{"line":164,"column":4},"end":{"line":164,"column":69}},"80":{"start":{"line":129,"column":13},"end":{"line":129,"column":30}},"81":{"start":{"line":169,"column":37},"end":{"line":202,"column":1}},"82":{"start":{"line":170,"column":2},"end":{"line":201,"column":3}},"83":{"start":{"line":171,"column":23},"end":{"line":171,"column":44}},"84":{"start":{"line":172,"column":4},"end":{"line":174,"column":5}},"85":{"start":{"line":173,"column":6},"end":{"line":173,"column":86}},"86":{"start":{"line":176,"column":19},"end":{"line":176,"column":74}},"87":{"start":{"line":179,"column":4},"end":{"line":185,"column":6}},"88":{"start":{"line":181,"column":8},"end":{"line":184,"column":39}},"89":{"start":{"line":187,"column":21},"end":{"line":187,"column":26}},"90":{"start":{"line":188,"column":48},"end":{"line":196,"column":7}},"91":{"start":{"line":188,"column":69},"end":{"line":196,"column":6}},"92":{"start":{"line":198,"column":4},"end":{"line":198,"column":43}},"93":{"start":{"line":200,"column":4},"end":{"line":200,"column":69}},"94":{"start":{"line":169,"column":13},"end":{"line":169,"column":37}},"95":{"start":{"line":204,"column":35},"end":{"line":240,"column":1}},"96":{"start":{"line":205,"column":2},"end":{"line":239,"column":5}},"97":{"start":{"line":206,"column":17},"end":{"line":206,"column":44}},"98":{"start":{"line":207,"column":18},"end":{"line":207,"column":47}},"99":{"start":{"line":209,"column":19},"end":{"line":209,"column":81}},"100":{"start":{"line":210,"column":4},"end":{"line":210,"column":37}},"101":{"start":{"line":212,"column":32},"end":{"line":212,"column":94}},"102":{"start":{"line":215,"column":21},"end":{"line":215,"column":26}},"103":{"start":{"line":216,"column":22},"end":{"line":224,"column":7}},"104":{"start":{"line":216,"column":43},"end":{"line":224,"column":6}},"105":{"start":{"line":226,"column":4},"end":{"line":234,"column":7}},"106":{"start":{"line":237,"column":4},"end":{"line":237,"column":55}},"107":{"start":{"line":238,"column":4},"end":{"line":238,"column":85}},"108":{"start":{"line":204,"column":15},"end":{"line":204,"column":35}}},"fnMap":{"0":{"name":"(anonymous_0)","decl":{"start":{"line":10,"column":34},"end":{"line":10,"column":35}},"loc":{"start":{"line":10,"column":47},"end":{"line":12,"column":1}}},"1":{"name":"(anonymous_1)","decl":{"start":{"line":17,"column":29},"end":{"line":17,"column":34}},"loc":{"start":{"line":17,"column":67},"end":{"line":51,"column":1}}},"2":{"name":"(anonymous_2)","decl":{"start":{"line":26,"column":30},"end":{"line":26,"column":31}},"loc":{"start":{"line":26,"column":75},"end":{"line":36,"column":1}}},"3":{"name":"(anonymous_3)","decl":{"start":{"line":56,"column":27},"end":{"line":56,"column":32}},"loc":{"start":{"line":56,"column":66},"end":{"line":80,"column":1}}},"4":{"name":"(anonymous_4)","decl":{"start":{"line":62,"column":6},"end":{"line":62,"column":7}},"loc":{"start":{"line":62,"column":13},"end":{"line":62,"column":68}}},"5":{"name":"(anonymous_5)","decl":{"start":{"line":67,"column":28},"end":{"line":67,"column":29}},"loc":{"start":{"line":67,"column":36},"end":{"line":74,"column":6}}},"6":{"name":"(anonymous_6)","decl":{"start":{"line":82,"column":29},"end":{"line":82,"column":34}},"loc":{"start":{"line":82,"column":67},"end":{"line":107,"column":1}}},"7":{"name":"(anonymous_7)","decl":{"start":{"line":93,"column":30},"end":{"line":93,"column":31}},"loc":{"start":{"line":93,"column":65},"end":{"line":97,"column":5}}},"8":{"name":"(anonymous_8)","decl":{"start":{"line":112,"column":29},"end":{"line":112,"column":34}},"loc":{"start":{"line":112,"column":67},"end":{"line":126,"column":1}}},"9":{"name":"(anonymous_9)","decl":{"start":{"line":129,"column":30},"end":{"line":129,"column":35}},"loc":{"start":{"line":129,"column":68},"end":{"line":166,"column":1}}},"10":{"name":"(anonymous_10)","decl":{"start":{"line":169,"column":37},"end":{"line":169,"column":42}},"loc":{"start":{"line":169,"column":75},"end":{"line":202,"column":1}}},"11":{"name":"(anonymous_11)","decl":{"start":{"line":180,"column":6},"end":{"line":180,"column":7}},"loc":{"start":{"line":181,"column":8},"end":{"line":184,"column":39}}},"12":{"name":"(anonymous_12)","decl":{"start":{"line":188,"column":61},"end":{"line":188,"column":62}},"loc":{"start":{"line":188,"column":69},"end":{"line":196,"column":6}}},"13":{"name":"(anonymous_13)","decl":{"start":{"line":204,"column":35},"end":{"line":204,"column":40}},"loc":{"start":{"line":204,"column":73},"end":{"line":240,"column":1}}},"14":{"name":"(anonymous_14)","decl":{"start":{"line":216,"column":35},"end":{"line":216,"column":36}},"loc":{"start":{"line":216,"column":43},"end":{"line":224,"column":6}}}},"branchMap":{"0":{"loc":{"start":{"line":22,"column":4},"end":{"line":22,"column":52}},"type":"if","locations":[{"start":{"line":22,"column":4},"end":{"line":22,"column":52}}]},"1":{"loc":{"start":{"line":27,"column":2},"end":{"line":27,"column":65}},"type":"if","locations":[{"start":{"line":27,"column":2},"end":{"line":27,"column":65}}]},"2":{"loc":{"start":{"line":27,"column":6},"end":{"line":27,"column":43}},"type":"binary-expr","locations":[{"start":{"line":27,"column":6},"end":{"line":27,"column":25}},{"start":{"line":27,"column":29},"end":{"line":27,"column":43}}]},"3":{"loc":{"start":{"line":32,"column":2},"end":{"line":32,"column":84}},"type":"if","locations":[{"start":{"line":32,"column":2},"end":{"line":32,"column":84}}]},"4":{"loc":{"start":{"line":32,"column":6},"end":{"line":32,"column":73}},"type":"binary-expr","locations":[{"start":{"line":32,"column":6},"end":{"line":32,"column":27}},{"start":{"line":32,"column":31},"end":{"line":32,"column":49}},{"start":{"line":32,"column":53},"end":{"line":32,"column":73}}]},"5":{"loc":{"start":{"line":33,"column":2},"end":{"line":33,"column":84}},"type":"if","locations":[{"start":{"line":33,"column":2},"end":{"line":33,"column":84}}]},"6":{"loc":{"start":{"line":33,"column":6},"end":{"line":33,"column":73}},"type":"binary-expr","locations":[{"start":{"line":33,"column":6},"end":{"line":33,"column":28}},{"start":{"line":33,"column":32},"end":{"line":33,"column":50}},{"start":{"line":33,"column":54},"end":{"line":33,"column":73}}]},"7":{"loc":{"start":{"line":49,"column":15},"end":{"line":49,"column":34}},"type":"binary-expr","locations":[{"start":{"line":49,"column":15},"end":{"line":49,"column":27}},{"start":{"line":49,"column":31},"end":{"line":49,"column":34}}]},"8":{"loc":{"start":{"line":49,"column":52},"end":{"line":49,"column":94}},"type":"binary-expr","locations":[{"start":{"line":49,"column":52},"end":{"line":49,"column":65}},{"start":{"line":49,"column":69},"end":{"line":49,"column":94}}]},"9":{"loc":{"start":{"line":62,"column":13},"end":{"line":62,"column":68}},"type":"binary-expr","locations":[{"start":{"line":62,"column":13},"end":{"line":62,"column":38}},{"start":{"line":62,"column":42},"end":{"line":62,"column":53}},{"start":{"line":62,"column":57},"end":{"line":62,"column":68}}]},"10":{"loc":{"start":{"line":78,"column":15},"end":{"line":78,"column":34}},"type":"binary-expr","locations":[{"start":{"line":78,"column":15},"end":{"line":78,"column":27}},{"start":{"line":78,"column":31},"end":{"line":78,"column":34}}]},"11":{"loc":{"start":{"line":84,"column":22},"end":{"line":84,"column":60}},"type":"binary-expr","locations":[{"start":{"line":84,"column":22},"end":{"line":84,"column":43}},{"start":{"line":84,"column":47},"end":{"line":84,"column":60}}]},"12":{"loc":{"start":{"line":85,"column":4},"end":{"line":87,"column":5}},"type":"if","locations":[{"start":{"line":85,"column":4},"end":{"line":87,"column":5}}]},"13":{"loc":{"start":{"line":90,"column":4},"end":{"line":90,"column":52}},"type":"if","locations":[{"start":{"line":90,"column":4},"end":{"line":90,"column":52}}]},"14":{"loc":{"start":{"line":94,"column":6},"end":{"line":94,"column":66}},"type":"if","locations":[{"start":{"line":94,"column":6},"end":{"line":94,"column":66}}]},"15":{"loc":{"start":{"line":94,"column":10},"end":{"line":94,"column":47}},"type":"binary-expr","locations":[{"start":{"line":94,"column":10},"end":{"line":94,"column":29}},{"start":{"line":94,"column":33},"end":{"line":94,"column":47}}]},"16":{"loc":{"start":{"line":95,"column":6},"end":{"line":95,"column":87}},"type":"if","locations":[{"start":{"line":95,"column":6},"end":{"line":95,"column":87}}]},"17":{"loc":{"start":{"line":95,"column":10},"end":{"line":95,"column":76}},"type":"binary-expr","locations":[{"start":{"line":95,"column":10},"end":{"line":95,"column":24}},{"start":{"line":95,"column":28},"end":{"line":95,"column":44}},{"start":{"line":95,"column":48},"end":{"line":95,"column":61}},{"start":{"line":95,"column":65},"end":{"line":95,"column":76}}]},"18":{"loc":{"start":{"line":105,"column":15},"end":{"line":105,"column":34}},"type":"binary-expr","locations":[{"start":{"line":105,"column":15},"end":{"line":105,"column":27}},{"start":{"line":105,"column":31},"end":{"line":105,"column":34}}]},"19":{"loc":{"start":{"line":114,"column":20},"end":{"line":114,"column":58}},"type":"binary-expr","locations":[{"start":{"line":114,"column":20},"end":{"line":114,"column":41}},{"start":{"line":114,"column":45},"end":{"line":114,"column":58}}]},"20":{"loc":{"start":{"line":117,"column":4},"end":{"line":119,"column":5}},"type":"if","locations":[{"start":{"line":117,"column":4},"end":{"line":119,"column":5}}]},"21":{"loc":{"start":{"line":124,"column":15},"end":{"line":124,"column":34}},"type":"binary-expr","locations":[{"start":{"line":124,"column":15},"end":{"line":124,"column":27}},{"start":{"line":124,"column":31},"end":{"line":124,"column":34}}]},"22":{"loc":{"start":{"line":131,"column":20},"end":{"line":131,"column":58}},"type":"binary-expr","locations":[{"start":{"line":131,"column":20},"end":{"line":131,"column":33}},{"start":{"line":131,"column":37},"end":{"line":131,"column":58}}]},"23":{"loc":{"start":{"line":134,"column":4},"end":{"line":136,"column":5}},"type":"if","locations":[{"start":{"line":134,"column":4},"end":{"line":136,"column":5}}]},"24":{"loc":{"start":{"line":141,"column":4},"end":{"line":149,"column":5}},"type":"if","locations":[{"start":{"line":141,"column":4},"end":{"line":149,"column":5}}]},"25":{"loc":{"start":{"line":142,"column":6},"end":{"line":146,"column":43}},"type":"binary-expr","locations":[{"start":{"line":142,"column":6},"end":{"line":142,"column":14}},{"start":{"line":143,"column":6},"end":{"line":143,"column":37}},{"start":{"line":144,"column":6},"end":{"line":144,"column":32}},{"start":{"line":145,"column":6},"end":{"line":145,"column":24}},{"start":{"line":146,"column":6},"end":{"line":146,"column":43}}]},"26":{"loc":{"start":{"line":164,"column":15},"end":{"line":164,"column":34}},"type":"binary-expr","locations":[{"start":{"line":164,"column":15},"end":{"line":164,"column":27}},{"start":{"line":164,"column":31},"end":{"line":164,"column":34}}]},"27":{"loc":{"start":{"line":172,"column":4},"end":{"line":174,"column":5}},"type":"if","locations":[{"start":{"line":172,"column":4},"end":{"line":174,"column":5}}]},"28":{"loc":{"start":{"line":181,"column":8},"end":{"line":184,"column":39}},"type":"binary-expr","locations":[{"start":{"line":181,"column":8},"end":{"line":181,"column":33}},{"start":{"line":182,"column":8},"end":{"line":182,"column":27}},{"start":{"line":183,"column":8},"end":{"line":183,"column":19}},{"start":{"line":184,"column":8},"end":{"line":184,"column":39}}]},"29":{"loc":{"start":{"line":200,"column":15},"end":{"line":200,"column":34}},"type":"binary-expr","locations":[{"start":{"line":200,"column":15},"end":{"line":200,"column":27}},{"start":{"line":200,"column":31},"end":{"line":200,"column":34}}]},"30":{"loc":{"start":{"line":206,"column":17},"end":{"line":206,"column":44}},"type":"binary-expr","locations":[{"start":{"line":206,"column":17},"end":{"line":206,"column":39}},{"start":{"line":206,"column":43},"end":{"line":206,"column":44}}]},"31":{"loc":{"start":{"line":207,"column":18},"end":{"line":207,"column":47}},"type":"binary-expr","locations":[{"start":{"line":207,"column":18},"end":{"line":207,"column":41}},{"start":{"line":207,"column":45},"end":{"line":207,"column":47}}]},"32":{"loc":{"start":{"line":209,"column":19},"end":{"line":209,"column":81}},"type":"cond-expr","locations":[{"start":{"line":209,"column":38},"end":{"line":209,"column":69}},{"start":{"line":209,"column":72},"end":{"line":209,"column":81}}]},"33":{"loc":{"start":{"line":238,"column":36},"end":{"line":238,"column":81}},"type":"binary-expr","locations":[{"start":{"line":238,"column":36},"end":{"line":238,"column":49}},{"start":{"line":238,"column":53},"end":{"line":238,"column":81}}]}},"s":{"0":1,"1":1,"2":1,"3":1,"4":14,"5":1,"6":1,"7":2,"8":2,"9":2,"10":1,"11":2,"12":4,"13":3,"14":1,"15":1,"16":1,"17":0,"18":0,"19":0,"20":2,"21":2,"22":2,"23":2,"24":0,"25":1,"26":1,"27":1,"28":1,"29":1,"30":4,"31":1,"32":1,"33":1,"34":1,"35":0,"36":1,"37":1,"38":3,"39":3,"40":3,"41":1,"42":2,"43":2,"44":0,"45":2,"46":4,"47":2,"48":2,"49":1,"50":1,"51":2,"52":2,"53":2,"54":1,"55":1,"56":1,"57":1,"58":3,"59":3,"60":3,"61":3,"62":1,"63":2,"64":1,"65":1,"66":1,"67":1,"68":7,"69":7,"70":7,"71":7,"72":1,"73":6,"74":5,"75":4,"76":1,"77":1,"78":1,"79":1,"80":1,"81":1,"82":3,"83":3,"84":3,"85":1,"86":2,"87":1,"88":2,"89":1,"90":1,"91":1,"92":1,"93":1,"94":1,"95":1,"96":2,"97":2,"98":2,"99":2,"100":2,"101":2,"102":1,"103":1,"104":1,"105":1,"106":1,"107":1,"108":1},"f":{"0":14,"1":2,"2":4,"3":1,"4":4,"5":1,"6":3,"7":4,"8":3,"9":7,"10":3,"11":2,"12":1,"13":2,"14":1},"b":{"0":[1],"1":[3],"2":[4,1],"3":[1],"4":[1,0,0],"5":[0],"6":[0,0,0],"7":[0,0],"8":[0,0],"9":[4,3,2],"10":[0,0],"11":[3,3],"12":[1],"13":[0],"14":[2],"15":[4,2],"16":[1],"17":[2,1,1,1],"18":[1,1],"19":[3,3],"20":[1],"21":[1,1],"22":[7,0],"23":[1],"24":[4],"25":[5,5,4,3,2],"26":[1,1],"27":[1],"28":[2,2,1,1],"29":[1,1],"30":[2,0],"31":[2,1],"32":[0,2],"33":[1,0]}}
,"D:\\Universidad\\Electiva_2\\Proyecto1-Plataforma-E-commerce\\src\\cart\\infraestructure\\controllers\\cart.controller.ts": {"path":"D:\\Universidad\\Electiva_2\\Proyecto1-Plataforma-E-commerce\\src\\cart\\infraestructure\\controllers\\cart.controller.ts","statementMap":{"0":{"start":{"line":2,"column":0},"end":{"line":2,"column":61}},"1":{"start":{"line":3,"column":0},"end":{"line":3,"column":104}},"2":{"start":{"line":4,"column":0},"end":{"line":4,"column":70}},"3":{"start":{"line":6,"column":24},"end":{"line":6,"column":48}},"4":{"start":{"line":7,"column":17},"end":{"line":7,"column":54}},"5":{"start":{"line":8,"column":18},"end":{"line":8,"column":45}},"6":{"start":{"line":10,"column":30},"end":{"line":10,"column":63}},"7":{"start":{"line":10,"column":45},"end":{"line":10,"column":62}},"8":{"start":{"line":10,"column":13},"end":{"line":10,"column":30}},"9":{"start":{"line":11,"column":37},"end":{"line":11,"column":78}},"10":{"start":{"line":11,"column":53},"end":{"line":11,"column":77}},"11":{"start":{"line":11,"column":13},"end":{"line":11,"column":37}},"12":{"start":{"line":16,"column":21},"end":{"line":16,"column":45}},"13":{"start":{"line":17,"column":19},"end":{"line":17,"column":56}},"14":{"start":{"line":18,"column":20},"end":{"line":18,"column":59}},"15":{"start":{"line":19,"column":23},"end":{"line":19,"column":43}},"16":{"start":{"line":21,"column":16},"end":{"line":21,"column":58}},"17":{"start":{"line":22,"column":4},"end":{"line":22,"column":23}},"18":{"start":{"line":27,"column":4},"end":{"line":36,"column":5}},"19":{"start":{"line":28,"column":21},"end":{"line":28,"column":40}},"20":{"start":{"line":29,"column":6},"end":{"line":29,"column":90}},"21":{"start":{"line":29,"column":25},"end":{"line":29,"column":90}},"22":{"start":{"line":31,"column":19},"end":{"line":31,"column":52}},"23":{"start":{"line":32,"column":6},"end":{"line":32,"column":40}},"24":{"start":{"line":34,"column":6},"end":{"line":34,"column":47}},"25":{"start":{"line":35,"column":6},"end":{"line":35,"column":69}},"26":{"start":{"line":41,"column":4},"end":{"line":85,"column":5}},"27":{"start":{"line":42,"column":21},"end":{"line":42,"column":40}},"28":{"start":{"line":43,"column":38},"end":{"line":43,"column":46}},"29":{"start":{"line":45,"column":6},"end":{"line":45,"column":90}},"30":{"start":{"line":45,"column":25},"end":{"line":45,"column":90}},"31":{"start":{"line":46,"column":6},"end":{"line":47,"column":66}},"32":{"start":{"line":47,"column":8},"end":{"line":47,"column":66}},"33":{"start":{"line":50,"column":22},"end":{"line":50,"column":73}},"34":{"start":{"line":51,"column":6},"end":{"line":51,"column":85}},"35":{"start":{"line":51,"column":20},"end":{"line":51,"column":85}},"36":{"start":{"line":54,"column":6},"end":{"line":56,"column":7}},"37":{"start":{"line":55,"column":8},"end":{"line":55,"column":84}},"38":{"start":{"line":58,"column":6},"end":{"line":60,"column":7}},"39":{"start":{"line":59,"column":8},"end":{"line":59,"column":86}},"40":{"start":{"line":63,"column":19},"end":{"line":63,"column":52}},"41":{"start":{"line":66,"column":26},"end":{"line":73,"column":8}},"42":{"start":{"line":76,"column":26},"end":{"line":76,"column":87}},"43":{"start":{"line":78,"column":6},"end":{"line":81,"column":9}},"44":{"start":{"line":83,"column":6},"end":{"line":83,"column":46}},"45":{"start":{"line":84,"column":6},"end":{"line":84,"column":88}},"46":{"start":{"line":90,"column":4},"end":{"line":115,"column":5}},"47":{"start":{"line":91,"column":21},"end":{"line":91,"column":40}},"48":{"start":{"line":92,"column":38},"end":{"line":92,"column":46}},"49":{"start":{"line":94,"column":6},"end":{"line":94,"column":90}},"50":{"start":{"line":94,"column":25},"end":{"line":94,"column":90}},"51":{"start":{"line":95,"column":6},"end":{"line":96,"column":86}},"52":{"start":{"line":96,"column":8},"end":{"line":96,"column":86}},"53":{"start":{"line":98,"column":22},"end":{"line":98,"column":73}},"54":{"start":{"line":99,"column":6},"end":{"line":99,"column":85}},"55":{"start":{"line":99,"column":20},"end":{"line":99,"column":85}},"56":{"start":{"line":101,"column":6},"end":{"line":102,"column":86}},"57":{"start":{"line":102,"column":8},"end":{"line":102,"column":86}},"58":{"start":{"line":104,"column":26},"end":{"line":108,"column":null}},"59":{"start":{"line":111,"column":6},"end":{"line":111,"column":90}},"60":{"start":{"line":113,"column":6},"end":{"line":113,"column":53}},"61":{"start":{"line":114,"column":6},"end":{"line":114,"column":56}},"62":{"start":{"line":120,"column":4},"end":{"line":132,"column":5}},"63":{"start":{"line":121,"column":21},"end":{"line":121,"column":40}},"64":{"start":{"line":122,"column":24},"end":{"line":122,"column":74}},"65":{"start":{"line":124,"column":6},"end":{"line":124,"column":90}},"66":{"start":{"line":124,"column":25},"end":{"line":124,"column":90}},"67":{"start":{"line":125,"column":6},"end":{"line":125,"column":93}},"68":{"start":{"line":125,"column":28},"end":{"line":125,"column":93}},"69":{"start":{"line":127,"column":19},"end":{"line":127,"column":66}},"70":{"start":{"line":128,"column":6},"end":{"line":128,"column":71}},"71":{"start":{"line":130,"column":6},"end":{"line":130,"column":49}},"72":{"start":{"line":131,"column":6},"end":{"line":131,"column":56}},"73":{"start":{"line":137,"column":4},"end":{"line":146,"column":5}},"74":{"start":{"line":138,"column":21},"end":{"line":138,"column":40}},"75":{"start":{"line":139,"column":6},"end":{"line":139,"column":90}},"76":{"start":{"line":139,"column":25},"end":{"line":139,"column":90}},"77":{"start":{"line":141,"column":6},"end":{"line":141,"column":42}},"78":{"start":{"line":142,"column":6},"end":{"line":142,"column":82}},"79":{"start":{"line":144,"column":6},"end":{"line":144,"column":48}},"80":{"start":{"line":145,"column":6},"end":{"line":145,"column":56}},"81":{"start":{"line":151,"column":4},"end":{"line":187,"column":5}},"82":{"start":{"line":152,"column":21},"end":{"line":152,"column":40}},"83":{"start":{"line":153,"column":51},"end":{"line":153,"column":59}},"84":{"start":{"line":155,"column":6},"end":{"line":155,"column":90}},"85":{"start":{"line":155,"column":25},"end":{"line":155,"column":90}},"86":{"start":{"line":157,"column":19},"end":{"line":157,"column":52}},"87":{"start":{"line":158,"column":6},"end":{"line":159,"column":72}},"88":{"start":{"line":159,"column":8},"end":{"line":159,"column":72}},"89":{"start":{"line":161,"column":6},"end":{"line":163,"column":7}},"90":{"start":{"line":162,"column":8},"end":{"line":162,"column":73}},"91":{"start":{"line":166,"column":6},"end":{"line":173,"column":7}},"92":{"start":{"line":167,"column":24},"end":{"line":167,"column":73}},"93":{"start":{"line":168,"column":8},"end":{"line":172,"column":9}},"94":{"start":{"line":169,"column":10},"end":{"line":171,"column":13}},"95":{"start":{"line":175,"column":20},"end":{"line":178,"column":null}},"96":{"start":{"line":183,"column":6},"end":{"line":183,"column":80}},"97":{"start":{"line":185,"column":6},"end":{"line":185,"column":47}},"98":{"start":{"line":186,"column":6},"end":{"line":186,"column":56}},"99":{"start":{"line":13,"column":0},"end":{"line":13,"column":13}}},"fnMap":{"0":{"name":"(anonymous_0)","decl":{"start":{"line":10,"column":30},"end":{"line":10,"column":31}},"loc":{"start":{"line":10,"column":45},"end":{"line":10,"column":62}}},"1":{"name":"(anonymous_1)","decl":{"start":{"line":11,"column":37},"end":{"line":11,"column":38}},"loc":{"start":{"line":11,"column":53},"end":{"line":11,"column":77}}},"2":{"name":"(anonymous_2)","decl":{"start":{"line":15,"column":10},"end":{"line":15,"column":19}},"loc":{"start":{"line":15,"column":32},"end":{"line":23,"column":3}}},"3":{"name":"(anonymous_3)","decl":{"start":{"line":26,"column":2},"end":{"line":26,"column":7}},"loc":{"start":{"line":26,"column":44},"end":{"line":37,"column":3}}},"4":{"name":"(anonymous_4)","decl":{"start":{"line":40,"column":2},"end":{"line":40,"column":7}},"loc":{"start":{"line":40,"column":43},"end":{"line":86,"column":3}}},"5":{"name":"(anonymous_5)","decl":{"start":{"line":89,"column":2},"end":{"line":89,"column":7}},"loc":{"start":{"line":89,"column":50},"end":{"line":116,"column":3}}},"6":{"name":"(anonymous_6)","decl":{"start":{"line":119,"column":2},"end":{"line":119,"column":7}},"loc":{"start":{"line":119,"column":46},"end":{"line":133,"column":3}}},"7":{"name":"(anonymous_7)","decl":{"start":{"line":136,"column":2},"end":{"line":136,"column":7}},"loc":{"start":{"line":136,"column":45},"end":{"line":147,"column":3}}},"8":{"name":"(anonymous_8)","decl":{"start":{"line":150,"column":2},"end":{"line":150,"column":7}},"loc":{"start":{"line":150,"column":44},"end":{"line":188,"column":3}}}},"branchMap":{"0":{"loc":{"start":{"line":17,"column":19},"end":{"line":17,"column":56}},"type":"binary-expr","locations":[{"start":{"line":17,"column":19},"end":{"line":17,"column":36}},{"start":{"line":17,"column":40},"end":{"line":17,"column":56}}]},"1":{"loc":{"start":{"line":18,"column":20},"end":{"line":18,"column":59}},"type":"binary-expr","locations":[{"start":{"line":18,"column":20},"end":{"line":18,"column":38}},{"start":{"line":18,"column":42},"end":{"line":18,"column":59}}]},"2":{"loc":{"start":{"line":21,"column":16},"end":{"line":21,"column":58}},"type":"binary-expr","locations":[{"start":{"line":21,"column":16},"end":{"line":21,"column":24}},{"start":{"line":21,"column":28},"end":{"line":21,"column":34}},{"start":{"line":21,"column":38},"end":{"line":21,"column":45}},{"start":{"line":21,"column":49},"end":{"line":21,"column":58}}]},"3":{"loc":{"start":{"line":29,"column":6},"end":{"line":29,"column":90}},"type":"if","locations":[{"start":{"line":29,"column":6},"end":{"line":29,"column":90}}]},"4":{"loc":{"start":{"line":45,"column":6},"end":{"line":45,"column":90}},"type":"if","locations":[{"start":{"line":45,"column":6},"end":{"line":45,"column":90}}]},"5":{"loc":{"start":{"line":46,"column":6},"end":{"line":47,"column":66}},"type":"if","locations":[{"start":{"line":46,"column":6},"end":{"line":47,"column":66}}]},"6":{"loc":{"start":{"line":46,"column":10},"end":{"line":46,"column":62}},"type":"binary-expr","locations":[{"start":{"line":46,"column":10},"end":{"line":46,"column":26}},{"start":{"line":46,"column":30},"end":{"line":46,"column":45}},{"start":{"line":46,"column":49},"end":{"line":46,"column":62}}]},"7":{"loc":{"start":{"line":51,"column":6},"end":{"line":51,"column":85}},"type":"if","locations":[{"start":{"line":51,"column":6},"end":{"line":51,"column":85}}]},"8":{"loc":{"start":{"line":54,"column":6},"end":{"line":56,"column":7}},"type":"if","locations":[{"start":{"line":54,"column":6},"end":{"line":56,"column":7}}]},"9":{"loc":{"start":{"line":54,"column":10},"end":{"line":54,"column":55}},"type":"binary-expr","locations":[{"start":{"line":54,"column":10},"end":{"line":54,"column":28}},{"start":{"line":54,"column":32},"end":{"line":54,"column":55}}]},"10":{"loc":{"start":{"line":58,"column":6},"end":{"line":60,"column":7}},"type":"if","locations":[{"start":{"line":58,"column":6},"end":{"line":60,"column":7}}]},"11":{"loc":{"start":{"line":84,"column":43},"end":{"line":84,"column":84}},"type":"binary-expr","locations":[{"start":{"line":84,"column":43},"end":{"line":84,"column":52}},{"start":{"line":84,"column":56},"end":{"line":84,"column":84}}]},"12":{"loc":{"start":{"line":94,"column":6},"end":{"line":94,"column":90}},"type":"if","locations":[{"start":{"line":94,"column":6},"end":{"line":94,"column":90}}]},"13":{"loc":{"start":{"line":95,"column":6},"end":{"line":96,"column":86}},"type":"if","locations":[{"start":{"line":95,"column":6},"end":{"line":96,"column":86}}]},"14":{"loc":{"start":{"line":95,"column":10},"end":{"line":95,"column":46}},"type":"binary-expr","locations":[{"start":{"line":95,"column":10},"end":{"line":95,"column":20}},{"start":{"line":95,"column":24},"end":{"line":95,"column":46}}]},"15":{"loc":{"start":{"line":99,"column":6},"end":{"line":99,"column":85}},"type":"if","locations":[{"start":{"line":99,"column":6},"end":{"line":99,"column":85}}]},"16":{"loc":{"start":{"line":101,"column":6},"end":{"line":102,"column":86}},"type":"if","locations":[{"start":{"line":101,"column":6},"end":{"line":102,"column":86}}]},"17":{"loc":{"start":{"line":122,"column":31},"end":{"line":122,"column":73}},"type":"binary-expr","locations":[{"start":{"line":122,"column":31},"end":{"line":122,"column":51}},{"start":{"line":122,"column":55},"end":{"line":122,"column":73}}]},"18":{"loc":{"start":{"line":124,"column":6},"end":{"line":124,"column":90}},"type":"if","locations":[{"start":{"line":124,"column":6},"end":{"line":124,"column":90}}]},"19":{"loc":{"start":{"line":125,"column":6},"end":{"line":125,"column":93}},"type":"if","locations":[{"start":{"line":125,"column":6},"end":{"line":125,"column":93}}]},"20":{"loc":{"start":{"line":139,"column":6},"end":{"line":139,"column":90}},"type":"if","locations":[{"start":{"line":139,"column":6},"end":{"line":139,"column":90}}]},"21":{"loc":{"start":{"line":155,"column":6},"end":{"line":155,"column":90}},"type":"if","locations":[{"start":{"line":155,"column":6},"end":{"line":155,"column":90}}]},"22":{"loc":{"start":{"line":158,"column":6},"end":{"line":159,"column":72}},"type":"if","locations":[{"start":{"line":158,"column":6},"end":{"line":159,"column":72}}]},"23":{"loc":{"start":{"line":158,"column":10},"end":{"line":158,"column":57}},"type":"binary-expr","locations":[{"start":{"line":158,"column":10},"end":{"line":158,"column":15}},{"start":{"line":158,"column":19},"end":{"line":158,"column":30}},{"start":{"line":158,"column":34},"end":{"line":158,"column":57}}]},"24":{"loc":{"start":{"line":161,"column":6},"end":{"line":163,"column":7}},"type":"if","locations":[{"start":{"line":161,"column":6},"end":{"line":163,"column":7}}]},"25":{"loc":{"start":{"line":161,"column":10},"end":{"line":161,"column":67}},"type":"binary-expr","locations":[{"start":{"line":161,"column":10},"end":{"line":161,"column":25}},{"start":{"line":161,"column":29},"end":{"line":161,"column":67}}]},"26":{"loc":{"start":{"line":168,"column":8},"end":{"line":172,"column":9}},"type":"if","locations":[{"start":{"line":168,"column":8},"end":{"line":172,"column":9}}]},"27":{"loc":{"start":{"line":168,"column":12},"end":{"line":168,"column":53}},"type":"binary-expr","locations":[{"start":{"line":168,"column":12},"end":{"line":168,"column":20}},{"start":{"line":168,"column":24},"end":{"line":168,"column":53}}]}},"s":{"0":1,"1":1,"2":1,"3":1,"4":1,"5":1,"6":1,"7":5,"8":1,"9":1,"10":5,"11":1,"12":18,"13":18,"14":18,"15":18,"16":18,"17":18,"18":2,"19":2,"20":2,"21":1,"22":1,"23":1,"24":0,"25":0,"26":4,"27":4,"28":4,"29":4,"30":0,"31":4,"32":0,"33":4,"34":4,"35":1,"36":3,"37":1,"38":2,"39":1,"40":1,"41":1,"42":1,"43":1,"44":0,"45":0,"46":3,"47":3,"48":3,"49":3,"50":0,"51":3,"52":0,"53":3,"54":3,"55":0,"56":3,"57":1,"58":2,"59":1,"60":1,"61":1,"62":3,"63":3,"64":3,"65":3,"66":0,"67":3,"68":1,"69":2,"70":1,"71":1,"72":1,"73":1,"74":1,"75":1,"76":0,"77":1,"78":0,"79":1,"80":1,"81":5,"82":5,"83":5,"84":5,"85":0,"86":5,"87":5,"88":1,"89":4,"90":1,"91":3,"92":3,"93":3,"94":1,"95":2,"96":1,"97":1,"98":1,"99":1},"f":{"0":5,"1":5,"2":18,"3":2,"4":4,"5":3,"6":3,"7":1,"8":5},"b":{"0":[18,18],"1":[18,18],"2":[18,1,1,1],"3":[1],"4":[0],"5":[0],"6":[4,4,4],"7":[1],"8":[1],"9":[3,2],"10":[1],"11":[0,0],"12":[0],"13":[0],"14":[3,3],"15":[0],"16":[1],"17":[3,0],"18":[0],"19":[1],"20":[0],"21":[0],"22":[1],"23":[5,5,5],"24":[1],"25":[4,1],"26":[1],"27":[3,3]}}
}
