{"D:\\Universidad\\Electiva_2\\Proyecto1-Plataforma-E-commerce\\src\\app.ts": {"path":"D:\\Universidad\\Electiva_2\\Proyecto1-Plataforma-E-commerce\\src\\app.ts","statementMap":{"0":{"start":{"line":2,"column":0},"end":{"line":2,"column":30}},"1":{"start":{"line":3,"column":0},"end":{"line":3,"column":51}},"2":{"start":{"line":4,"column":0},"end":{"line":4,"column":60}},"3":{"start":{"line":5,"column":0},"end":{"line":5,"column":67}},"4":{"start":{"line":6,"column":0},"end":{"line":6,"column":63}},"5":{"start":{"line":7,"column":0},"end":{"line":7,"column":54}},"6":{"start":{"line":8,"column":0},"end":{"line":8,"column":61}},"7":{"start":{"line":9,"column":0},"end":{"line":9,"column":50}},"8":{"start":{"line":10,"column":12},"end":{"line":10,"column":21}},"9":{"start":{"line":12,"column":0},"end":{"line":12,"column":24}},"10":{"start":{"line":15,"column":0},"end":{"line":15,"column":28}},"11":{"start":{"line":16,"column":0},"end":{"line":16,"column":31}},"12":{"start":{"line":17,"column":0},"end":{"line":17,"column":34}},"13":{"start":{"line":18,"column":0},"end":{"line":18,"column":33}},"14":{"start":{"line":19,"column":0},"end":{"line":19,"column":30}},"15":{"start":{"line":20,"column":0},"end":{"line":20,"column":32}},"16":{"start":{"line":21,"column":0},"end":{"line":21,"column":29}},"17":{"start":{"line":23,"column":0},"end":{"line":25,"column":3}},"18":{"start":{"line":24,"column":2},"end":{"line":24,"column":30}},"19":{"start":{"line":27,"column":0},"end":{"line":27,"column":19}}},"fnMap":{"0":{"name":"(anonymous_1)","decl":{"start":{"line":23,"column":13},"end":{"line":23,"column":14}},"loc":{"start":{"line":23,"column":26},"end":{"line":25,"column":1}}}},"branchMap":{},"s":{"0":0,"1":0,"2":0,"3":0,"4":0,"5":0,"6":0,"7":0,"8":0,"9":0,"10":0,"11":0,"12":0,"13":0,"14":0,"15":0,"16":0,"17":0,"18":0,"19":0},"f":{"0":0},"b":{}}
,"D:\\Universidad\\Electiva_2\\Proyecto1-Plataforma-E-commerce\\src\\server.ts": {"path":"D:\\Universidad\\Electiva_2\\Proyecto1-Plataforma-E-commerce\\src\\server.ts","statementMap":{"0":{"start":{"line":2,"column":0},"end":{"line":2,"column":24}},"1":{"start":{"line":3,"column":0},"end":{"line":3,"column":28}},"2":{"start":{"line":6,"column":0},"end":{"line":6,"column":60}},"3":{"start":{"line":8,"column":0},"end":{"line":8,"column":24}},"4":{"start":{"line":9,"column":0},"end":{"line":9,"column":35}},"5":{"start":{"line":10,"column":0},"end":{"line":10,"column":24}},"6":{"start":{"line":11,"column":0},"end":{"line":11,"column":68}},"7":{"start":{"line":14,"column":0},"end":{"line":14,"column":51}},"8":{"start":{"line":15,"column":0},"end":{"line":15,"column":67}},"9":{"start":{"line":17,"column":13},"end":{"line":17,"column":37}},"10":{"start":{"line":19,"column":15},"end":{"line":19,"column":37}},"11":{"start":{"line":20,"column":11},"end":{"line":20,"column":56}},"12":{"start":{"line":22,"column":22},"end":{"line":22,"column":43}},"13":{"start":{"line":23,"column":0},"end":{"line":23,"column":27}},"14":{"start":{"line":25,"column":0},"end":{"line":27,"column":3}},"15":{"start":{"line":26,"column":2},"end":{"line":26,"column":64}}},"fnMap":{"0":{"name":"(anonymous_1)","decl":{"start":{"line":25,"column":20},"end":{"line":25,"column":23}},"loc":{"start":{"line":25,"column":25},"end":{"line":27,"column":1}}}},"branchMap":{"0":{"loc":{"start":{"line":17,"column":13},"end":{"line":17,"column":37}},"type":"binary-expr","locations":[{"start":{"line":17,"column":13},"end":{"line":17,"column":29}},{"start":{"line":17,"column":33},"end":{"line":17,"column":37}}]}},"s":{"0":0,"1":0,"2":0,"3":0,"4":0,"5":0,"6":0,"7":0,"8":0,"9":0,"10":0,"11":0,"12":0,"13":0,"14":0,"15":0},"f":{"0":0},"b":{"0":[0,0]}}
,"D:\\Universidad\\Electiva_2\\Proyecto1-Plataforma-E-commerce\\src\\Categories\\application\\categories.service.ts": {"path":"D:\\Universidad\\Electiva_2\\Proyecto1-Plataforma-E-commerce\\src\\Categories\\application\\categories.service.ts","statementMap":{"0":{"start":{"line":5,"column":22},"end":{"line":5,"column":65}},"1":{"start":{"line":8,"column":19},"end":{"line":8,"column":76}},"2":{"start":{"line":9,"column":4},"end":{"line":9,"column":70}},"3":{"start":{"line":9,"column":16},"end":{"line":9,"column":70}},"4":{"start":{"line":10,"column":15},"end":{"line":10,"column":63}},"5":{"start":{"line":11,"column":4},"end":{"line":11,"column":56}},"6":{"start":{"line":15,"column":4},"end":{"line":15,"column":53}},"7":{"start":{"line":19,"column":21},"end":{"line":19,"column":65}},"8":{"start":{"line":20,"column":4},"end":{"line":20,"column":77}},"9":{"start":{"line":20,"column":19},"end":{"line":20,"column":77}},"10":{"start":{"line":21,"column":4},"end":{"line":21,"column":20}},"11":{"start":{"line":25,"column":21},"end":{"line":25,"column":65}},"12":{"start":{"line":26,"column":4},"end":{"line":26,"column":77}},"13":{"start":{"line":26,"column":19},"end":{"line":26,"column":77}},"14":{"start":{"line":28,"column":4},"end":{"line":31,"column":5}},"15":{"start":{"line":29,"column":21},"end":{"line":29,"column":74}},"16":{"start":{"line":30,"column":6},"end":{"line":30,"column":82}},"17":{"start":{"line":30,"column":18},"end":{"line":30,"column":82}},"18":{"start":{"line":33,"column":4},"end":{"line":33,"column":80}},"19":{"start":{"line":37,"column":21},"end":{"line":37,"column":65}},"20":{"start":{"line":38,"column":4},"end":{"line":38,"column":77}},"21":{"start":{"line":38,"column":19},"end":{"line":38,"column":77}},"22":{"start":{"line":39,"column":4},"end":{"line":39,"column":47}},"23":{"start":{"line":4,"column":0},"end":{"line":4,"column":13}}},"fnMap":{"0":{"name":"(anonymous_0)","decl":{"start":{"line":5,"column":2},"end":{"line":5,"column":22}},"loc":{"start":{"line":5,"column":65},"end":{"line":5,"column":69}}},"1":{"name":"(anonymous_1)","decl":{"start":{"line":7,"column":2},"end":{"line":7,"column":7}},"loc":{"start":{"line":7,"column":41},"end":{"line":12,"column":3}}},"2":{"name":"(anonymous_2)","decl":{"start":{"line":14,"column":2},"end":{"line":14,"column":7}},"loc":{"start":{"line":14,"column":24},"end":{"line":16,"column":3}}},"3":{"name":"(anonymous_3)","decl":{"start":{"line":18,"column":2},"end":{"line":18,"column":7}},"loc":{"start":{"line":18,"column":34},"end":{"line":22,"column":3}}},"4":{"name":"(anonymous_4)","decl":{"start":{"line":24,"column":2},"end":{"line":24,"column":7}},"loc":{"start":{"line":24,"column":58},"end":{"line":34,"column":3}}},"5":{"name":"(anonymous_5)","decl":{"start":{"line":36,"column":2},"end":{"line":36,"column":7}},"loc":{"start":{"line":36,"column":33},"end":{"line":40,"column":3}}}},"branchMap":{"0":{"loc":{"start":{"line":9,"column":4},"end":{"line":9,"column":70}},"type":"if","locations":[{"start":{"line":9,"column":4},"end":{"line":9,"column":70}}]},"1":{"loc":{"start":{"line":20,"column":4},"end":{"line":20,"column":77}},"type":"if","locations":[{"start":{"line":20,"column":4},"end":{"line":20,"column":77}}]},"2":{"loc":{"start":{"line":26,"column":4},"end":{"line":26,"column":77}},"type":"if","locations":[{"start":{"line":26,"column":4},"end":{"line":26,"column":77}}]},"3":{"loc":{"start":{"line":28,"column":4},"end":{"line":31,"column":5}},"type":"if","locations":[{"start":{"line":28,"column":4},"end":{"line":31,"column":5}}]},"4":{"loc":{"start":{"line":28,"column":8},"end":{"line":28,"column":48}},"type":"binary-expr","locations":[{"start":{"line":28,"column":8},"end":{"line":28,"column":17}},{"start":{"line":28,"column":21},"end":{"line":28,"column":48}}]},"5":{"loc":{"start":{"line":30,"column":6},"end":{"line":30,"column":82}},"type":"if","locations":[{"start":{"line":30,"column":6},"end":{"line":30,"column":82}}]},"6":{"loc":{"start":{"line":38,"column":4},"end":{"line":38,"column":77}},"type":"if","locations":[{"start":{"line":38,"column":4},"end":{"line":38,"column":77}}]}},"s":{"0":4,"1":2,"2":2,"3":1,"4":1,"5":1,"6":0,"7":2,"8":2,"9":1,"10":1,"11":0,"12":0,"13":0,"14":0,"15":0,"16":0,"17":0,"18":0,"19":0,"20":0,"21":0,"22":0,"23":2},"f":{"0":4,"1":2,"2":0,"3":2,"4":0,"5":0},"b":{"0":[1],"1":[1],"2":[0],"3":[0],"4":[0,0],"5":[0],"6":[0]}}
,"D:\\Universidad\\Electiva_2\\Proyecto1-Plataforma-E-commerce\\src\\Categories\\infraestructure\\controllers\\categories.controllers.ts": {"path":"D:\\Universidad\\Electiva_2\\Proyecto1-Plataforma-E-commerce\\src\\Categories\\infraestructure\\controllers\\categories.controllers.ts","statementMap":{"0":{"start":{"line":2,"column":0},"end":{"line":2,"column":73}},"1":{"start":{"line":3,"column":0},"end":{"line":3,"column":77}},"2":{"start":{"line":6,"column":24},"end":{"line":6,"column":73}},"3":{"start":{"line":9,"column":36},"end":{"line":11,"column":1}},"4":{"start":{"line":10,"column":2},"end":{"line":10,"column":26}},"5":{"start":{"line":9,"column":13},"end":{"line":9,"column":36}},"6":{"start":{"line":13,"column":30},"end":{"line":23,"column":1}},"7":{"start":{"line":14,"column":2},"end":{"line":22,"column":3}},"8":{"start":{"line":15,"column":20},"end":{"line":15,"column":28}},"9":{"start":{"line":16,"column":4},"end":{"line":16,"column":88}},"10":{"start":{"line":18,"column":19},"end":{"line":18,"column":66}},"11":{"start":{"line":19,"column":4},"end":{"line":19,"column":86}},"12":{"start":{"line":21,"column":4},"end":{"line":21,"column":99}},"13":{"start":{"line":13,"column":13},"end":{"line":13,"column":30}},"14":{"start":{"line":25,"column":29},"end":{"line":32,"column":1}},"15":{"start":{"line":26,"column":2},"end":{"line":31,"column":3}},"16":{"start":{"line":27,"column":23},"end":{"line":27,"column":65}},"17":{"start":{"line":28,"column":4},"end":{"line":28,"column":37}},"18":{"start":{"line":30,"column":4},"end":{"line":30,"column":69}},"19":{"start":{"line":25,"column":13},"end":{"line":25,"column":29}},"20":{"start":{"line":34,"column":30},"end":{"line":47,"column":1}},"21":{"start":{"line":35,"column":2},"end":{"line":46,"column":3}},"22":{"start":{"line":36,"column":15},"end":{"line":36,"column":45}},"23":{"start":{"line":37,"column":4},"end":{"line":37,"column":75}},"24":{"start":{"line":37,"column":19},"end":{"line":37,"column":75}},"25":{"start":{"line":39,"column":20},"end":{"line":39,"column":28}},"26":{"start":{"line":40,"column":4},"end":{"line":40,"column":87}},"27":{"start":{"line":40,"column":41},"end":{"line":40,"column":87}},"28":{"start":{"line":42,"column":20},"end":{"line":42,"column":71}},"29":{"start":{"line":43,"column":4},"end":{"line":43,"column":82}},"30":{"start":{"line":45,"column":4},"end":{"line":45,"column":69}},"31":{"start":{"line":34,"column":13},"end":{"line":34,"column":30}},"32":{"start":{"line":49,"column":30},"end":{"line":59,"column":1}},"33":{"start":{"line":50,"column":2},"end":{"line":58,"column":3}},"34":{"start":{"line":51,"column":15},"end":{"line":51,"column":45}},"35":{"start":{"line":52,"column":4},"end":{"line":52,"column":75}},"36":{"start":{"line":52,"column":19},"end":{"line":52,"column":75}},"37":{"start":{"line":54,"column":4},"end":{"line":54,"column":47}},"38":{"start":{"line":55,"column":4},"end":{"line":55,"column":61}},"39":{"start":{"line":57,"column":4},"end":{"line":57,"column":69}},"40":{"start":{"line":49,"column":13},"end":{"line":49,"column":30}}},"fnMap":{"0":{"name":"(anonymous_0)","decl":{"start":{"line":9,"column":36},"end":{"line":9,"column":37}},"loc":{"start":{"line":9,"column":49},"end":{"line":11,"column":1}}},"1":{"name":"(anonymous_1)","decl":{"start":{"line":13,"column":30},"end":{"line":13,"column":35}},"loc":{"start":{"line":13,"column":68},"end":{"line":23,"column":1}}},"2":{"name":"(anonymous_2)","decl":{"start":{"line":25,"column":29},"end":{"line":25,"column":34}},"loc":{"start":{"line":25,"column":68},"end":{"line":32,"column":1}}},"3":{"name":"(anonymous_3)","decl":{"start":{"line":34,"column":30},"end":{"line":34,"column":35}},"loc":{"start":{"line":34,"column":68},"end":{"line":47,"column":1}}},"4":{"name":"(anonymous_4)","decl":{"start":{"line":49,"column":30},"end":{"line":49,"column":35}},"loc":{"start":{"line":49,"column":68},"end":{"line":59,"column":1}}}},"branchMap":{"0":{"loc":{"start":{"line":16,"column":24},"end":{"line":16,"column":87}},"type":"cond-expr","locations":[{"start":{"line":16,"column":58},"end":{"line":16,"column":83}},{"start":{"line":16,"column":86},"end":{"line":16,"column":87}}]},"1":{"loc":{"start":{"line":21,"column":15},"end":{"line":21,"column":34}},"type":"binary-expr","locations":[{"start":{"line":21,"column":15},"end":{"line":21,"column":27}},{"start":{"line":21,"column":31},"end":{"line":21,"column":34}}]},"2":{"loc":{"start":{"line":21,"column":52},"end":{"line":21,"column":95}},"type":"binary-expr","locations":[{"start":{"line":21,"column":52},"end":{"line":21,"column":65}},{"start":{"line":21,"column":69},"end":{"line":21,"column":95}}]},"3":{"loc":{"start":{"line":30,"column":15},"end":{"line":30,"column":34}},"type":"binary-expr","locations":[{"start":{"line":30,"column":15},"end":{"line":30,"column":27}},{"start":{"line":30,"column":31},"end":{"line":30,"column":34}}]},"4":{"loc":{"start":{"line":37,"column":4},"end":{"line":37,"column":75}},"type":"if","locations":[{"start":{"line":37,"column":4},"end":{"line":37,"column":75}}]},"5":{"loc":{"start":{"line":40,"column":4},"end":{"line":40,"column":87}},"type":"if","locations":[{"start":{"line":40,"column":4},"end":{"line":40,"column":87}}]},"6":{"loc":{"start":{"line":45,"column":15},"end":{"line":45,"column":34}},"type":"binary-expr","locations":[{"start":{"line":45,"column":15},"end":{"line":45,"column":27}},{"start":{"line":45,"column":31},"end":{"line":45,"column":34}}]},"7":{"loc":{"start":{"line":52,"column":4},"end":{"line":52,"column":75}},"type":"if","locations":[{"start":{"line":52,"column":4},"end":{"line":52,"column":75}}]},"8":{"loc":{"start":{"line":57,"column":15},"end":{"line":57,"column":34}},"type":"binary-expr","locations":[{"start":{"line":57,"column":15},"end":{"line":57,"column":27}},{"start":{"line":57,"column":31},"end":{"line":57,"column":34}}]}},"s":{"0":1,"1":1,"2":1,"3":1,"4":3,"5":1,"6":1,"7":2,"8":2,"9":2,"10":2,"11":1,"12":1,"13":1,"14":1,"15":1,"16":1,"17":1,"18":0,"19":1,"20":1,"21":0,"22":0,"23":0,"24":0,"25":0,"26":0,"27":0,"28":0,"29":0,"30":0,"31":1,"32":1,"33":0,"34":0,"35":0,"36":0,"37":0,"38":0,"39":0,"40":1},"f":{"0":3,"1":2,"2":1,"3":0,"4":0},"b":{"0":[1,1],"1":[1,0],"2":[1,0],"3":[0,0],"4":[0],"5":[0],"6":[0,0],"7":[0],"8":[0,0]}}
,"D:\\Universidad\\Electiva_2\\Proyecto1-Plataforma-E-commerce\\src\\Categories\\infraestructure\\middlewares\\categories.middlewares.ts": {"path":"D:\\Universidad\\Electiva_2\\Proyecto1-Plataforma-E-commerce\\src\\Categories\\infraestructure\\middlewares\\categories.middlewares.ts","statementMap":{"0":{"start":{"line":9,"column":0},"end":{"line":9,"column":24}},"1":{"start":{"line":3,"column":0},"end":{"line":3,"column":31}},"2":{"start":{"line":4,"column":0},"end":{"line":4,"column":73}},"3":{"start":{"line":5,"column":0},"end":{"line":5,"column":77}},"4":{"start":{"line":7,"column":19},"end":{"line":7,"column":53}},"5":{"start":{"line":10,"column":21},"end":{"line":10,"column":46}},"6":{"start":{"line":11,"column":2},"end":{"line":11,"column":79}},"7":{"start":{"line":11,"column":19},"end":{"line":11,"column":79}},"8":{"start":{"line":13,"column":16},"end":{"line":13,"column":40}},"9":{"start":{"line":14,"column":2},"end":{"line":14,"column":73}},"10":{"start":{"line":14,"column":14},"end":{"line":14,"column":73}},"11":{"start":{"line":16,"column":2},"end":{"line":22,"column":3}},"12":{"start":{"line":17,"column":20},"end":{"line":17,"column":49}},"13":{"start":{"line":18,"column":5},"end":{"line":18,"column":32}},"14":{"start":{"line":19,"column":4},"end":{"line":19,"column":11}},"15":{"start":{"line":21,"column":4},"end":{"line":21,"column":74}},"16":{"start":{"line":25,"column":26},"end":{"line":25,"column":75}},"17":{"start":{"line":28,"column":38},"end":{"line":32,"column":1}},"18":{"start":{"line":29,"column":19},"end":{"line":29,"column":27}},"19":{"start":{"line":30,"column":2},"end":{"line":30,"column":74}},"20":{"start":{"line":30,"column":13},"end":{"line":30,"column":74}},"21":{"start":{"line":31,"column":2},"end":{"line":31,"column":9}},"22":{"start":{"line":28,"column":13},"end":{"line":28,"column":38}},"23":{"start":{"line":35,"column":38},"end":{"line":41,"column":1}},"24":{"start":{"line":36,"column":19},"end":{"line":36,"column":27}},"25":{"start":{"line":37,"column":2},"end":{"line":39,"column":3}},"26":{"start":{"line":38,"column":4},"end":{"line":38,"column":64}},"27":{"start":{"line":40,"column":2},"end":{"line":40,"column":9}},"28":{"start":{"line":35,"column":13},"end":{"line":35,"column":38}},"29":{"start":{"line":44,"column":40},"end":{"line":57,"column":1}},"30":{"start":{"line":45,"column":13},"end":{"line":45,"column":60}},"31":{"start":{"line":46,"column":2},"end":{"line":46,"column":81}},"32":{"start":{"line":46,"column":11},"end":{"line":46,"column":81}},"33":{"start":{"line":48,"column":2},"end":{"line":56,"column":3}},"34":{"start":{"line":49,"column":21},"end":{"line":49,"column":82}},"35":{"start":{"line":49,"column":77},"end":{"line":49,"column":81}},"36":{"start":{"line":50,"column":4},"end":{"line":50,"column":87}},"37":{"start":{"line":50,"column":19},"end":{"line":50,"column":87}},"38":{"start":{"line":52,"column":5},"end":{"line":52,"column":37}},"39":{"start":{"line":53,"column":4},"end":{"line":53,"column":11}},"40":{"start":{"line":55,"column":4},"end":{"line":55,"column":98}},"41":{"start":{"line":44,"column":13},"end":{"line":44,"column":40}}},"fnMap":{"0":{"name":"authMiddleware","decl":{"start":{"line":9,"column":24},"end":{"line":9,"column":38}},"loc":{"start":{"line":9,"column":86},"end":{"line":23,"column":1}}},"1":{"name":"(anonymous_2)","decl":{"start":{"line":28,"column":38},"end":{"line":28,"column":39}},"loc":{"start":{"line":28,"column":90},"end":{"line":32,"column":1}}},"2":{"name":"(anonymous_3)","decl":{"start":{"line":35,"column":38},"end":{"line":35,"column":39}},"loc":{"start":{"line":35,"column":90},"end":{"line":41,"column":1}}},"3":{"name":"(anonymous_4)","decl":{"start":{"line":44,"column":40},"end":{"line":44,"column":45}},"loc":{"start":{"line":44,"column":98},"end":{"line":57,"column":1}}},"4":{"name":"(anonymous_5)","decl":{"start":{"line":49,"column":71},"end":{"line":49,"column":74}},"loc":{"start":{"line":49,"column":77},"end":{"line":49,"column":81}}}},"branchMap":{"0":{"loc":{"start":{"line":7,"column":19},"end":{"line":7,"column":53}},"type":"binary-expr","locations":[{"start":{"line":7,"column":19},"end":{"line":7,"column":41}},{"start":{"line":7,"column":45},"end":{"line":7,"column":53}}]},"1":{"loc":{"start":{"line":11,"column":2},"end":{"line":11,"column":79}},"type":"if","locations":[{"start":{"line":11,"column":2},"end":{"line":11,"column":79}}]},"2":{"loc":{"start":{"line":14,"column":2},"end":{"line":14,"column":73}},"type":"if","locations":[{"start":{"line":14,"column":2},"end":{"line":14,"column":73}}]},"3":{"loc":{"start":{"line":30,"column":2},"end":{"line":30,"column":74}},"type":"if","locations":[{"start":{"line":30,"column":2},"end":{"line":30,"column":74}}]},"4":{"loc":{"start":{"line":37,"column":2},"end":{"line":39,"column":3}},"type":"if","locations":[{"start":{"line":37,"column":2},"end":{"line":39,"column":3}}]},"5":{"loc":{"start":{"line":37,"column":6},"end":{"line":37,"column":46}},"type":"binary-expr","locations":[{"start":{"line":37,"column":6},"end":{"line":37,"column":24}},{"start":{"line":37,"column":28},"end":{"line":37,"column":46}}]},"6":{"loc":{"start":{"line":45,"column":20},"end":{"line":45,"column":59}},"type":"binary-expr","locations":[{"start":{"line":45,"column":20},"end":{"line":45,"column":33}},{"start":{"line":45,"column":37},"end":{"line":45,"column":59}}]},"7":{"loc":{"start":{"line":46,"column":2},"end":{"line":46,"column":81}},"type":"if","locations":[{"start":{"line":46,"column":2},"end":{"line":46,"column":81}}]},"8":{"loc":{"start":{"line":50,"column":4},"end":{"line":50,"column":87}},"type":"if","locations":[{"start":{"line":50,"column":4},"end":{"line":50,"column":87}}]},"9":{"loc":{"start":{"line":55,"column":15},"end":{"line":55,"column":32}},"type":"binary-expr","locations":[{"start":{"line":55,"column":15},"end":{"line":55,"column":25}},{"start":{"line":55,"column":29},"end":{"line":55,"column":32}}]},"10":{"loc":{"start":{"line":55,"column":50},"end":{"line":55,"column":94}},"type":"binary-expr","locations":[{"start":{"line":55,"column":50},"end":{"line":55,"column":61}},{"start":{"line":55,"column":65},"end":{"line":55,"column":94}}]}},"s":{"0":0,"1":0,"2":0,"3":0,"4":0,"5":0,"6":0,"7":0,"8":0,"9":0,"10":0,"11":0,"12":0,"13":0,"14":0,"15":0,"16":0,"17":0,"18":0,"19":0,"20":0,"21":0,"22":0,"23":0,"24":0,"25":0,"26":0,"27":0,"28":0,"29":0,"30":0,"31":0,"32":0,"33":0,"34":0,"35":0,"36":0,"37":0,"38":0,"39":0,"40":0,"41":0},"f":{"0":0,"1":0,"2":0,"3":0,"4":0},"b":{"0":[0,0],"1":[0],"2":[0],"3":[0],"4":[0],"5":[0,0],"6":[0,0],"7":[0],"8":[0],"9":[0,0],"10":[0,0]}}
,"D:\\Universidad\\Electiva_2\\Proyecto1-Plataforma-E-commerce\\src\\Categories\\infraestructure\\repositories\\categories.repository.ts": {"path":"D:\\Universidad\\Electiva_2\\Proyecto1-Plataforma-E-commerce\\src\\Categories\\infraestructure\\repositories\\categories.repository.ts","statementMap":{"0":{"start":{"line":1,"column":0},"end":{"line":1,"column":36}},"1":{"start":{"line":15,"column":21},"end":{"line":23,"column":null}},"2":{"start":{"line":25,"column":4},"end":{"line":25,"column":36}},"3":{"start":{"line":29,"column":19},"end":{"line":29,"column":61}},"4":{"start":{"line":30,"column":4},"end":{"line":30,"column":30}},"5":{"start":{"line":34,"column":19},"end":{"line":34,"column":78}},"6":{"start":{"line":35,"column":4},"end":{"line":35,"column":35}},"7":{"start":{"line":39,"column":19},"end":{"line":39,"column":82}},"8":{"start":{"line":40,"column":4},"end":{"line":40,"column":35}},"9":{"start":{"line":44,"column":29},"end":{"line":44,"column":31}},"10":{"start":{"line":45,"column":26},"end":{"line":45,"column":28}},"11":{"start":{"line":47,"column":4},"end":{"line":50,"column":5}},"12":{"start":{"line":48,"column":6},"end":{"line":48,"column":28}},"13":{"start":{"line":49,"column":6},"end":{"line":49,"column":33}},"14":{"start":{"line":51,"column":4},"end":{"line":54,"column":5}},"15":{"start":{"line":52,"column":6},"end":{"line":52,"column":35}},"16":{"start":{"line":53,"column":6},"end":{"line":53,"column":40}},"17":{"start":{"line":55,"column":4},"end":{"line":58,"column":5}},"18":{"start":{"line":56,"column":6},"end":{"line":56,"column":33}},"19":{"start":{"line":57,"column":6},"end":{"line":57,"column":46}},"20":{"start":{"line":59,"column":4},"end":{"line":62,"column":5}},"21":{"start":{"line":60,"column":6},"end":{"line":60,"column":33}},"22":{"start":{"line":61,"column":6},"end":{"line":61,"column":38}},"23":{"start":{"line":64,"column":4},"end":{"line":64,"column":93}},"24":{"start":{"line":64,"column":29},"end":{"line":64,"column":93}},"25":{"start":{"line":66,"column":4},"end":{"line":66,"column":20}},"26":{"start":{"line":67,"column":4},"end":{"line":67,"column":84}},"27":{"start":{"line":68,"column":4},"end":{"line":68,"column":50}},"28":{"start":{"line":72,"column":4},"end":{"line":72,"column":62}},"29":{"start":{"line":13,"column":0},"end":{"line":13,"column":13}}},"fnMap":{"0":{"name":"(anonymous_1)","decl":{"start":{"line":14,"column":2},"end":{"line":14,"column":7}},"loc":{"start":{"line":14,"column":33},"end":{"line":26,"column":3}}},"1":{"name":"(anonymous_2)","decl":{"start":{"line":28,"column":2},"end":{"line":28,"column":7}},"loc":{"start":{"line":28,"column":15},"end":{"line":31,"column":3}}},"2":{"name":"(anonymous_3)","decl":{"start":{"line":33,"column":2},"end":{"line":33,"column":7}},"loc":{"start":{"line":33,"column":27},"end":{"line":36,"column":3}}},"3":{"name":"(anonymous_4)","decl":{"start":{"line":38,"column":2},"end":{"line":38,"column":7}},"loc":{"start":{"line":38,"column":31},"end":{"line":41,"column":3}}},"4":{"name":"(anonymous_5)","decl":{"start":{"line":43,"column":2},"end":{"line":43,"column":7}},"loc":{"start":{"line":43,"column":54},"end":{"line":69,"column":3}}},"5":{"name":"(anonymous_6)","decl":{"start":{"line":71,"column":2},"end":{"line":71,"column":7}},"loc":{"start":{"line":71,"column":25},"end":{"line":73,"column":3}}}},"branchMap":{"0":{"loc":{"start":{"line":20,"column":8},"end":{"line":20,"column":36}},"type":"binary-expr","locations":[{"start":{"line":20,"column":8},"end":{"line":20,"column":28}},{"start":{"line":20,"column":32},"end":{"line":20,"column":36}}]},"1":{"loc":{"start":{"line":21,"column":15},"end":{"line":21,"column":38}},"type":"binary-expr","locations":[{"start":{"line":21,"column":15},"end":{"line":21,"column":33}},{"start":{"line":21,"column":37},"end":{"line":21,"column":38}}]},"2":{"loc":{"start":{"line":22,"column":8},"end":{"line":22,"column":34}},"type":"binary-expr","locations":[{"start":{"line":22,"column":8},"end":{"line":22,"column":26}},{"start":{"line":22,"column":30},"end":{"line":22,"column":34}}]},"3":{"loc":{"start":{"line":47,"column":4},"end":{"line":50,"column":5}},"type":"if","locations":[{"start":{"line":47,"column":4},"end":{"line":50,"column":5}}]},"4":{"loc":{"start":{"line":51,"column":4},"end":{"line":54,"column":5}},"type":"if","locations":[{"start":{"line":51,"column":4},"end":{"line":54,"column":5}}]},"5":{"loc":{"start":{"line":55,"column":4},"end":{"line":58,"column":5}},"type":"if","locations":[{"start":{"line":55,"column":4},"end":{"line":58,"column":5}}]},"6":{"loc":{"start":{"line":59,"column":4},"end":{"line":62,"column":5}},"type":"if","locations":[{"start":{"line":59,"column":4},"end":{"line":62,"column":5}}]},"7":{"loc":{"start":{"line":64,"column":4},"end":{"line":64,"column":93}},"type":"if","locations":[{"start":{"line":64,"column":4},"end":{"line":64,"column":93}}]}},"s":{"0":1,"1":0,"2":0,"3":0,"4":0,"5":0,"6":0,"7":0,"8":0,"9":0,"10":0,"11":0,"12":0,"13":0,"14":0,"15":0,"16":0,"17":0,"18":0,"19":0,"20":0,"21":0,"22":0,"23":0,"24":0,"25":0,"26":0,"27":0,"28":0,"29":1},"f":{"0":0,"1":0,"2":0,"3":0,"4":0,"5":0},"b":{"0":[0,0],"1":[0,0],"2":[0,0],"3":[0],"4":[0],"5":[0],"6":[0],"7":[0]}}
,"D:\\Universidad\\Electiva_2\\Proyecto1-Plataforma-E-commerce\\src\\Categories\\routes\\categories.route.ts": {"path":"D:\\Universidad\\Electiva_2\\Proyecto1-Plataforma-E-commerce\\src\\Categories\\routes\\categories.route.ts","statementMap":{"0":{"start":{"line":2,"column":0},"end":{"line":2,"column":33}},"1":{"start":{"line":3,"column":0},"end":{"line":3,"column":92}},"2":{"start":{"line":4,"column":0},"end":{"line":4,"column":85}},"3":{"start":{"line":5,"column":0},"end":{"line":5,"column":145}},"4":{"start":{"line":7,"column":15},"end":{"line":7,"column":23}},"5":{"start":{"line":10,"column":0},"end":{"line":10,"column":60}},"6":{"start":{"line":14,"column":0},"end":{"line":14,"column":108}},"7":{"start":{"line":15,"column":0},"end":{"line":15,"column":146}},"8":{"start":{"line":16,"column":0},"end":{"line":16,"column":125}},"9":{"start":{"line":18,"column":0},"end":{"line":18,"column":22}}},"fnMap":{},"branchMap":{},"s":{"0":0,"1":0,"2":0,"3":0,"4":0,"5":0,"6":0,"7":0,"8":0,"9":0},"f":{},"b":{}}
,"D:\\Universidad\\Electiva_2\\Proyecto1-Plataforma-E-commerce\\src\\Checkout\\application\\checkout.service.ts": {"path":"D:\\Universidad\\Electiva_2\\Proyecto1-Plataforma-E-commerce\\src\\Checkout\\application\\checkout.service.ts","statementMap":{"0":{"start":{"line":2,"column":0},"end":{"line":2,"column":89}},"1":{"start":{"line":3,"column":0},"end":{"line":3,"column":71}},"2":{"start":{"line":10,"column":4},"end":{"line":10,"column":49}},"3":{"start":{"line":11,"column":4},"end":{"line":11,"column":45}},"4":{"start":{"line":15,"column":67},"end":{"line":15,"column":79}},"5":{"start":{"line":18,"column":4},"end":{"line":20,"column":5}},"6":{"start":{"line":19,"column":6},"end":{"line":19,"column":66}},"7":{"start":{"line":21,"column":4},"end":{"line":23,"column":5}},"8":{"start":{"line":22,"column":6},"end":{"line":22,"column":71}},"9":{"start":{"line":24,"column":4},"end":{"line":26,"column":5}},"10":{"start":{"line":25,"column":6},"end":{"line":25,"column":77}},"11":{"start":{"line":27,"column":4},"end":{"line":29,"column":5}},"12":{"start":{"line":28,"column":6},"end":{"line":28,"column":73}},"13":{"start":{"line":31,"column":19},"end":{"line":31,"column":20}},"14":{"start":{"line":32,"column":36},"end":{"line":32,"column":38}},"15":{"start":{"line":35,"column":4},"end":{"line":61,"column":5}},"16":{"start":{"line":36,"column":22},"end":{"line":36,"column":69}},"17":{"start":{"line":37,"column":6},"end":{"line":39,"column":7}},"18":{"start":{"line":38,"column":8},"end":{"line":38,"column":76}},"19":{"start":{"line":41,"column":20},"end":{"line":41,"column":41}},"20":{"start":{"line":42,"column":23},"end":{"line":42,"column":44}},"21":{"start":{"line":44,"column":6},"end":{"line":46,"column":7}},"22":{"start":{"line":45,"column":8},"end":{"line":45,"column":90}},"23":{"start":{"line":47,"column":6},"end":{"line":49,"column":7}},"24":{"start":{"line":48,"column":8},"end":{"line":48,"column":82}},"25":{"start":{"line":51,"column":27},"end":{"line":51,"column":68}},"26":{"start":{"line":52,"column":6},"end":{"line":52,"column":31}},"27":{"start":{"line":55,"column":6},"end":{"line":60,"column":9}},"28":{"start":{"line":66,"column":23},"end":{"line":66,"column":47}},"29":{"start":{"line":67,"column":25},"end":{"line":67,"column":73}},"30":{"start":{"line":69,"column":4},"end":{"line":71,"column":5}},"31":{"start":{"line":70,"column":6},"end":{"line":70,"column":76}},"32":{"start":{"line":74,"column":25},"end":{"line":79,"column":6}},"33":{"start":{"line":82,"column":18},"end":{"line":82,"column":68}},"34":{"start":{"line":85,"column":4},"end":{"line":93,"column":6}},"35":{"start":{"line":5,"column":0},"end":{"line":5,"column":13}}},"fnMap":{"0":{"name":"(anonymous_0)","decl":{"start":{"line":9,"column":2},"end":{"line":9,"column":null}},"loc":{"start":{"line":9,"column":2},"end":{"line":12,"column":3}}},"1":{"name":"(anonymous_1)","decl":{"start":{"line":14,"column":2},"end":{"line":14,"column":7}},"loc":{"start":{"line":14,"column":41},"end":{"line":94,"column":3}}}},"branchMap":{"0":{"loc":{"start":{"line":18,"column":4},"end":{"line":20,"column":5}},"type":"if","locations":[{"start":{"line":18,"column":4},"end":{"line":20,"column":5}}]},"1":{"loc":{"start":{"line":21,"column":4},"end":{"line":23,"column":5}},"type":"if","locations":[{"start":{"line":21,"column":4},"end":{"line":23,"column":5}}]},"2":{"loc":{"start":{"line":21,"column":8},"end":{"line":21,"column":42}},"type":"binary-expr","locations":[{"start":{"line":21,"column":8},"end":{"line":21,"column":17}},{"start":{"line":21,"column":21},"end":{"line":21,"column":42}}]},"3":{"loc":{"start":{"line":24,"column":4},"end":{"line":26,"column":5}},"type":"if","locations":[{"start":{"line":24,"column":4},"end":{"line":26,"column":5}}]},"4":{"loc":{"start":{"line":24,"column":8},"end":{"line":24,"column":59}},"type":"binary-expr","locations":[{"start":{"line":24,"column":8},"end":{"line":24,"column":25}},{"start":{"line":24,"column":29},"end":{"line":24,"column":59}}]},"5":{"loc":{"start":{"line":27,"column":4},"end":{"line":29,"column":5}},"type":"if","locations":[{"start":{"line":27,"column":4},"end":{"line":29,"column":5}}]},"6":{"loc":{"start":{"line":27,"column":8},"end":{"line":27,"column":55}},"type":"binary-expr","locations":[{"start":{"line":27,"column":8},"end":{"line":27,"column":23}},{"start":{"line":27,"column":27},"end":{"line":27,"column":55}}]},"7":{"loc":{"start":{"line":37,"column":6},"end":{"line":39,"column":7}},"type":"if","locations":[{"start":{"line":37,"column":6},"end":{"line":39,"column":7}}]},"8":{"loc":{"start":{"line":44,"column":6},"end":{"line":46,"column":7}},"type":"if","locations":[{"start":{"line":44,"column":6},"end":{"line":46,"column":7}}]},"9":{"loc":{"start":{"line":44,"column":10},"end":{"line":44,"column":58}},"type":"binary-expr","locations":[{"start":{"line":44,"column":10},"end":{"line":44,"column":22}},{"start":{"line":44,"column":26},"end":{"line":44,"column":41}},{"start":{"line":44,"column":45},"end":{"line":44,"column":58}}]},"10":{"loc":{"start":{"line":47,"column":6},"end":{"line":49,"column":7}},"type":"if","locations":[{"start":{"line":47,"column":6},"end":{"line":49,"column":7}}]},"11":{"loc":{"start":{"line":66,"column":23},"end":{"line":66,"column":47}},"type":"cond-expr","locations":[{"start":{"line":66,"column":41},"end":{"line":66,"column":42}},{"start":{"line":66,"column":45},"end":{"line":66,"column":47}}]},"12":{"loc":{"start":{"line":69,"column":4},"end":{"line":71,"column":5}},"type":"if","locations":[{"start":{"line":69,"column":4},"end":{"line":71,"column":5}}]}},"s":{"0":2,"1":2,"2":2,"3":2,"4":2,"5":2,"6":0,"7":2,"8":0,"9":2,"10":0,"11":2,"12":0,"13":2,"14":2,"15":2,"16":2,"17":2,"18":0,"19":2,"20":2,"21":2,"22":0,"23":2,"24":1,"25":1,"26":1,"27":1,"28":1,"29":1,"30":1,"31":0,"32":1,"33":1,"34":1,"35":2},"f":{"0":2,"1":2},"b":{"0":[0],"1":[0],"2":[2,2],"3":[0],"4":[2,2],"5":[0],"6":[2,2],"7":[0],"8":[0],"9":[2,2,2],"10":[1],"11":[0,1],"12":[0]}}
,"D:\\Universidad\\Electiva_2\\Proyecto1-Plataforma-E-commerce\\src\\Checkout\\infraestructure\\controllers\\checkout.controller.ts": {"path":"D:\\Universidad\\Electiva_2\\Proyecto1-Plataforma-E-commerce\\src\\Checkout\\infraestructure\\controllers\\checkout.controller.ts","statementMap":{"0":{"start":{"line":3,"column":0},"end":{"line":3,"column":69}},"1":{"start":{"line":5,"column":22},"end":{"line":5,"column":43}},"2":{"start":{"line":8,"column":34},"end":{"line":10,"column":1}},"3":{"start":{"line":9,"column":2},"end":{"line":9,"column":24}},"4":{"start":{"line":8,"column":13},"end":{"line":8,"column":34}},"5":{"start":{"line":15,"column":4},"end":{"line":39,"column":5}},"6":{"start":{"line":16,"column":69},"end":{"line":16,"column":77}},"7":{"start":{"line":19,"column":27},"end":{"line":24,"column":8}},"8":{"start":{"line":26,"column":21},"end":{"line":26,"column":72}},"9":{"start":{"line":28,"column":6},"end":{"line":28,"column":42}},"10":{"start":{"line":30,"column":6},"end":{"line":30,"column":49}},"11":{"start":{"line":33,"column":6},"end":{"line":35,"column":7}},"12":{"start":{"line":34,"column":8},"end":{"line":34,"column":69}},"13":{"start":{"line":38,"column":6},"end":{"line":38,"column":79}},"14":{"start":{"line":12,"column":0},"end":{"line":12,"column":13}}},"fnMap":{"0":{"name":"(anonymous_0)","decl":{"start":{"line":8,"column":34},"end":{"line":8,"column":35}},"loc":{"start":{"line":8,"column":47},"end":{"line":10,"column":1}}},"1":{"name":"(anonymous_1)","decl":{"start":{"line":14,"column":2},"end":{"line":14,"column":8}},"loc":{"start":{"line":14,"column":51},"end":{"line":40,"column":3}}}},"branchMap":{"0":{"loc":{"start":{"line":20,"column":16},"end":{"line":20,"column":47}},"type":"binary-expr","locations":[{"start":{"line":20,"column":16},"end":{"line":20,"column":22}},{"start":{"line":20,"column":27},"end":{"line":20,"column":47}}]},"1":{"loc":{"start":{"line":33,"column":6},"end":{"line":35,"column":7}},"type":"if","locations":[{"start":{"line":33,"column":6},"end":{"line":35,"column":7}}]},"2":{"loc":{"start":{"line":33,"column":10},"end":{"line":33,"column":35}},"type":"binary-expr","locations":[{"start":{"line":33,"column":10},"end":{"line":33,"column":20}},{"start":{"line":33,"column":24},"end":{"line":33,"column":35}}]}},"s":{"0":1,"1":1,"2":1,"3":2,"4":1,"5":2,"6":2,"7":2,"8":2,"9":1,"10":1,"11":1,"12":1,"13":0,"14":1},"f":{"0":2,"1":2},"b":{"0":[2,0],"1":[1],"2":[1,1]}}
,"D:\\Universidad\\Electiva_2\\Proyecto1-Plataforma-E-commerce\\src\\Checkout\\infraestructure\\middlewares\\checkout.middleware.ts": {"path":"D:\\Universidad\\Electiva_2\\Proyecto1-Plataforma-E-commerce\\src\\Checkout\\infraestructure\\middlewares\\checkout.middleware.ts","statementMap":{"0":{"start":{"line":8,"column":0},"end":{"line":8,"column":24}},"1":{"start":{"line":3,"column":0},"end":{"line":3,"column":31}},"2":{"start":{"line":6,"column":19},"end":{"line":6,"column":53}},"3":{"start":{"line":9,"column":21},"end":{"line":9,"column":46}},"4":{"start":{"line":10,"column":2},"end":{"line":10,"column":79}},"5":{"start":{"line":10,"column":19},"end":{"line":10,"column":79}},"6":{"start":{"line":12,"column":16},"end":{"line":12,"column":40}},"7":{"start":{"line":13,"column":2},"end":{"line":13,"column":73}},"8":{"start":{"line":13,"column":14},"end":{"line":13,"column":73}},"9":{"start":{"line":15,"column":2},"end":{"line":21,"column":3}},"10":{"start":{"line":16,"column":20},"end":{"line":16,"column":49}},"11":{"start":{"line":17,"column":5},"end":{"line":17,"column":32}},"12":{"start":{"line":18,"column":4},"end":{"line":18,"column":11}},"13":{"start":{"line":20,"column":4},"end":{"line":20,"column":74}},"14":{"start":{"line":24,"column":32},"end":{"line":34,"column":1}},"15":{"start":{"line":25,"column":57},"end":{"line":25,"column":65}},"16":{"start":{"line":27,"column":2},"end":{"line":31,"column":3}},"17":{"start":{"line":28,"column":4},"end":{"line":30,"column":7}},"18":{"start":{"line":33,"column":2},"end":{"line":33,"column":9}},"19":{"start":{"line":24,"column":13},"end":{"line":24,"column":32}}},"fnMap":{"0":{"name":"authMiddleware","decl":{"start":{"line":8,"column":24},"end":{"line":8,"column":38}},"loc":{"start":{"line":8,"column":86},"end":{"line":22,"column":1}}},"1":{"name":"(anonymous_2)","decl":{"start":{"line":24,"column":32},"end":{"line":24,"column":33}},"loc":{"start":{"line":24,"column":84},"end":{"line":34,"column":1}}}},"branchMap":{"0":{"loc":{"start":{"line":6,"column":19},"end":{"line":6,"column":53}},"type":"binary-expr","locations":[{"start":{"line":6,"column":19},"end":{"line":6,"column":41}},{"start":{"line":6,"column":45},"end":{"line":6,"column":53}}]},"1":{"loc":{"start":{"line":10,"column":2},"end":{"line":10,"column":79}},"type":"if","locations":[{"start":{"line":10,"column":2},"end":{"line":10,"column":79}}]},"2":{"loc":{"start":{"line":13,"column":2},"end":{"line":13,"column":73}},"type":"if","locations":[{"start":{"line":13,"column":2},"end":{"line":13,"column":73}}]},"3":{"loc":{"start":{"line":27,"column":2},"end":{"line":31,"column":3}},"type":"if","locations":[{"start":{"line":27,"column":2},"end":{"line":31,"column":3}}]},"4":{"loc":{"start":{"line":27,"column":6},"end":{"line":27,"column":80}},"type":"binary-expr","locations":[{"start":{"line":27,"column":6},"end":{"line":27,"column":15}},{"start":{"line":27,"column":19},"end":{"line":27,"column":40}},{"start":{"line":27,"column":44},"end":{"line":27,"column":59}},{"start":{"line":27,"column":63},"end":{"line":27,"column":80}}]}},"s":{"0":0,"1":0,"2":0,"3":0,"4":0,"5":0,"6":0,"7":0,"8":0,"9":0,"10":0,"11":0,"12":0,"13":0,"14":0,"15":0,"16":0,"17":0,"18":0,"19":0},"f":{"0":0,"1":0},"b":{"0":[0,0],"1":[0],"2":[0],"3":[0],"4":[0,0,0,0]}}
,"D:\\Universidad\\Electiva_2\\Proyecto1-Plataforma-E-commerce\\src\\Checkout\\infraestructure\\repositories\\checkout.repository.ts": {"path":"D:\\Universidad\\Electiva_2\\Proyecto1-Plataforma-E-commerce\\src\\Checkout\\infraestructure\\repositories\\checkout.repository.ts","statementMap":{"0":{"start":{"line":2,"column":0},"end":{"line":2,"column":36}},"1":{"start":{"line":14,"column":4},"end":{"line":22,"column":5}},"2":{"start":{"line":15,"column":26},"end":{"line":17,"column":null}},"3":{"start":{"line":19,"column":6},"end":{"line":19,"column":29}},"4":{"start":{"line":21,"column":6},"end":{"line":21,"column":81}},"5":{"start":{"line":27,"column":4},"end":{"line":30,"column":7}},"6":{"start":{"line":11,"column":0},"end":{"line":11,"column":13}}},"fnMap":{"0":{"name":"(anonymous_1)","decl":{"start":{"line":13,"column":2},"end":{"line":13,"column":7}},"loc":{"start":{"line":13,"column":40},"end":{"line":23,"column":3}}},"1":{"name":"(anonymous_2)","decl":{"start":{"line":26,"column":2},"end":{"line":26,"column":7}},"loc":{"start":{"line":26,"column":55},"end":{"line":31,"column":3}}}},"branchMap":{"0":{"loc":{"start":{"line":19,"column":13},"end":{"line":19,"column":28}},"type":"binary-expr","locations":[{"start":{"line":19,"column":13},"end":{"line":19,"column":20}},{"start":{"line":19,"column":24},"end":{"line":19,"column":28}}]}},"s":{"0":2,"1":0,"2":0,"3":0,"4":0,"5":0,"6":2},"f":{"0":0,"1":0},"b":{"0":[0,0]}}
,"D:\\Universidad\\Electiva_2\\Proyecto1-Plataforma-E-commerce\\src\\Checkout\\routes\\checkout.route.ts": {"path":"D:\\Universidad\\Electiva_2\\Proyecto1-Plataforma-E-commerce\\src\\Checkout\\routes\\checkout.route.ts","statementMap":{"0":{"start":{"line":2,"column":0},"end":{"line":2,"column":30}},"1":{"start":{"line":3,"column":0},"end":{"line":3,"column":88}},"2":{"start":{"line":4,"column":0},"end":{"line":4,"column":85}},"3":{"start":{"line":5,"column":0},"end":{"line":5,"column":86}},"4":{"start":{"line":7,"column":15},"end":{"line":7,"column":31}},"5":{"start":{"line":9,"column":0},"end":{"line":9,"column":94}},"6":{"start":{"line":11,"column":0},"end":{"line":11,"column":22}}},"fnMap":{},"branchMap":{},"s":{"0":0,"1":0,"2":0,"3":0,"4":0,"5":0,"6":0},"f":{},"b":{}}
,"D:\\Universidad\\Electiva_2\\Proyecto1-Plataforma-E-commerce\\src\\Orders\\application\\order.service.ts": {"path":"D:\\Universidad\\Electiva_2\\Proyecto1-Plataforma-E-commerce\\src\\Orders\\application\\order.service.ts","statementMap":{"0":{"start":{"line":1,"column":0},"end":{"line":1,"column":84}},"1":{"start":{"line":7,"column":4},"end":{"line":7,"column":39}},"2":{"start":{"line":11,"column":17},"end":{"line":11,"column":27}},"3":{"start":{"line":12,"column":21},"end":{"line":12,"column":70}},"4":{"start":{"line":13,"column":19},"end":{"line":13,"column":60}},"5":{"start":{"line":14,"column":4},"end":{"line":14,"column":39}},"6":{"start":{"line":18,"column":4},"end":{"line":20,"column":5}},"7":{"start":{"line":19,"column":6},"end":{"line":19,"column":58}},"8":{"start":{"line":23,"column":22},"end":{"line":26,"column":7}},"9":{"start":{"line":24,"column":21},"end":{"line":24,"column":53}},"10":{"start":{"line":25,"column":4},"end":{"line":25,"column":26}},"11":{"start":{"line":28,"column":2},"end":{"line":28,"column":54}},"12":{"start":{"line":29,"column":2},"end":{"line":29,"column":33}},"13":{"start":{"line":30,"column":2},"end":{"line":30,"column":50}},"14":{"start":{"line":33,"column":2},"end":{"line":38,"column":6}},"15":{"start":{"line":33,"column":59},"end":{"line":38,"column":4}},"16":{"start":{"line":40,"column":2},"end":{"line":40,"column":null}},"17":{"start":{"line":44,"column":4},"end":{"line":44,"column":51}},"18":{"start":{"line":48,"column":18},"end":{"line":48,"column":55}},"19":{"start":{"line":49,"column":4},"end":{"line":49,"column":70}},"20":{"start":{"line":49,"column":16},"end":{"line":49,"column":70}},"21":{"start":{"line":50,"column":4},"end":{"line":50,"column":17}},"22":{"start":{"line":54,"column":18},"end":{"line":54,"column":55}},"23":{"start":{"line":55,"column":4},"end":{"line":55,"column":70}},"24":{"start":{"line":55,"column":16},"end":{"line":55,"column":70}},"25":{"start":{"line":57,"column":4},"end":{"line":59,"column":5}},"26":{"start":{"line":58,"column":6},"end":{"line":58,"column":83}},"27":{"start":{"line":61,"column":4},"end":{"line":63,"column":5}},"28":{"start":{"line":62,"column":6},"end":{"line":62,"column":69}},"29":{"start":{"line":65,"column":4},"end":{"line":65,"column":56}},"30":{"start":{"line":69,"column":4},"end":{"line":71,"column":5}},"31":{"start":{"line":70,"column":6},"end":{"line":70,"column":70}},"32":{"start":{"line":72,"column":4},"end":{"line":72,"column":65}},"33":{"start":{"line":76,"column":4},"end":{"line":76,"column":42}},"34":{"start":{"line":3,"column":0},"end":{"line":3,"column":13}}},"fnMap":{"0":{"name":"(anonymous_0)","decl":{"start":{"line":6,"column":2},"end":{"line":6,"column":null}},"loc":{"start":{"line":6,"column":2},"end":{"line":8,"column":3}}},"1":{"name":"(anonymous_1)","decl":{"start":{"line":10,"column":10},"end":{"line":10,"column":29}},"loc":{"start":{"line":10,"column":29},"end":{"line":15,"column":3}}},"2":{"name":"(anonymous_2)","decl":{"start":{"line":17,"column":2},"end":{"line":17,"column":7}},"loc":{"start":{"line":17,"column":34},"end":{"line":41,"column":3}}},"3":{"name":"(anonymous_3)","decl":{"start":{"line":23,"column":48},"end":{"line":23,"column":49}},"loc":{"start":{"line":23,"column":78},"end":{"line":26,"column":3}}},"4":{"name":"(anonymous_4)","decl":{"start":{"line":33,"column":46},"end":{"line":33,"column":47}},"loc":{"start":{"line":33,"column":59},"end":{"line":38,"column":4}}},"5":{"name":"(anonymous_5)","decl":{"start":{"line":43,"column":2},"end":{"line":43,"column":7}},"loc":{"start":{"line":43,"column":38},"end":{"line":45,"column":3}}},"6":{"name":"(anonymous_6)","decl":{"start":{"line":47,"column":2},"end":{"line":47,"column":7}},"loc":{"start":{"line":47,"column":36},"end":{"line":51,"column":3}}},"7":{"name":"(anonymous_7)","decl":{"start":{"line":53,"column":2},"end":{"line":53,"column":7}},"loc":{"start":{"line":53,"column":51},"end":{"line":66,"column":3}}},"8":{"name":"(anonymous_8)","decl":{"start":{"line":68,"column":2},"end":{"line":68,"column":7}},"loc":{"start":{"line":68,"column":57},"end":{"line":73,"column":3}}},"9":{"name":"(anonymous_9)","decl":{"start":{"line":75,"column":2},"end":{"line":75,"column":7}},"loc":{"start":{"line":75,"column":20},"end":{"line":77,"column":3}}}},"branchMap":{"0":{"loc":{"start":{"line":18,"column":4},"end":{"line":20,"column":5}},"type":"if","locations":[{"start":{"line":18,"column":4},"end":{"line":20,"column":5}}]},"1":{"loc":{"start":{"line":18,"column":8},"end":{"line":18,"column":56}},"type":"binary-expr","locations":[{"start":{"line":18,"column":8},"end":{"line":18,"column":25}},{"start":{"line":18,"column":29},"end":{"line":18,"column":56}}]},"2":{"loc":{"start":{"line":49,"column":4},"end":{"line":49,"column":70}},"type":"if","locations":[{"start":{"line":49,"column":4},"end":{"line":49,"column":70}}]},"3":{"loc":{"start":{"line":55,"column":4},"end":{"line":55,"column":70}},"type":"if","locations":[{"start":{"line":55,"column":4},"end":{"line":55,"column":70}}]},"4":{"loc":{"start":{"line":57,"column":4},"end":{"line":59,"column":5}},"type":"if","locations":[{"start":{"line":57,"column":4},"end":{"line":59,"column":5}}]},"5":{"loc":{"start":{"line":61,"column":4},"end":{"line":63,"column":5}},"type":"if","locations":[{"start":{"line":61,"column":4},"end":{"line":63,"column":5}}]},"6":{"loc":{"start":{"line":61,"column":8},"end":{"line":61,"column":66}},"type":"binary-expr","locations":[{"start":{"line":61,"column":8},"end":{"line":61,"column":34}},{"start":{"line":61,"column":38},"end":{"line":61,"column":66}}]},"7":{"loc":{"start":{"line":69,"column":4},"end":{"line":71,"column":5}},"type":"if","locations":[{"start":{"line":69,"column":4},"end":{"line":71,"column":5}}]},"8":{"loc":{"start":{"line":69,"column":8},"end":{"line":69,"column":64}},"type":"binary-expr","locations":[{"start":{"line":69,"column":8},"end":{"line":69,"column":32}},{"start":{"line":69,"column":36},"end":{"line":69,"column":64}}]}},"s":{"0":4,"1":6,"2":1,"3":1,"4":1,"5":1,"6":2,"7":1,"8":1,"9":2,"10":2,"11":1,"12":1,"13":1,"14":1,"15":2,"16":1,"17":0,"18":2,"19":2,"20":1,"21":1,"22":0,"23":0,"24":0,"25":0,"26":0,"27":0,"28":0,"29":0,"30":0,"31":0,"32":0,"33":0,"34":4},"f":{"0":6,"1":1,"2":2,"3":2,"4":2,"5":0,"6":2,"7":0,"8":0,"9":0},"b":{"0":[1],"1":[2,2],"2":[1],"3":[0],"4":[0],"5":[0],"6":[0,0],"7":[0],"8":[0,0]}}
,"D:\\Universidad\\Electiva_2\\Proyecto1-Plataforma-E-commerce\\src\\Orders\\infraestructure\\controllers\\order.controller.ts": {"path":"D:\\Universidad\\Electiva_2\\Proyecto1-Plataforma-E-commerce\\src\\Orders\\infraestructure\\controllers\\order.controller.ts","statementMap":{"0":{"start":{"line":2,"column":0},"end":{"line":2,"column":64}},"1":{"start":{"line":4,"column":20},"end":{"line":4,"column":39}},"2":{"start":{"line":7,"column":32},"end":{"line":9,"column":1}},"3":{"start":{"line":8,"column":2},"end":{"line":8,"column":22}},"4":{"start":{"line":7,"column":13},"end":{"line":7,"column":32}},"5":{"start":{"line":12,"column":26},"end":{"line":16,"column":1}},"6":{"start":{"line":13,"column":2},"end":{"line":13,"column":65}},"7":{"start":{"line":13,"column":45},"end":{"line":13,"column":65}},"8":{"start":{"line":14,"column":2},"end":{"line":14,"column":83}},"9":{"start":{"line":14,"column":74},"end":{"line":14,"column":83}},"10":{"start":{"line":15,"column":2},"end":{"line":15,"column":11}},"11":{"start":{"line":19,"column":27},"end":{"line":35,"column":1}},"12":{"start":{"line":20,"column":2},"end":{"line":34,"column":3}},"13":{"start":{"line":21,"column":20},"end":{"line":21,"column":28}},"14":{"start":{"line":22,"column":18},"end":{"line":22,"column":58}},"15":{"start":{"line":24,"column":4},"end":{"line":28,"column":7}},"16":{"start":{"line":30,"column":4},"end":{"line":33,"column":7}},"17":{"start":{"line":19,"column":13},"end":{"line":19,"column":27}},"18":{"start":{"line":38,"column":31},"end":{"line":57,"column":1}},"19":{"start":{"line":39,"column":2},"end":{"line":56,"column":3}},"20":{"start":{"line":40,"column":19},"end":{"line":40,"column":45}},"21":{"start":{"line":41,"column":4},"end":{"line":43,"column":5}},"22":{"start":{"line":42,"column":6},"end":{"line":42,"column":84}},"23":{"start":{"line":45,"column":19},"end":{"line":45,"column":62}},"24":{"start":{"line":46,"column":4},"end":{"line":50,"column":7}},"25":{"start":{"line":52,"column":4},"end":{"line":55,"column":7}},"26":{"start":{"line":38,"column":13},"end":{"line":38,"column":31}},"27":{"start":{"line":60,"column":28},"end":{"line":83,"column":1}},"28":{"start":{"line":61,"column":2},"end":{"line":82,"column":3}},"29":{"start":{"line":62,"column":20},"end":{"line":62,"column":47}},"30":{"start":{"line":63,"column":4},"end":{"line":65,"column":5}},"31":{"start":{"line":64,"column":6},"end":{"line":64,"column":82}},"32":{"start":{"line":67,"column":18},"end":{"line":67,"column":59}},"33":{"start":{"line":68,"column":4},"end":{"line":70,"column":5}},"34":{"start":{"line":69,"column":6},"end":{"line":69,"column":81}},"35":{"start":{"line":72,"column":4},"end":{"line":76,"column":7}},"36":{"start":{"line":78,"column":4},"end":{"line":81,"column":7}},"37":{"start":{"line":60,"column":13},"end":{"line":60,"column":28}},"38":{"start":{"line":86,"column":27},"end":{"line":107,"column":1}},"39":{"start":{"line":87,"column":2},"end":{"line":106,"column":3}},"40":{"start":{"line":88,"column":20},"end":{"line":88,"column":47}},"41":{"start":{"line":89,"column":4},"end":{"line":91,"column":5}},"42":{"start":{"line":90,"column":6},"end":{"line":90,"column":82}},"43":{"start":{"line":93,"column":23},"end":{"line":93,"column":31}},"44":{"start":{"line":94,"column":22},"end":{"line":94,"column":70}},"45":{"start":{"line":96,"column":4},"end":{"line":100,"column":7}},"46":{"start":{"line":102,"column":4},"end":{"line":105,"column":7}},"47":{"start":{"line":86,"column":13},"end":{"line":86,"column":27}},"48":{"start":{"line":110,"column":30},"end":{"line":129,"column":1}},"49":{"start":{"line":111,"column":2},"end":{"line":128,"column":3}},"50":{"start":{"line":112,"column":20},"end":{"line":112,"column":47}},"51":{"start":{"line":113,"column":4},"end":{"line":115,"column":5}},"52":{"start":{"line":114,"column":6},"end":{"line":114,"column":82}},"53":{"start":{"line":117,"column":21},"end":{"line":117,"column":74}},"54":{"start":{"line":118,"column":4},"end":{"line":122,"column":7}},"55":{"start":{"line":124,"column":4},"end":{"line":127,"column":7}},"56":{"start":{"line":110,"column":13},"end":{"line":110,"column":30}},"57":{"start":{"line":132,"column":28},"end":{"line":146,"column":1}},"58":{"start":{"line":133,"column":2},"end":{"line":145,"column":3}},"59":{"start":{"line":134,"column":19},"end":{"line":134,"column":53}},"60":{"start":{"line":135,"column":4},"end":{"line":139,"column":7}},"61":{"start":{"line":141,"column":4},"end":{"line":144,"column":7}},"62":{"start":{"line":132,"column":13},"end":{"line":132,"column":28}}},"fnMap":{"0":{"name":"(anonymous_0)","decl":{"start":{"line":7,"column":32},"end":{"line":7,"column":33}},"loc":{"start":{"line":7,"column":45},"end":{"line":9,"column":1}}},"1":{"name":"(anonymous_1)","decl":{"start":{"line":12,"column":26},"end":{"line":12,"column":27}},"loc":{"start":{"line":12,"column":67},"end":{"line":16,"column":1}}},"2":{"name":"(anonymous_2)","decl":{"start":{"line":19,"column":27},"end":{"line":19,"column":32}},"loc":{"start":{"line":19,"column":65},"end":{"line":35,"column":1}}},"3":{"name":"(anonymous_3)","decl":{"start":{"line":38,"column":31},"end":{"line":38,"column":36}},"loc":{"start":{"line":38,"column":69},"end":{"line":57,"column":1}}},"4":{"name":"(anonymous_4)","decl":{"start":{"line":60,"column":28},"end":{"line":60,"column":33}},"loc":{"start":{"line":60,"column":66},"end":{"line":83,"column":1}}},"5":{"name":"(anonymous_5)","decl":{"start":{"line":86,"column":27},"end":{"line":86,"column":32}},"loc":{"start":{"line":86,"column":65},"end":{"line":107,"column":1}}},"6":{"name":"(anonymous_6)","decl":{"start":{"line":110,"column":30},"end":{"line":110,"column":35}},"loc":{"start":{"line":110,"column":68},"end":{"line":129,"column":1}}},"7":{"name":"(anonymous_7)","decl":{"start":{"line":132,"column":28},"end":{"line":132,"column":33}},"loc":{"start":{"line":132,"column":67},"end":{"line":146,"column":1}}}},"branchMap":{"0":{"loc":{"start":{"line":12,"column":39},"end":{"line":12,"column":63}},"type":"default-arg","locations":[{"start":{"line":12,"column":62},"end":{"line":12,"column":63}}]},"1":{"loc":{"start":{"line":13,"column":2},"end":{"line":13,"column":65}},"type":"if","locations":[{"start":{"line":13,"column":2},"end":{"line":13,"column":65}}]},"2":{"loc":{"start":{"line":13,"column":6},"end":{"line":13,"column":43}},"type":"binary-expr","locations":[{"start":{"line":13,"column":6},"end":{"line":13,"column":25}},{"start":{"line":13,"column":29},"end":{"line":13,"column":43}}]},"3":{"loc":{"start":{"line":14,"column":2},"end":{"line":14,"column":83}},"type":"if","locations":[{"start":{"line":14,"column":2},"end":{"line":14,"column":83}}]},"4":{"loc":{"start":{"line":14,"column":6},"end":{"line":14,"column":72}},"type":"binary-expr","locations":[{"start":{"line":14,"column":6},"end":{"line":14,"column":20}},{"start":{"line":14,"column":24},"end":{"line":14,"column":40}},{"start":{"line":14,"column":44},"end":{"line":14,"column":57}},{"start":{"line":14,"column":61},"end":{"line":14,"column":72}}]},"5":{"loc":{"start":{"line":30,"column":15},"end":{"line":30,"column":34}},"type":"binary-expr","locations":[{"start":{"line":30,"column":15},"end":{"line":30,"column":27}},{"start":{"line":30,"column":31},"end":{"line":30,"column":34}}]},"6":{"loc":{"start":{"line":31,"column":12},"end":{"line":31,"column":31}},"type":"binary-expr","locations":[{"start":{"line":31,"column":12},"end":{"line":31,"column":24}},{"start":{"line":31,"column":28},"end":{"line":31,"column":31}}]},"7":{"loc":{"start":{"line":32,"column":15},"end":{"line":32,"column":65}},"type":"binary-expr","locations":[{"start":{"line":32,"column":15},"end":{"line":32,"column":28}},{"start":{"line":32,"column":32},"end":{"line":32,"column":65}}]},"8":{"loc":{"start":{"line":41,"column":4},"end":{"line":43,"column":5}},"type":"if","locations":[{"start":{"line":41,"column":4},"end":{"line":43,"column":5}}]},"9":{"loc":{"start":{"line":52,"column":15},"end":{"line":52,"column":34}},"type":"binary-expr","locations":[{"start":{"line":52,"column":15},"end":{"line":52,"column":27}},{"start":{"line":52,"column":31},"end":{"line":52,"column":34}}]},"10":{"loc":{"start":{"line":53,"column":12},"end":{"line":53,"column":31}},"type":"binary-expr","locations":[{"start":{"line":53,"column":12},"end":{"line":53,"column":24}},{"start":{"line":53,"column":28},"end":{"line":53,"column":31}}]},"11":{"loc":{"start":{"line":54,"column":15},"end":{"line":54,"column":78}},"type":"binary-expr","locations":[{"start":{"line":54,"column":15},"end":{"line":54,"column":28}},{"start":{"line":54,"column":32},"end":{"line":54,"column":78}}]},"12":{"loc":{"start":{"line":63,"column":4},"end":{"line":65,"column":5}},"type":"if","locations":[{"start":{"line":63,"column":4},"end":{"line":65,"column":5}}]},"13":{"loc":{"start":{"line":68,"column":4},"end":{"line":70,"column":5}},"type":"if","locations":[{"start":{"line":68,"column":4},"end":{"line":70,"column":5}}]},"14":{"loc":{"start":{"line":78,"column":15},"end":{"line":78,"column":34}},"type":"binary-expr","locations":[{"start":{"line":78,"column":15},"end":{"line":78,"column":27}},{"start":{"line":78,"column":31},"end":{"line":78,"column":34}}]},"15":{"loc":{"start":{"line":79,"column":12},"end":{"line":79,"column":31}},"type":"binary-expr","locations":[{"start":{"line":79,"column":12},"end":{"line":79,"column":24}},{"start":{"line":79,"column":28},"end":{"line":79,"column":31}}]},"16":{"loc":{"start":{"line":80,"column":15},"end":{"line":80,"column":67}},"type":"binary-expr","locations":[{"start":{"line":80,"column":15},"end":{"line":80,"column":28}},{"start":{"line":80,"column":32},"end":{"line":80,"column":67}}]},"17":{"loc":{"start":{"line":89,"column":4},"end":{"line":91,"column":5}},"type":"if","locations":[{"start":{"line":89,"column":4},"end":{"line":91,"column":5}}]},"18":{"loc":{"start":{"line":102,"column":15},"end":{"line":102,"column":34}},"type":"binary-expr","locations":[{"start":{"line":102,"column":15},"end":{"line":102,"column":27}},{"start":{"line":102,"column":31},"end":{"line":102,"column":34}}]},"19":{"loc":{"start":{"line":103,"column":12},"end":{"line":103,"column":31}},"type":"binary-expr","locations":[{"start":{"line":103,"column":12},"end":{"line":103,"column":24}},{"start":{"line":103,"column":28},"end":{"line":103,"column":31}}]},"20":{"loc":{"start":{"line":104,"column":15},"end":{"line":104,"column":68}},"type":"binary-expr","locations":[{"start":{"line":104,"column":15},"end":{"line":104,"column":28}},{"start":{"line":104,"column":32},"end":{"line":104,"column":68}}]},"21":{"loc":{"start":{"line":113,"column":4},"end":{"line":115,"column":5}},"type":"if","locations":[{"start":{"line":113,"column":4},"end":{"line":115,"column":5}}]},"22":{"loc":{"start":{"line":124,"column":15},"end":{"line":124,"column":34}},"type":"binary-expr","locations":[{"start":{"line":124,"column":15},"end":{"line":124,"column":27}},{"start":{"line":124,"column":31},"end":{"line":124,"column":34}}]},"23":{"loc":{"start":{"line":125,"column":12},"end":{"line":125,"column":31}},"type":"binary-expr","locations":[{"start":{"line":125,"column":12},"end":{"line":125,"column":24}},{"start":{"line":125,"column":28},"end":{"line":125,"column":31}}]},"24":{"loc":{"start":{"line":126,"column":15},"end":{"line":126,"column":67}},"type":"binary-expr","locations":[{"start":{"line":126,"column":15},"end":{"line":126,"column":28}},{"start":{"line":126,"column":32},"end":{"line":126,"column":67}}]},"25":{"loc":{"start":{"line":141,"column":15},"end":{"line":141,"column":34}},"type":"binary-expr","locations":[{"start":{"line":141,"column":15},"end":{"line":141,"column":27}},{"start":{"line":141,"column":31},"end":{"line":141,"column":34}}]},"26":{"loc":{"start":{"line":142,"column":12},"end":{"line":142,"column":31}},"type":"binary-expr","locations":[{"start":{"line":142,"column":12},"end":{"line":142,"column":24}},{"start":{"line":142,"column":28},"end":{"line":142,"column":31}}]},"27":{"loc":{"start":{"line":143,"column":15},"end":{"line":143,"column":76}},"type":"binary-expr","locations":[{"start":{"line":143,"column":15},"end":{"line":143,"column":28}},{"start":{"line":143,"column":32},"end":{"line":143,"column":76}}]}},"s":{"0":1,"1":1,"2":1,"3":4,"4":1,"5":1,"6":0,"7":0,"8":0,"9":0,"10":0,"11":1,"12":2,"13":2,"14":2,"15":1,"16":1,"17":1,"18":1,"19":0,"20":0,"21":0,"22":0,"23":0,"24":0,"25":0,"26":1,"27":1,"28":2,"29":2,"30":2,"31":1,"32":1,"33":1,"34":0,"35":1,"36":0,"37":1,"38":1,"39":0,"40":0,"41":0,"42":0,"43":0,"44":0,"45":0,"46":0,"47":1,"48":1,"49":0,"50":0,"51":0,"52":0,"53":0,"54":0,"55":0,"56":1,"57":1,"58":0,"59":0,"60":0,"61":0,"62":1},"f":{"0":4,"1":0,"2":2,"3":0,"4":2,"5":0,"6":0,"7":0},"b":{"0":[0],"1":[0],"2":[0,0],"3":[0],"4":[0,0,0,0],"5":[1,0],"6":[1,0],"7":[1,0],"8":[0],"9":[0,0],"10":[0,0],"11":[0,0],"12":[1],"13":[0],"14":[0,0],"15":[0,0],"16":[0,0],"17":[0],"18":[0,0],"19":[0,0],"20":[0,0],"21":[0],"22":[0,0],"23":[0,0],"24":[0,0],"25":[0,0],"26":[0,0],"27":[0,0]}}
,"D:\\Universidad\\Electiva_2\\Proyecto1-Plataforma-E-commerce\\src\\Orders\\infraestructure\\middlewares\\order.middleware.ts": {"path":"D:\\Universidad\\Electiva_2\\Proyecto1-Plataforma-E-commerce\\src\\Orders\\infraestructure\\middlewares\\order.middleware.ts","statementMap":{"0":{"start":{"line":8,"column":0},"end":{"line":8,"column":24}},"1":{"start":{"line":28,"column":0},"end":{"line":28,"column":7}},"2":{"start":{"line":46,"column":0},"end":{"line":46,"column":7}},"3":{"start":{"line":71,"column":0},"end":{"line":71,"column":16}},"4":{"start":{"line":3,"column":0},"end":{"line":3,"column":31}},"5":{"start":{"line":4,"column":0},"end":{"line":4,"column":36}},"6":{"start":{"line":6,"column":19},"end":{"line":6,"column":53}},"7":{"start":{"line":9,"column":21},"end":{"line":9,"column":46}},"8":{"start":{"line":10,"column":2},"end":{"line":10,"column":79}},"9":{"start":{"line":10,"column":19},"end":{"line":10,"column":79}},"10":{"start":{"line":12,"column":16},"end":{"line":12,"column":40}},"11":{"start":{"line":13,"column":2},"end":{"line":13,"column":73}},"12":{"start":{"line":13,"column":14},"end":{"line":13,"column":73}},"13":{"start":{"line":15,"column":2},"end":{"line":21,"column":3}},"14":{"start":{"line":16,"column":20},"end":{"line":16,"column":49}},"15":{"start":{"line":17,"column":5},"end":{"line":17,"column":32}},"16":{"start":{"line":18,"column":4},"end":{"line":18,"column":11}},"17":{"start":{"line":20,"column":4},"end":{"line":20,"column":74}},"18":{"start":{"line":29,"column":16},"end":{"line":29,"column":32}},"19":{"start":{"line":30,"column":2},"end":{"line":32,"column":3}},"20":{"start":{"line":31,"column":4},"end":{"line":31,"column":82}},"21":{"start":{"line":34,"column":22},"end":{"line":34,"column":93}},"22":{"start":{"line":35,"column":2},"end":{"line":37,"column":3}},"23":{"start":{"line":36,"column":4},"end":{"line":36,"column":81}},"24":{"start":{"line":39,"column":2},"end":{"line":41,"column":3}},"25":{"start":{"line":40,"column":4},"end":{"line":40,"column":81}},"26":{"start":{"line":43,"column":2},"end":{"line":43,"column":9}},"27":{"start":{"line":47,"column":23},"end":{"line":47,"column":31}},"28":{"start":{"line":48,"column":2},"end":{"line":50,"column":3}},"29":{"start":{"line":49,"column":4},"end":{"line":49,"column":88}},"30":{"start":{"line":52,"column":2},"end":{"line":66,"column":3}},"31":{"start":{"line":53,"column":24},"end":{"line":55,"column":null}},"32":{"start":{"line":57,"column":4},"end":{"line":59,"column":5}},"33":{"start":{"line":58,"column":6},"end":{"line":58,"column":99}},"34":{"start":{"line":60,"column":4},"end":{"line":65,"column":5}},"35":{"start":{"line":61,"column":6},"end":{"line":64,"column":9}},"36":{"start":{"line":68,"column":2},"end":{"line":68,"column":9}},"37":{"start":{"line":72,"column":47},"end":{"line":72,"column":55}},"38":{"start":{"line":74,"column":2},"end":{"line":79,"column":3}},"39":{"start":{"line":75,"column":4},"end":{"line":78,"column":7}},"40":{"start":{"line":81,"column":2},"end":{"line":86,"column":3}},"41":{"start":{"line":82,"column":4},"end":{"line":85,"column":7}},"42":{"start":{"line":88,"column":2},"end":{"line":88,"column":9}}},"fnMap":{"0":{"name":"authMiddleware","decl":{"start":{"line":8,"column":24},"end":{"line":8,"column":38}},"loc":{"start":{"line":8,"column":86},"end":{"line":22,"column":1}}},"1":{"name":"verifyUserMiddleware","decl":{"start":{"line":28,"column":22},"end":{"line":28,"column":42}},"loc":{"start":{"line":28,"column":90},"end":{"line":44,"column":1}}},"2":{"name":"validateStockMiddleware","decl":{"start":{"line":46,"column":22},"end":{"line":46,"column":45}},"loc":{"start":{"line":46,"column":93},"end":{"line":69,"column":1}}},"3":{"name":"validateOrderFields","decl":{"start":{"line":71,"column":16},"end":{"line":71,"column":35}},"loc":{"start":{"line":71,"column":83},"end":{"line":89,"column":1}}}},"branchMap":{"0":{"loc":{"start":{"line":6,"column":19},"end":{"line":6,"column":53}},"type":"binary-expr","locations":[{"start":{"line":6,"column":19},"end":{"line":6,"column":41}},{"start":{"line":6,"column":45},"end":{"line":6,"column":53}}]},"1":{"loc":{"start":{"line":10,"column":2},"end":{"line":10,"column":79}},"type":"if","locations":[{"start":{"line":10,"column":2},"end":{"line":10,"column":79}}]},"2":{"loc":{"start":{"line":13,"column":2},"end":{"line":13,"column":73}},"type":"if","locations":[{"start":{"line":13,"column":2},"end":{"line":13,"column":73}}]},"3":{"loc":{"start":{"line":30,"column":2},"end":{"line":32,"column":3}},"type":"if","locations":[{"start":{"line":30,"column":2},"end":{"line":32,"column":3}}]},"4":{"loc":{"start":{"line":35,"column":2},"end":{"line":37,"column":3}},"type":"if","locations":[{"start":{"line":35,"column":2},"end":{"line":37,"column":3}}]},"5":{"loc":{"start":{"line":35,"column":6},"end":{"line":35,"column":32}},"type":"binary-expr","locations":[{"start":{"line":35,"column":6},"end":{"line":35,"column":11}},{"start":{"line":35,"column":15},"end":{"line":35,"column":32}}]},"6":{"loc":{"start":{"line":39,"column":2},"end":{"line":41,"column":3}},"type":"if","locations":[{"start":{"line":39,"column":2},"end":{"line":41,"column":3}}]},"7":{"loc":{"start":{"line":48,"column":2},"end":{"line":50,"column":3}},"type":"if","locations":[{"start":{"line":48,"column":2},"end":{"line":50,"column":3}}]},"8":{"loc":{"start":{"line":48,"column":6},"end":{"line":48,"column":40}},"type":"binary-expr","locations":[{"start":{"line":48,"column":6},"end":{"line":48,"column":15}},{"start":{"line":48,"column":19},"end":{"line":48,"column":40}}]},"9":{"loc":{"start":{"line":57,"column":4},"end":{"line":59,"column":5}},"type":"if","locations":[{"start":{"line":57,"column":4},"end":{"line":59,"column":5}}]},"10":{"loc":{"start":{"line":57,"column":8},"end":{"line":57,"column":34}},"type":"binary-expr","locations":[{"start":{"line":57,"column":8},"end":{"line":57,"column":13}},{"start":{"line":57,"column":17},"end":{"line":57,"column":34}}]},"11":{"loc":{"start":{"line":60,"column":4},"end":{"line":65,"column":5}},"type":"if","locations":[{"start":{"line":60,"column":4},"end":{"line":65,"column":5}}]},"12":{"loc":{"start":{"line":74,"column":2},"end":{"line":79,"column":3}},"type":"if","locations":[{"start":{"line":74,"column":2},"end":{"line":79,"column":3}}]},"13":{"loc":{"start":{"line":74,"column":6},"end":{"line":74,"column":57}},"type":"binary-expr","locations":[{"start":{"line":74,"column":6},"end":{"line":74,"column":23}},{"start":{"line":74,"column":27},"end":{"line":74,"column":57}}]},"14":{"loc":{"start":{"line":81,"column":2},"end":{"line":86,"column":3}},"type":"if","locations":[{"start":{"line":81,"column":2},"end":{"line":86,"column":3}}]},"15":{"loc":{"start":{"line":81,"column":6},"end":{"line":81,"column":53}},"type":"binary-expr","locations":[{"start":{"line":81,"column":6},"end":{"line":81,"column":21}},{"start":{"line":81,"column":25},"end":{"line":81,"column":53}}]}},"s":{"0":0,"1":0,"2":0,"3":0,"4":0,"5":0,"6":0,"7":0,"8":0,"9":0,"10":0,"11":0,"12":0,"13":0,"14":0,"15":0,"16":0,"17":0,"18":0,"19":0,"20":0,"21":0,"22":0,"23":0,"24":0,"25":0,"26":0,"27":0,"28":0,"29":0,"30":0,"31":0,"32":0,"33":0,"34":0,"35":0,"36":0,"37":0,"38":0,"39":0,"40":0,"41":0,"42":0},"f":{"0":0,"1":0,"2":0,"3":0},"b":{"0":[0,0],"1":[0],"2":[0],"3":[0],"4":[0],"5":[0,0],"6":[0],"7":[0],"8":[0,0],"9":[0],"10":[0,0],"11":[0],"12":[0],"13":[0,0],"14":[0],"15":[0,0]}}
,"D:\\Universidad\\Electiva_2\\Proyecto1-Plataforma-E-commerce\\src\\Orders\\infraestructure\\repositories\\order.repository.ts": {"path":"D:\\Universidad\\Electiva_2\\Proyecto1-Plataforma-E-commerce\\src\\Orders\\infraestructure\\repositories\\order.repository.ts","statementMap":{"0":{"start":{"line":2,"column":0},"end":{"line":2,"column":36}},"1":{"start":{"line":18,"column":26},"end":{"line":29,"column":null}},"2":{"start":{"line":32,"column":20},"end":{"line":32,"column":35}},"3":{"start":{"line":35,"column":4},"end":{"line":51,"column":5}},"4":{"start":{"line":36,"column":6},"end":{"line":50,"column":7}},"5":{"start":{"line":37,"column":8},"end":{"line":41,"column":10}},"6":{"start":{"line":44,"column":8},"end":{"line":49,"column":10}},"7":{"start":{"line":53,"column":4},"end":{"line":53,"column":41}},"8":{"start":{"line":58,"column":24},"end":{"line":60,"column":null}},"9":{"start":{"line":62,"column":4},"end":{"line":62,"column":16}},"10":{"start":{"line":67,"column":24},"end":{"line":75,"column":null}},"11":{"start":{"line":78,"column":4},"end":{"line":78,"column":39}},"12":{"start":{"line":78,"column":27},"end":{"line":78,"column":39}},"13":{"start":{"line":80,"column":18},"end":{"line":99,"column":6}},"14":{"start":{"line":91,"column":30},"end":{"line":91,"column":44}},"15":{"start":{"line":92,"column":28},"end":{"line":98,"column":10}},"16":{"start":{"line":101,"column":4},"end":{"line":101,"column":17}},"17":{"start":{"line":107,"column":25},"end":{"line":109,"column":null}},"18":{"start":{"line":113,"column":4},"end":{"line":118,"column":5}},"19":{"start":{"line":114,"column":6},"end":{"line":117,"column":8}},"20":{"start":{"line":121,"column":32},"end":{"line":127,"column":null}},"21":{"start":{"line":130,"column":4},"end":{"line":130,"column":41}},"22":{"start":{"line":135,"column":26},"end":{"line":142,"column":null}},"23":{"start":{"line":144,"column":4},"end":{"line":144,"column":35}},"24":{"start":{"line":149,"column":24},"end":{"line":150,"column":null}},"25":{"start":{"line":152,"column":4},"end":{"line":152,"column":16}},"26":{"start":{"line":14,"column":0},"end":{"line":14,"column":13}}},"fnMap":{"0":{"name":"(anonymous_1)","decl":{"start":{"line":16,"column":2},"end":{"line":16,"column":7}},"loc":{"start":{"line":16,"column":34},"end":{"line":54,"column":3}}},"1":{"name":"(anonymous_2)","decl":{"start":{"line":57,"column":2},"end":{"line":57,"column":7}},"loc":{"start":{"line":57,"column":38},"end":{"line":63,"column":3}}},"2":{"name":"(anonymous_3)","decl":{"start":{"line":66,"column":2},"end":{"line":66,"column":7}},"loc":{"start":{"line":66,"column":36},"end":{"line":102,"column":3}}},"3":{"name":"(anonymous_4)","decl":{"start":{"line":91,"column":16},"end":{"line":91,"column":17}},"loc":{"start":{"line":91,"column":30},"end":{"line":91,"column":44}}},"4":{"name":"(anonymous_5)","decl":{"start":{"line":92,"column":13},"end":{"line":92,"column":14}},"loc":{"start":{"line":92,"column":28},"end":{"line":98,"column":10}}},"5":{"name":"(anonymous_6)","decl":{"start":{"line":105,"column":2},"end":{"line":105,"column":7}},"loc":{"start":{"line":105,"column":51},"end":{"line":131,"column":3}}},"6":{"name":"(anonymous_7)","decl":{"start":{"line":134,"column":2},"end":{"line":134,"column":7}},"loc":{"start":{"line":134,"column":57},"end":{"line":145,"column":3}}},"7":{"name":"(anonymous_8)","decl":{"start":{"line":148,"column":2},"end":{"line":148,"column":7}},"loc":{"start":{"line":148,"column":20},"end":{"line":153,"column":3}}}},"branchMap":{"0":{"loc":{"start":{"line":35,"column":4},"end":{"line":51,"column":5}},"type":"if","locations":[{"start":{"line":35,"column":4},"end":{"line":51,"column":5}}]},"1":{"loc":{"start":{"line":35,"column":8},"end":{"line":35,"column":59}},"type":"binary-expr","locations":[{"start":{"line":35,"column":8},"end":{"line":35,"column":26}},{"start":{"line":35,"column":30},"end":{"line":35,"column":59}}]},"2":{"loc":{"start":{"line":78,"column":4},"end":{"line":78,"column":39}},"type":"if","locations":[{"start":{"line":78,"column":4},"end":{"line":78,"column":39}}]}},"s":{"0":4,"1":0,"2":0,"3":0,"4":0,"5":0,"6":0,"7":0,"8":0,"9":0,"10":0,"11":0,"12":0,"13":0,"14":0,"15":0,"16":0,"17":0,"18":0,"19":0,"20":0,"21":0,"22":0,"23":0,"24":0,"25":0,"26":4},"f":{"0":0,"1":0,"2":0,"3":0,"4":0,"5":0,"6":0,"7":0},"b":{"0":[0],"1":[0,0],"2":[0]}}
,"D:\\Universidad\\Electiva_2\\Proyecto1-Plataforma-E-commerce\\src\\Orders\\routes\\order.route.ts": {"path":"D:\\Universidad\\Electiva_2\\Proyecto1-Plataforma-E-commerce\\src\\Orders\\routes\\order.route.ts","statementMap":{"0":{"start":{"line":2,"column":0},"end":{"line":2,"column":33}},"1":{"start":{"line":3,"column":0},"end":{"line":3,"column":85}},"2":{"start":{"line":4,"column":0},"end":{"line":4,"column":null}},"3":{"start":{"line":13,"column":15},"end":{"line":13,"column":23}},"4":{"start":{"line":17,"column":0},"end":{"line":17,"column":75}},"5":{"start":{"line":18,"column":0},"end":{"line":18,"column":68}},"6":{"start":{"line":19,"column":0},"end":{"line":19,"column":74}},"7":{"start":{"line":22,"column":0},"end":{"line":22,"column":58}},"8":{"start":{"line":24,"column":0},"end":{"line":24,"column":58}},"9":{"start":{"line":27,"column":0},"end":{"line":27,"column":22}}},"fnMap":{},"branchMap":{},"s":{"0":0,"1":0,"2":0,"3":0,"4":0,"5":0,"6":0,"7":0,"8":0,"9":0},"f":{},"b":{}}
,"D:\\Universidad\\Electiva_2\\Proyecto1-Plataforma-E-commerce\\src\\Products\\application\\products.service.ts": {"path":"D:\\Universidad\\Electiva_2\\Proyecto1-Plataforma-E-commerce\\src\\Products\\application\\products.service.ts","statementMap":{"0":{"start":{"line":5,"column":22},"end":{"line":5,"column":61}},"1":{"start":{"line":9,"column":19},"end":{"line":9,"column":75}},"2":{"start":{"line":10,"column":4},"end":{"line":10,"column":69}},"3":{"start":{"line":10,"column":16},"end":{"line":10,"column":69}},"4":{"start":{"line":12,"column":15},"end":{"line":12,"column":60}},"5":{"start":{"line":13,"column":4},"end":{"line":13,"column":54}},"6":{"start":{"line":18,"column":4},"end":{"line":18,"column":51}},"7":{"start":{"line":23,"column":20},"end":{"line":23,"column":62}},"8":{"start":{"line":24,"column":4},"end":{"line":24,"column":75}},"9":{"start":{"line":24,"column":18},"end":{"line":24,"column":75}},"10":{"start":{"line":25,"column":4},"end":{"line":25,"column":19}},"11":{"start":{"line":30,"column":20},"end":{"line":30,"column":62}},"12":{"start":{"line":31,"column":4},"end":{"line":31,"column":75}},"13":{"start":{"line":31,"column":18},"end":{"line":31,"column":75}},"14":{"start":{"line":33,"column":4},"end":{"line":36,"column":5}},"15":{"start":{"line":34,"column":21},"end":{"line":34,"column":74}},"16":{"start":{"line":35,"column":6},"end":{"line":35,"column":81}},"17":{"start":{"line":35,"column":18},"end":{"line":35,"column":81}},"18":{"start":{"line":38,"column":4},"end":{"line":38,"column":77}},"19":{"start":{"line":43,"column":20},"end":{"line":43,"column":62}},"20":{"start":{"line":44,"column":4},"end":{"line":44,"column":75}},"21":{"start":{"line":44,"column":18},"end":{"line":44,"column":75}},"22":{"start":{"line":47,"column":4},"end":{"line":47,"column":45}},"23":{"start":{"line":52,"column":4},"end":{"line":52,"column":68}},"24":{"start":{"line":4,"column":0},"end":{"line":4,"column":13}}},"fnMap":{"0":{"name":"(anonymous_0)","decl":{"start":{"line":5,"column":2},"end":{"line":5,"column":22}},"loc":{"start":{"line":5,"column":61},"end":{"line":5,"column":65}}},"1":{"name":"(anonymous_1)","decl":{"start":{"line":8,"column":2},"end":{"line":8,"column":7}},"loc":{"start":{"line":8,"column":38},"end":{"line":14,"column":3}}},"2":{"name":"(anonymous_2)","decl":{"start":{"line":17,"column":2},"end":{"line":17,"column":7}},"loc":{"start":{"line":17,"column":22},"end":{"line":19,"column":3}}},"3":{"name":"(anonymous_3)","decl":{"start":{"line":22,"column":2},"end":{"line":22,"column":7}},"loc":{"start":{"line":22,"column":33},"end":{"line":26,"column":3}}},"4":{"name":"(anonymous_4)","decl":{"start":{"line":29,"column":2},"end":{"line":29,"column":7}},"loc":{"start":{"line":29,"column":56},"end":{"line":39,"column":3}}},"5":{"name":"(anonymous_5)","decl":{"start":{"line":42,"column":2},"end":{"line":42,"column":7}},"loc":{"start":{"line":42,"column":32},"end":{"line":48,"column":3}}},"6":{"name":"(anonymous_6)","decl":{"start":{"line":51,"column":2},"end":{"line":51,"column":7}},"loc":{"start":{"line":51,"column":48},"end":{"line":53,"column":3}}}},"branchMap":{"0":{"loc":{"start":{"line":10,"column":4},"end":{"line":10,"column":69}},"type":"if","locations":[{"start":{"line":10,"column":4},"end":{"line":10,"column":69}}]},"1":{"loc":{"start":{"line":24,"column":4},"end":{"line":24,"column":75}},"type":"if","locations":[{"start":{"line":24,"column":4},"end":{"line":24,"column":75}}]},"2":{"loc":{"start":{"line":31,"column":4},"end":{"line":31,"column":75}},"type":"if","locations":[{"start":{"line":31,"column":4},"end":{"line":31,"column":75}}]},"3":{"loc":{"start":{"line":33,"column":4},"end":{"line":36,"column":5}},"type":"if","locations":[{"start":{"line":33,"column":4},"end":{"line":36,"column":5}}]},"4":{"loc":{"start":{"line":33,"column":8},"end":{"line":33,"column":47}},"type":"binary-expr","locations":[{"start":{"line":33,"column":8},"end":{"line":33,"column":17}},{"start":{"line":33,"column":21},"end":{"line":33,"column":47}}]},"5":{"loc":{"start":{"line":35,"column":6},"end":{"line":35,"column":81}},"type":"if","locations":[{"start":{"line":35,"column":6},"end":{"line":35,"column":81}}]},"6":{"loc":{"start":{"line":44,"column":4},"end":{"line":44,"column":75}},"type":"if","locations":[{"start":{"line":44,"column":4},"end":{"line":44,"column":75}}]}},"s":{"0":4,"1":2,"2":2,"3":1,"4":1,"5":1,"6":0,"7":2,"8":2,"9":1,"10":1,"11":0,"12":0,"13":0,"14":0,"15":0,"16":0,"17":0,"18":0,"19":0,"20":0,"21":0,"22":0,"23":0,"24":2},"f":{"0":4,"1":2,"2":0,"3":2,"4":0,"5":0,"6":0},"b":{"0":[1],"1":[1],"2":[0],"3":[0],"4":[0,0],"5":[0],"6":[0]}}
[...]
,"D:\\Universidad\\Electiva_2\\Proyecto1-Plataforma-E-commerce\\src\\cart\\infraestructure\\middlewares\\cart.middleware.ts": {"path":"D:\\Universidad\\Electiva_2\\Proyecto1-Plataforma-E-commerce\\src\\cart\\infraestructure\\middlewares\\cart.middleware.ts","statementMap":{"0":{"start":{"line":23,"column":0},"end":{"line":23,"column":16}},"1":{"start":{"line":3,"column":0},"end":{"line":3,"column":61}},"2":{"start":{"line":4,"column":0},"end":{"line":4,"column":70}},"3":{"start":{"line":5,"column":0},"end":{"line":5,"column":104}},"4":{"start":{"line":7,"column":0},"end":{"line":7,"column":31}},"5":{"start":{"line":9,"column":19},"end":{"line":9,"column":53}},"6":{"start":{"line":10,"column":27},"end":{"line":10,"column":51}},"7":{"start":{"line":11,"column":23},"end":{"line":11,"column":61}},"8":{"start":{"line":12,"column":20},"end":{"line":12,"column":51}},"9":{"start":{"line":24,"column":17},"end":{"line":24,"column":41}},"10":{"start":{"line":26,"column":2},"end":{"line":28,"column":3}},"11":{"start":{"line":27,"column":4},"end":{"line":27,"column":69}},"12":{"start":{"line":30,"column":2},"end":{"line":30,"column":9}},"13":{"start":{"line":34,"column":34},"end":{"line":48,"column":1}},"14":{"start":{"line":35,"column":21},"end":{"line":35,"column":46}},"15":{"start":{"line":36,"column":2},"end":{"line":36,"column":79}},"16":{"start":{"line":36,"column":19},"end":{"line":36,"column":79}},"17":{"start":{"line":38,"column":16},"end":{"line":38,"column":40}},"18":{"start":{"line":39,"column":2},"end":{"line":39,"column":73}},"19":{"start":{"line":39,"column":14},"end":{"line":39,"column":73}},"20":{"start":{"line":41,"column":2},"end":{"line":47,"column":3}},"21":{"start":{"line":42,"column":20},"end":{"line":42,"column":49}},"22":{"start":{"line":43,"column":4},"end":{"line":43,"column":23}},"23":{"start":{"line":44,"column":4},"end":{"line":44,"column":11}},"24":{"start":{"line":46,"column":4},"end":{"line":46,"column":74}},"25":{"start":{"line":34,"column":13},"end":{"line":34,"column":34}},"26":{"start":{"line":51,"column":32},"end":{"line":70,"column":1}},"27":{"start":{"line":52,"column":2},"end":{"line":69,"column":3}},"28":{"start":{"line":53,"column":19},"end":{"line":53,"column":67}},"29":{"start":{"line":54,"column":4},"end":{"line":54,"column":84}},"30":{"start":{"line":54,"column":17},"end":{"line":54,"column":84}},"31":{"start":{"line":56,"column":17},"end":{"line":56,"column":50}},"32":{"start":{"line":57,"column":4},"end":{"line":57,"column":81}},"33":{"start":{"line":57,"column":15},"end":{"line":57,"column":81}},"34":{"start":{"line":60,"column":16},"end":{"line":60,"column":26}},"35":{"start":{"line":61,"column":4},"end":{"line":63,"column":5}},"36":{"start":{"line":62,"column":6},"end":{"line":62,"column":89}},"37":{"start":{"line":65,"column":4},"end":{"line":65,"column":20}},"38":{"start":{"line":66,"column":4},"end":{"line":66,"column":11}},"39":{"start":{"line":68,"column":4},"end":{"line":68,"column":87}},"40":{"start":{"line":51,"column":13},"end":{"line":51,"column":32}},"41":{"start":{"line":73,"column":33},"end":{"line":93,"column":1}},"42":{"start":{"line":74,"column":2},"end":{"line":92,"column":3}},"43":{"start":{"line":75,"column":36},"end":{"line":75,"column":44}},"44":{"start":{"line":76,"column":4},"end":{"line":78,"column":5}},"45":{"start":{"line":77,"column":6},"end":{"line":77,"column":86}},"46":{"start":{"line":80,"column":20},"end":{"line":80,"column":72}},"47":{"start":{"line":81,"column":4},"end":{"line":81,"column":85}},"48":{"start":{"line":81,"column":18},"end":{"line":81,"column":85}},"49":{"start":{"line":83,"column":4},"end":{"line":85,"column":5}},"50":{"start":{"line":84,"column":6},"end":{"line":84,"column":86}},"51":{"start":{"line":88,"column":4},"end":{"line":88,"column":26}},"52":{"start":{"line":89,"column":4},"end":{"line":89,"column":11}},"53":{"start":{"line":91,"column":4},"end":{"line":91,"column":98}},"54":{"start":{"line":73,"column":13},"end":{"line":73,"column":33}},"55":{"start":{"line":96,"column":32},"end":{"line":105,"column":1}},"56":{"start":{"line":97,"column":34},"end":{"line":97,"column":42}},"57":{"start":{"line":98,"column":2},"end":{"line":100,"column":3}},"58":{"start":{"line":99,"column":4},"end":{"line":99,"column":84}},"59":{"start":{"line":101,"column":2},"end":{"line":103,"column":3}},"60":{"start":{"line":102,"column":4},"end":{"line":102,"column":85}},"61":{"start":{"line":104,"column":2},"end":{"line":104,"column":9}},"62":{"start":{"line":96,"column":13},"end":{"line":96,"column":32}}},"fnMap":{"0":{"name":"verifyUser","decl":{"start":{"line":23,"column":16},"end":{"line":23,"column":26}},"loc":{"start":{"line":23,"column":74},"end":{"line":31,"column":1}}},"1":{"name":"(anonymous_2)","decl":{"start":{"line":34,"column":34},"end":{"line":34,"column":35}},"loc":{"start":{"line":34,"column":90},"end":{"line":48,"column":1}}},"2":{"name":"(anonymous_3)","decl":{"start":{"line":51,"column":32},"end":{"line":51,"column":37}},"loc":{"start":{"line":51,"column":94},"end":{"line":70,"column":1}}},"3":{"name":"(anonymous_4)","decl":{"start":{"line":73,"column":33},"end":{"line":73,"column":38}},"loc":{"start":{"line":73,"column":95},"end":{"line":93,"column":1}}},"4":{"name":"(anonymous_5)","decl":{"start":{"line":96,"column":32},"end":{"line":96,"column":33}},"loc":{"start":{"line":96,"column":84},"end":{"line":105,"column":1}}}},"branchMap":{"0":{"loc":{"start":{"line":9,"column":19},"end":{"line":9,"column":53}},"type":"binary-expr","locations":[{"start":{"line":9,"column":19},"end":{"line":9,"column":41}},{"start":{"line":9,"column":45},"end":{"line":9,"column":53}}]},"1":{"loc":{"start":{"line":26,"column":2},"end":{"line":28,"column":3}},"type":"if","locations":[{"start":{"line":26,"column":2},"end":{"line":28,"column":3}}]},"2":{"loc":{"start":{"line":36,"column":2},"end":{"line":36,"column":79}},"type":"if","locations":[{"start":{"line":36,"column":2},"end":{"line":36,"column":79}}]},"3":{"loc":{"start":{"line":39,"column":2},"end":{"line":39,"column":73}},"type":"if","locations":[{"start":{"line":39,"column":2},"end":{"line":39,"column":73}}]},"4":{"loc":{"start":{"line":53,"column":26},"end":{"line":53,"column":66}},"type":"binary-expr","locations":[{"start":{"line":53,"column":26},"end":{"line":53,"column":38}},{"start":{"line":53,"column":42},"end":{"line":53,"column":66}}]},"5":{"loc":{"start":{"line":54,"column":4},"end":{"line":54,"column":84}},"type":"if","locations":[{"start":{"line":54,"column":4},"end":{"line":54,"column":84}}]},"6":{"loc":{"start":{"line":57,"column":4},"end":{"line":57,"column":81}},"type":"if","locations":[{"start":{"line":57,"column":4},"end":{"line":57,"column":81}}]},"7":{"loc":{"start":{"line":61,"column":4},"end":{"line":63,"column":5}},"type":"if","locations":[{"start":{"line":61,"column":4},"end":{"line":63,"column":5}}]},"8":{"loc":{"start":{"line":61,"column":8},"end":{"line":61,"column":58}},"type":"binary-expr","locations":[{"start":{"line":61,"column":8},"end":{"line":61,"column":23}},{"start":{"line":61,"column":27},"end":{"line":61,"column":58}}]},"9":{"loc":{"start":{"line":68,"column":36},"end":{"line":68,"column":83}},"type":"binary-expr","locations":[{"start":{"line":68,"column":36},"end":{"line":68,"column":49}},{"start":{"line":68,"column":53},"end":{"line":68,"column":83}}]},"10":{"loc":{"start":{"line":76,"column":4},"end":{"line":78,"column":5}},"type":"if","locations":[{"start":{"line":76,"column":4},"end":{"line":78,"column":5}}]},"11":{"loc":{"start":{"line":76,"column":8},"end":{"line":76,"column":31}},"type":"binary-expr","locations":[{"start":{"line":76,"column":8},"end":{"line":76,"column":18}},{"start":{"line":76,"column":22},"end":{"line":76,"column":31}}]},"12":{"loc":{"start":{"line":81,"column":4},"end":{"line":81,"column":85}},"type":"if","locations":[{"start":{"line":81,"column":4},"end":{"line":81,"column":85}}]},"13":{"loc":{"start":{"line":83,"column":4},"end":{"line":85,"column":5}},"type":"if","locations":[{"start":{"line":83,"column":4},"end":{"line":85,"column":5}}]},"14":{"loc":{"start":{"line":91,"column":36},"end":{"line":91,"column":94}},"type":"binary-expr","locations":[{"start":{"line":91,"column":36},"end":{"line":91,"column":49}},{"start":{"line":91,"column":53},"end":{"line":91,"column":94}}]},"15":{"loc":{"start":{"line":98,"column":2},"end":{"line":100,"column":3}},"type":"if","locations":[{"start":{"line":98,"column":2},"end":{"line":100,"column":3}}]},"16":{"loc":{"start":{"line":98,"column":6},"end":{"line":98,"column":49}},"type":"binary-expr","locations":[{"start":{"line":98,"column":6},"end":{"line":98,"column":16}},{"start":{"line":98,"column":20},"end":{"line":98,"column":49}}]},"17":{"loc":{"start":{"line":101,"column":2},"end":{"line":103,"column":3}},"type":"if","locations":[{"start":{"line":101,"column":2},"end":{"line":103,"column":3}}]},"18":{"loc":{"start":{"line":101,"column":6},"end":{"line":101,"column":64}},"type":"binary-expr","locations":[{"start":{"line":101,"column":6},"end":{"line":101,"column":15}},{"start":{"line":101,"column":19},"end":{"line":101,"column":47}},{"start":{"line":101,"column":51},"end":{"line":101,"column":64}}]}},"s":{"0":0,"1":0,"2":0,"3":0,"4":0,"5":0,"6":0,"7":0,"8":0,"9":0,"10":0,"11":0,"12":0,"13":0,"14":0,"15":0,"16":0,"17":0,"18":0,"19":0,"20":0,"21":0,"22":0,"23":0,"24":0,"25":0,"26":0,"27":0,"28":0,"29":0,"30":0,"31":0,"32":0,"33":0,"34":0,"35":0,"36":0,"37":0,"38":0,"39":0,"40":0,"41":0,"42":0,"43":0,"44":0,"45":0,"46":0,"47":0,"48":0,"49":0,"50":0,"51":0,"52":0,"53":0,"54":0,"55":0,"56":0,"57":0,"58":0,"59":0,"60":0,"61":0,"62":0},"f":{"0":0,"1":0,"2":0,"3":0,"4":0},"b":{"0":[0,0],"1":[0],"2":[0],"3":[0],"4":[0,0],"5":[0],"6":[0],"7":[0],"8":[0,0],"9":[0,0],"10":[0],"11":[0,0],"12":[0],"13":[0],"14":[0,0],"15":[0],"16":[0,0],"17":[0],"18":[0,0,0]}}
,"D:\\Universidad\\Electiva_2\\Proyecto1-Plataforma-E-commerce\\src\\cart\\infraestructure\\repositories\\cart.repository.msql.ts": {"path":"D:\\Universidad\\Electiva_2\\Proyecto1-Plataforma-E-commerce\\src\\cart\\infraestructure\\repositories\\cart.repository.msql.ts","statementMap":{"0":{"start":{"line":5,"column":0},"end":{"line":5,"column":36}},"1":{"start":{"line":12,"column":22},"end":{"line":12,"column":61}},"2":{"start":{"line":24,"column":20},"end":{"line":24,"column":69}},"3":{"start":{"line":25,"column":4},"end":{"line":25,"column":60}},"4":{"start":{"line":25,"column":18},"end":{"line":25,"column":60}},"5":{"start":{"line":27,"column":4},"end":{"line":32,"column":6}},"6":{"start":{"line":37,"column":4},"end":{"line":40,"column":7}},"7":{"start":{"line":45,"column":4},"end":{"line":45,"column":73}},"8":{"start":{"line":52,"column":19},"end":{"line":54,"column":null}},"9":{"start":{"line":58,"column":4},"end":{"line":58,"column":48}},"10":{"start":{"line":58,"column":36},"end":{"line":58,"column":48}},"11":{"start":{"line":61,"column":20},"end":{"line":61,"column":28}},"12":{"start":{"line":64,"column":23},"end":{"line":66,"column":null}},"13":{"start":{"line":70,"column":30},"end":{"line":79,"column":7}},"14":{"start":{"line":70,"column":66},"end":{"line":79,"column":6}},"15":{"start":{"line":82,"column":23},"end":{"line":91,"column":4}},"16":{"start":{"line":93,"column":4},"end":{"line":93,"column":16}},"17":{"start":{"line":100,"column":4},"end":{"line":111,"column":6}},"18":{"start":{"line":114,"column":4},"end":{"line":114,"column":74}},"19":{"start":{"line":117,"column":4},"end":{"line":133,"column":5}},"20":{"start":{"line":118,"column":6},"end":{"line":132,"column":8}},"21":{"start":{"line":138,"column":24},"end":{"line":138,"column":90}},"22":{"start":{"line":139,"column":4},"end":{"line":143,"column":5}},"23":{"start":{"line":140,"column":21},"end":{"line":140,"column":31}},"24":{"start":{"line":142,"column":6},"end":{"line":142,"column":75}},"25":{"start":{"line":145,"column":4},"end":{"line":145,"column":68}},"26":{"start":{"line":11,"column":0},"end":{"line":11,"column":13}}},"fnMap":{"0":{"name":"(anonymous_1)","decl":{"start":{"line":12,"column":2},"end":{"line":12,"column":22}},"loc":{"start":{"line":12,"column":61},"end":{"line":12,"column":65}}},"1":{"name":"(anonymous_2)","decl":{"start":{"line":15,"column":2},"end":{"line":15,"column":7}},"loc":{"start":{"line":20,"column":26},"end":{"line":33,"column":3}}},"2":{"name":"(anonymous_3)","decl":{"start":{"line":36,"column":2},"end":{"line":36,"column":7}},"loc":{"start":{"line":36,"column":52},"end":{"line":41,"column":3}}},"3":{"name":"(anonymous_4)","decl":{"start":{"line":44,"column":2},"end":{"line":44,"column":7}},"loc":{"start":{"line":44,"column":33},"end":{"line":46,"column":3}}},"4":{"name":"(anonymous_5)","decl":{"start":{"line":50,"column":2},"end":{"line":50,"column":7}},"loc":{"start":{"line":50,"column":33},"end":{"line":94,"column":3}}},"5":{"name":"(anonymous_6)","decl":{"start":{"line":70,"column":43},"end":{"line":70,"column":44}},"loc":{"start":{"line":70,"column":66},"end":{"line":79,"column":6}}},"6":{"name":"(anonymous_7)","decl":{"start":{"line":98,"column":2},"end":{"line":98,"column":7}},"loc":{"start":{"line":98,"column":23},"end":{"line":134,"column":3}}},"7":{"name":"(anonymous_8)","decl":{"start":{"line":137,"column":2},"end":{"line":137,"column":7}},"loc":{"start":{"line":137,"column":33},"end":{"line":146,"column":3}}}},"branchMap":{"0":{"loc":{"start":{"line":25,"column":4},"end":{"line":25,"column":60}},"type":"if","locations":[{"start":{"line":25,"column":4},"end":{"line":25,"column":60}}]},"1":{"loc":{"start":{"line":58,"column":4},"end":{"line":58,"column":48}},"type":"if","locations":[{"start":{"line":58,"column":4},"end":{"line":58,"column":48}}]},"2":{"loc":{"start":{"line":58,"column":8},"end":{"line":58,"column":34}},"type":"binary-expr","locations":[{"start":{"line":58,"column":8},"end":{"line":58,"column":13}},{"start":{"line":58,"column":17},"end":{"line":58,"column":34}}]},"3":{"loc":{"start":{"line":139,"column":4},"end":{"line":143,"column":5}},"type":"if","locations":[{"start":{"line":139,"column":4},"end":{"line":143,"column":5}}]}},"s":{"0":1,"1":1,"2":0,"3":0,"4":0,"5":0,"6":0,"7":0,"8":0,"9":0,"10":0,"11":0,"12":0,"13":0,"14":0,"15":0,"16":0,"17":0,"18":0,"19":0,"20":0,"21":0,"22":0,"23":0,"24":0,"25":0,"26":1},"f":{"0":1,"1":0,"2":0,"3":0,"4":0,"5":0,"6":0,"7":0},"b":{"0":[0],"1":[0],"2":[0,0],"3":[0]}}
,"D:\\Universidad\\Electiva_2\\Proyecto1-Plataforma-E-commerce\\src\\cart\\routes\\cart.route.ts": {"path":"D:\\Universidad\\Electiva_2\\Proyecto1-Plataforma-E-commerce\\src\\cart\\routes\\cart.route.ts","statementMap":{"0":{"start":{"line":5,"column":0},"end":{"line":5,"column":33}},"1":{"start":{"line":6,"column":0},"end":{"line":6,"column":85}},"2":{"start":{"line":7,"column":0},"end":{"line":7,"column":76}},"3":{"start":{"line":8,"column":0},"end":{"line":8,"column":80}},"4":{"start":{"line":10,"column":15},"end":{"line":10,"column":23}},"5":{"start":{"line":11,"column":19},"end":{"line":11,"column":39}},"6":{"start":{"line":16,"column":0},"end":{"line":16,"column":39}},"7":{"start":{"line":19,"column":0},"end":{"line":19,"column":65}},"8":{"start":{"line":19,"column":34},"end":{"line":19,"column":63}},"9":{"start":{"line":22,"column":0},"end":{"line":22,"column":71}},"10":{"start":{"line":22,"column":41},"end":{"line":22,"column":69}},"11":{"start":{"line":25,"column":0},"end":{"line":27,"column":2}},"12":{"start":{"line":26,"column":2},"end":{"line":26,"column":37}},"13":{"start":{"line":30,"column":0},"end":{"line":32,"column":2}},"14":{"start":{"line":31,"column":2},"end":{"line":31,"column":33}},"15":{"start":{"line":35,"column":0},"end":{"line":35,"column":75}},"16":{"start":{"line":35,"column":43},"end":{"line":35,"column":73}},"17":{"start":{"line":37,"column":0},"end":{"line":37,"column":22}}},"fnMap":{"0":{"name":"(anonymous_1)","decl":{"start":{"line":19,"column":20},"end":{"line":19,"column":21}},"loc":{"start":{"line":19,"column":34},"end":{"line":19,"column":63}}},"1":{"name":"(anonymous_2)","decl":{"start":{"line":22,"column":27},"end":{"line":22,"column":28}},"loc":{"start":{"line":22,"column":41},"end":{"line":22,"column":69}}},"2":{"name":"(anonymous_3)","decl":{"start":{"line":25,"column":37},"end":{"line":25,"column":38}},"loc":{"start":{"line":26,"column":2},"end":{"line":26,"column":37}}},"3":{"name":"(anonymous_4)","decl":{"start":{"line":30,"column":40},"end":{"line":30,"column":41}},"loc":{"start":{"line":31,"column":2},"end":{"line":31,"column":33}}},"4":{"name":"(anonymous_5)","decl":{"start":{"line":35,"column":29},"end":{"line":35,"column":30}},"loc":{"start":{"line":35,"column":43},"end":{"line":35,"column":73}}}},"branchMap":{},"s":{"0":0,"1":0,"2":0,"3":0,"4":0,"5":0,"6":0,"7":0,"8":0,"9":0,"10":0,"11":0,"12":0,"13":0,"14":0,"15":0,"16":0,"17":0},"f":{"0":0,"1":0,"2":0,"3":0,"4":0},"b":{}}
,"D:\\Universidad\\Electiva_2\\Proyecto1-Plataforma-E-commerce\\src\\config\\db.ts": {"path":"D:\\Universidad\\Electiva_2\\Proyecto1-Plataforma-E-commerce\\src\\config\\db.ts","statementMap":{"0":{"start":{"line":2,"column":0},"end":{"line":2,"column":35}},"1":{"start":{"line":3,"column":0},"end":{"line":3,"column":28}},"2":{"start":{"line":5,"column":0},"end":{"line":5,"column":16}},"3":{"start":{"line":7,"column":11},"end":{"line":16,"column":2}},"4":{"start":{"line":18,"column":0},"end":{"line":18,"column":18}}},"fnMap":{},"branchMap":{"0":{"loc":{"start":{"line":8,"column":8},"end":{"line":8,"column":42}},"type":"binary-expr","locations":[{"start":{"line":8,"column":8},"end":{"line":8,"column":27}},{"start":{"line":8,"column":31},"end":{"line":8,"column":42}}]},"1":{"loc":{"start":{"line":9,"column":8},"end":{"line":9,"column":37}},"type":"binary-expr","locations":[{"start":{"line":9,"column":8},"end":{"line":9,"column":27}},{"start":{"line":9,"column":31},"end":{"line":9,"column":37}}]},"2":{"loc":{"start":{"line":10,"column":12},"end":{"line":10,"column":52}},"type":"binary-expr","locations":[{"start":{"line":10,"column":12},"end":{"line":10,"column":35}},{"start":{"line":10,"column":39},"end":{"line":10,"column":52}}]},"3":{"loc":{"start":{"line":11,"column":12},"end":{"line":11,"column":43}},"type":"binary-expr","locations":[{"start":{"line":11,"column":12},"end":{"line":11,"column":31}},{"start":{"line":11,"column":35},"end":{"line":11,"column":43}}]},"4":{"loc":{"start":{"line":12,"column":8},"end":{"line":12,"column":43}},"type":"binary-expr","locations":[{"start":{"line":12,"column":8},"end":{"line":12,"column":35}},{"start":{"line":12,"column":39},"end":{"line":12,"column":43}}]}},"s":{"0":11,"1":11,"2":11,"3":11,"4":11},"f":{},"b":{"0":[11,0],"1":[11,0],"2":[11,0],"3":[11,0],"4":[11,0]}}
}
