TN:
SF:src\app.ts
FN:26,(anonymous_1)
FNF:1
FNH:0
FNDA:0,(anonymous_1)
DA:3,0
DA:4,0
DA:5,0
DA:6,0
DA:7,0
DA:8,0
DA:9,0
DA:11,0
DA:12,0
DA:14,0
DA:17,0
DA:18,0
DA:19,0
DA:20,0
DA:21,0
DA:22,0
DA:24,0
DA:26,0
DA:27,0
DA:30,0
LF:20
LH:0
BRF:0
BRH:0
end_of_record
TN:
SF:src\server.ts
FN:25,(anonymous_1)
FNF:1
FNH:0
FNDA:0,(anonymous_1)
DA:2,0
DA:3,0
DA:6,0
DA:8,0
DA:9,0
DA:10,0
DA:11,0
DA:14,0
DA:15,0
DA:17,0
DA:19,0
DA:20,0
DA:22,0
DA:23,0
DA:25,0
DA:26,0
LF:16
LH:0
BRDA:17,0,0,0
BRDA:17,0,1,0
BRF:2
BRH:0
end_of_record
TN:
SF:src\Categories\application\categories.service.ts
FN:5,(anonymous_0)
FN:7,(anonymous_1)
FN:14,(anonymous_2)
FN:18,(anonymous_3)
FN:24,(anonymous_4)
FN:36,(anonymous_5)
FNF:6
FNH:6
FNDA:11,(anonymous_0)
FNDA:2,(anonymous_1)
FNDA:1,(anonymous_2)
FNDA:2,(anonymous_3)
FNDA:3,(anonymous_4)
FNDA:2,(anonymous_5)
DA:4,2
DA:5,11
DA:8,2
DA:9,2
DA:10,1
DA:11,1
DA:15,1
DA:19,2
DA:20,2
DA:21,1
DA:25,3
DA:26,3
DA:28,2
DA:29,2
DA:30,2
DA:33,1
DA:37,2
DA:38,2
DA:39,1
LF:19
LH:19
BRDA:9,0,0,1
BRDA:20,1,0,1
BRDA:26,2,0,1
BRDA:28,3,0,2
BRDA:28,4,0,2
BRDA:28,4,1,2
BRDA:30,5,0,1
BRDA:38,6,0,1
BRF:8
BRH:8
end_of_record
TN:
SF:src\Categories\infraestructure\controllers\categories.controllers.ts
FN:9,(anonymous_0)
FN:13,(anonymous_1)
FN:25,(anonymous_2)
FN:34,(anonymous_3)
FN:49,(anonymous_4)
FNF:5
FNH:5
FNDA:14,(anonymous_0)
FNDA:4,(anonymous_1)
FNDA:2,(anonymous_2)
FNDA:5,(anonymous_3)
FNDA:3,(anonymous_4)
DA:2,1
DA:3,1
DA:6,1
DA:9,1
DA:10,14
DA:13,1
DA:14,4
DA:15,4
DA:16,4
DA:18,4
DA:19,2
DA:21,2
DA:25,1
DA:26,2
DA:27,2
DA:28,2
DA:30,0
DA:34,1
DA:35,5
DA:36,5
DA:37,5
DA:39,4
DA:40,4
DA:42,4
DA:43,2
DA:45,2
DA:49,1
DA:50,3
DA:51,3
DA:52,3
DA:54,2
DA:55,1
DA:57,1
LF:33
LH:32
BRDA:16,0,0,1
BRDA:16,0,1,3
BRDA:21,1,0,2
BRDA:21,1,1,0
BRDA:21,2,0,2
BRDA:21,2,1,0
BRDA:30,3,0,0
BRDA:30,3,1,0
BRDA:37,4,0,1
BRDA:40,5,0,1
BRDA:45,6,0,2
BRDA:45,6,1,0
BRDA:52,7,0,1
BRDA:57,8,0,1
BRDA:57,8,1,0
BRF:15
BRH:9
end_of_record
TN:
SF:src\Categories\infraestructure\middlewares\categories.middlewares.ts
FN:9,authMiddleware
FN:28,(anonymous_2)
FN:35,(anonymous_3)
FN:44,(anonymous_4)
FN:49,(anonymous_5)
FNF:5
FNH:0
FNDA:0,authMiddleware
FNDA:0,(anonymous_2)
FNDA:0,(anonymous_3)
FNDA:0,(anonymous_4)
FNDA:0,(anonymous_5)
DA:3,0
DA:4,0
DA:5,0
DA:7,0
DA:9,0
DA:10,0
DA:11,0
DA:13,0
DA:14,0
DA:16,0
DA:17,0
DA:18,0
DA:19,0
DA:21,0
DA:25,0
DA:28,0
DA:29,0
DA:30,0
DA:31,0
DA:35,0
DA:36,0
DA:37,0
DA:38,0
DA:40,0
DA:44,0
DA:45,0
DA:46,0
DA:48,0
DA:49,0
DA:50,0
DA:52,0
DA:53,0
DA:55,0
LF:33
LH:0
BRDA:7,0,0,0
BRDA:7,0,1,0
BRDA:11,1,0,0
BRDA:14,2,0,0
BRDA:30,3,0,0
BRDA:37,4,0,0
BRDA:37,5,0,0
BRDA:37,5,1,0
BRDA:45,6,0,0
BRDA:45,6,1,0
BRDA:46,7,0,0
BRDA:50,8,0,0
BRDA:55,9,0,0
BRDA:55,9,1,0
BRDA:55,10,0,0
BRDA:55,10,1,0
BRF:16
BRH:0
end_of_record
TN:
SF:src\Categories\infraestructure\repositories\categories.repository.ts
FN:14,(anonymous_1)
FN:28,(anonymous_2)
FN:33,(anonymous_3)
FN:38,(anonymous_4)
FN:43,(anonymous_5)
FN:71,(anonymous_6)
FNF:6
FNH:0
FNDA:0,(anonymous_1)
FNDA:0,(anonymous_2)
FNDA:0,(anonymous_3)
FNDA:0,(anonymous_4)
FNDA:0,(anonymous_5)
FNDA:0,(anonymous_6)
DA:1,1
DA:13,1
DA:15,0
DA:25,0
DA:29,0
DA:30,0
DA:34,0
DA:35,0
DA:39,0
DA:40,0
DA:44,0
DA:45,0
DA:47,0
DA:48,0
DA:49,0
DA:51,0
DA:52,0
DA:53,0
DA:55,0
DA:56,0
DA:57,0
DA:59,0
DA:60,0
DA:61,0
DA:64,0
DA:66,0
DA:67,0
DA:68,0
DA:72,0
LF:29
LH:2
BRDA:20,0,0,0
BRDA:20,0,1,0
BRDA:21,1,0,0
BRDA:21,1,1,0
BRDA:22,2,0,0
BRDA:22,2,1,0
BRDA:47,3,0,0
BRDA:51,4,0,0
BRDA:55,5,0,0
BRDA:59,6,0,0
BRDA:64,7,0,0
BRF:11
BRH:0
end_of_record
TN:
SF:src\Categories\routes\categories.route.ts
FNF:0
FNH:0
DA:2,0
DA:3,0
DA:4,0
DA:5,0
DA:7,0
DA:10,0
DA:14,0
DA:15,0
DA:16,0
DA:18,0
LF:10
LH:0
BRF:0
BRH:0
end_of_record
TN:
SF:src\Checkout\application\checkout.service.ts
FN:9,(anonymous_0)
FN:14,(anonymous_1)
FNF:2
FNH:2
FNDA:12,(anonymous_0)
FNDA:11,(anonymous_1)
DA:2,2
DA:3,2
DA:5,2
DA:10,12
DA:11,12
DA:15,11
DA:18,11
DA:19,1
DA:21,10
DA:22,1
DA:24,9
DA:25,1
DA:27,8
DA:28,1
DA:31,7
DA:32,7
DA:35,7
DA:36,8
DA:37,8
DA:38,1
DA:41,7
DA:42,7
DA:44,7
DA:45,2
DA:47,5
DA:48,1
DA:51,4
DA:52,4
DA:55,4
DA:66,3
DA:67,3
DA:69,3
DA:70,0
DA:74,3
DA:82,3
DA:85,3
LF:36
LH:35
BRDA:18,0,0,1
BRDA:21,1,0,1
BRDA:21,2,0,10
BRDA:21,2,1,10
BRDA:24,3,0,1
BRDA:24,4,0,9
BRDA:24,4,1,8
BRDA:27,5,0,1
BRDA:27,6,0,8
BRDA:27,6,1,7
BRDA:37,7,0,1
BRDA:44,8,0,2
BRDA:44,9,0,7
BRDA:44,9,1,6
BRDA:44,9,2,6
BRDA:47,10,0,1
BRDA:66,11,0,1
BRDA:66,11,1,2
BRDA:69,12,0,0
BRF:19
BRH:18
end_of_record
TN:
SF:src\Checkout\infraestructure\controllers\checkout.controller.ts
FN:8,(anonymous_0)
FN:14,(anonymous_1)
FNF:2
FNH:2
FNDA:11,(anonymous_0)
FNDA:11,(anonymous_1)
DA:3,1
DA:5,1
DA:8,1
DA:9,11
DA:12,1
DA:15,11
DA:16,11
DA:19,11
DA:26,11
DA:28,3
DA:30,8
DA:33,8
DA:34,7
DA:38,1
LF:14
LH:14
BRDA:20,0,0,11
BRDA:20,0,1,2
BRDA:33,1,0,7
BRDA:33,2,0,8
BRDA:33,2,1,7
BRF:5
BRH:5
end_of_record
TN:
SF:src\Checkout\infraestructure\middlewares\checkout.middleware.ts
FN:8,authMiddleware
FN:24,(anonymous_2)
FNF:2
FNH:0
FNDA:0,authMiddleware
FNDA:0,(anonymous_2)
DA:3,0
DA:6,0
DA:8,0
DA:9,0
DA:10,0
DA:12,0
DA:13,0
DA:15,0
DA:16,0
DA:17,0
DA:18,0
DA:20,0
DA:24,0
DA:25,0
DA:27,0
DA:28,0
DA:33,0
LF:17
LH:0
BRDA:6,0,0,0
BRDA:6,0,1,0
BRDA:10,1,0,0
BRDA:13,2,0,0
BRDA:27,3,0,0
BRDA:27,4,0,0
BRDA:27,4,1,0
BRDA:27,4,2,0
BRDA:27,4,3,0
BRF:9
BRH:0
end_of_record
TN:
SF:src\Checkout\infraestructure\repositories\checkout.repository.ts
FN:13,(anonymous_1)
FN:26,(anonymous_2)
FNF:2
FNH:0
FNDA:0,(anonymous_1)
FNDA:0,(anonymous_2)
DA:2,2
DA:11,2
DA:14,0
DA:15,0
DA:19,0
DA:21,0
DA:27,0
LF:7
LH:2
BRDA:19,0,0,0
BRDA:19,0,1,0
BRF:2
BRH:0
end_of_record
TN:
SF:src\Checkout\routes\checkout.route.ts
FNF:0
FNH:0
DA:2,0
DA:3,0
DA:4,0
DA:5,0
DA:7,0
DA:9,0
DA:11,0
LF:7
LH:0
BRF:0
BRH:0
end_of_record
TN:
SF:src\Orders\application\order.service.ts
FN:6,(anonymous_0)
FN:10,(anonymous_1)
FN:17,(anonymous_2)
FN:23,(anonymous_3)
FN:33,(anonymous_4)
FN:43,(anonymous_5)
FN:47,(anonymous_6)
FN:53,(anonymous_7)
FN:68,(anonymous_8)
FN:75,(anonymous_9)
FNF:10
FNH:6
FNDA:16,(anonymous_0)
FNDA:1,(anonymous_1)
FNDA:2,(anonymous_2)
FNDA:2,(anonymous_3)
FNDA:2,(anonymous_4)
FNDA:0,(anonymous_5)
FNDA:2,(anonymous_6)
FNDA:0,(anonymous_7)
FNDA:0,(anonymous_8)
FNDA:0,(anonymous_9)
DA:1,4
DA:3,4
DA:7,16
DA:11,1
DA:12,1
DA:13,1
DA:14,1
DA:18,2
DA:19,1
DA:23,1
DA:24,2
DA:25,2
DA:28,1
DA:29,1
DA:30,1
DA:33,2
DA:40,1
DA:44,0
DA:48,2
DA:49,2
DA:50,1
DA:54,0
DA:55,0
DA:57,0
DA:58,0
DA:61,0
DA:62,0
DA:65,0
DA:69,0
DA:70,0
DA:72,0
DA:76,0
LF:32
LH:20
BRDA:18,0,0,1
BRDA:18,1,0,2
BRDA:18,1,1,2
BRDA:49,2,0,1
BRDA:55,3,0,0
BRDA:57,4,0,0
BRDA:61,5,0,0
BRDA:61,6,0,0
BRDA:61,6,1,0
BRDA:69,7,0,0
BRDA:69,8,0,0
BRDA:69,8,1,0
BRF:12
BRH:4
end_of_record
TN:
SF:src\Orders\infraestructure\controllers\order.controller.ts
FN:7,(anonymous_0)
FN:12,(anonymous_1)
FN:19,(anonymous_2)
FN:38,(anonymous_3)
FN:60,(anonymous_4)
FN:86,(anonymous_5)
FN:110,(anonymous_6)
FN:132,(anonymous_7)
FNF:8
FNH:3
FNDA:4,(anonymous_0)
FNDA:0,(anonymous_1)
FNDA:2,(anonymous_2)
FNDA:0,(anonymous_3)
FNDA:2,(anonymous_4)
FNDA:0,(anonymous_5)
FNDA:0,(anonymous_6)
FNDA:0,(anonymous_7)
DA:2,1
DA:4,1
DA:7,1
DA:8,4
DA:12,1
DA:13,0
DA:14,0
DA:15,0
DA:19,1
DA:20,2
DA:21,2
DA:22,2
DA:24,1
DA:30,1
DA:38,1
DA:39,0
DA:40,0
DA:41,0
DA:42,0
DA:45,0
DA:46,0
DA:52,0
DA:60,1
DA:61,2
DA:62,2
DA:63,2
DA:64,1
DA:67,1
DA:68,1
DA:69,0
DA:72,1
DA:78,0
DA:86,1
DA:87,0
DA:88,0
DA:89,0
DA:90,0
DA:93,0
DA:94,0
DA:96,0
DA:102,0
DA:110,1
DA:111,0
DA:112,0
DA:113,0
DA:114,0
DA:117,0
DA:118,0
DA:124,0
DA:132,1
DA:133,0
DA:134,0
DA:135,0
DA:141,0
LF:54
LH:23
BRDA:12,0,0,0
BRDA:13,1,0,0
BRDA:13,2,0,0
BRDA:13,2,1,0
BRDA:14,3,0,0
BRDA:14,4,0,0
BRDA:14,4,1,0
BRDA:14,4,2,0
BRDA:14,4,3,0
BRDA:30,5,0,1
BRDA:30,5,1,0
BRDA:31,6,0,1
BRDA:31,6,1,0
BRDA:32,7,0,1
BRDA:32,7,1,0
BRDA:41,8,0,0
BRDA:52,9,0,0
BRDA:52,9,1,0
BRDA:53,10,0,0
BRDA:53,10,1,0
BRDA:54,11,0,0
BRDA:54,11,1,0
BRDA:63,12,0,1
BRDA:68,13,0,0
BRDA:78,14,0,0
BRDA:78,14,1,0
BRDA:79,15,0,0
BRDA:79,15,1,0
BRDA:80,16,0,0
BRDA:80,16,1,0
BRDA:89,17,0,0
BRDA:102,18,0,0
BRDA:102,18,1,0
BRDA:103,19,0,0
BRDA:103,19,1,0
BRDA:104,20,0,0
BRDA:104,20,1,0
BRDA:113,21,0,0
BRDA:124,22,0,0
BRDA:124,22,1,0
BRDA:125,23,0,0
BRDA:125,23,1,0
BRDA:126,24,0,0
BRDA:126,24,1,0
BRDA:141,25,0,0
BRDA:141,25,1,0
BRDA:142,26,0,0
BRDA:142,26,1,0
BRDA:143,27,0,0
BRDA:143,27,1,0
BRF:50
BRH:4
end_of_record
TN:
SF:src\Orders\infraestructure\middlewares\order.middleware.ts
FN:8,authMiddleware
FN:28,verifyUserMiddleware
FN:46,validateStockMiddleware
FN:71,validateOrderFields
FNF:4
FNH:0
FNDA:0,authMiddleware
FNDA:0,verifyUserMiddleware
FNDA:0,validateStockMiddleware
FNDA:0,validateOrderFields
DA:3,0
DA:4,0
DA:6,0
DA:8,0
DA:9,0
DA:10,0
DA:12,0
DA:13,0
DA:15,0
DA:16,0
DA:17,0
DA:18,0
DA:20,0
DA:28,0
DA:29,0
DA:30,0
DA:31,0
DA:34,0
DA:35,0
DA:36,0
DA:39,0
DA:40,0
DA:43,0
DA:46,0
DA:47,0
DA:48,0
DA:49,0
DA:52,0
DA:53,0
DA:57,0
DA:58,0
DA:60,0
DA:61,0
DA:68,0
DA:71,0
DA:72,0
DA:74,0
DA:75,0
DA:81,0
DA:82,0
DA:88,0
LF:41
LH:0
BRDA:6,0,0,0
BRDA:6,0,1,0
BRDA:10,1,0,0
BRDA:13,2,0,0
BRDA:30,3,0,0
BRDA:35,4,0,0
BRDA:35,5,0,0
BRDA:35,5,1,0
BRDA:39,6,0,0
BRDA:48,7,0,0
BRDA:48,8,0,0
BRDA:48,8,1,0
BRDA:57,9,0,0
BRDA:57,10,0,0
BRDA:57,10,1,0
BRDA:60,11,0,0
BRDA:74,12,0,0
BRDA:74,13,0,0
BRDA:74,13,1,0
BRDA:81,14,0,0
BRDA:81,15,0,0
BRDA:81,15,1,0
BRF:22
BRH:0
end_of_record
TN:
SF:src\Orders\infraestructure\repositories\order.repository.ts
FN:16,(anonymous_1)
FN:57,(anonymous_2)
FN:66,(anonymous_3)
FN:91,(anonymous_4)
FN:92,(anonymous_5)
FN:105,(anonymous_6)
FN:134,(anonymous_7)
FN:148,(anonymous_8)
FNF:8
FNH:0
FNDA:0,(anonymous_1)
FNDA:0,(anonymous_2)
FNDA:0,(anonymous_3)
FNDA:0,(anonymous_4)
FNDA:0,(anonymous_5)
FNDA:0,(anonymous_6)
FNDA:0,(anonymous_7)
FNDA:0,(anonymous_8)
DA:2,4
DA:14,4
DA:18,0
DA:32,0
DA:35,0
DA:36,0
DA:37,0
DA:44,0
DA:53,0
DA:58,0
DA:62,0
DA:67,0
DA:78,0
DA:80,0
DA:91,0
DA:92,0
DA:101,0
DA:107,0
DA:113,0
DA:114,0
DA:121,0
DA:130,0
DA:135,0
DA:144,0
DA:149,0
DA:152,0
LF:26
LH:2
BRDA:35,0,0,0
BRDA:35,1,0,0
BRDA:35,1,1,0
BRDA:78,2,0,0
BRF:4
BRH:0
end_of_record
TN:
SF:src\Orders\routes\order.route.ts
FNF:0
FNH:0
DA:2,0
DA:3,0
DA:4,0
DA:13,0
DA:17,0
DA:18,0
DA:19,0
DA:22,0
DA:24,0
DA:27,0
LF:10
LH:0
BRF:0
BRH:0
end_of_record
TN:
SF:src\Products\application\products.service.ts
FN:5,(anonymous_0)
FN:8,(anonymous_1)
FN:17,(anonymous_2)
FN:22,(anonymous_3)
FN:29,(anonymous_4)
FN:42,(anonymous_5)
FN:51,(anonymous_6)
FNF:7
FNH:7
FNDA:12,(anonymous_0)
FNDA:2,(anonymous_1)
FNDA:1,(anonymous_2)
FNDA:2,(anonymous_3)
FNDA:3,(anonymous_4)
FNDA:2,(anonymous_5)
FNDA:1,(anonymous_6)
DA:4,2
DA:5,12
DA:9,2
DA:10,2
DA:12,1
DA:13,1
DA:18,1
DA:23,2
DA:24,2
DA:25,1
DA:30,3
DA:31,3
DA:33,2
DA:34,2
DA:35,2
DA:38,1
DA:43,2
DA:44,2
DA:47,1
DA:52,1
LF:20
LH:20
BRDA:10,0,0,1
BRDA:24,1,0,1
BRDA:31,2,0,1
BRDA:33,3,0,2
BRDA:33,4,0,2
BRDA:33,4,1,2
BRDA:35,5,0,1
BRDA:44,6,0,1
BRF:8
BRH:8
end_of_record
TN:
SF:src\Products\infraestructure\controllers\products.controller.ts
FN:10,(anonymous_0)
FN:17,(anonymous_1)
FN:25,(anonymous_2)
FN:47,(anonymous_3)
FN:53,(anonymous_4)
FN:58,(anonymous_5)
FN:73,(anonymous_6)
FN:84,(anonymous_7)
FN:103,(anonymous_8)
FN:120,(anonymous_9)
FN:160,(anonymous_10)
FN:171,(anonymous_11)
FN:179,(anonymous_12)
FNF:13
FNH:13
FNDA:17,(anonymous_0)
FNDA:3,(anonymous_1)
FNDA:6,(anonymous_2)
FNDA:2,(anonymous_3)
FNDA:4,(anonymous_4)
FNDA:3,(anonymous_5)
FNDA:3,(anonymous_6)
FNDA:4,(anonymous_7)
FNDA:3,(anonymous_8)
FNDA:3,(anonymous_9)
FNDA:3,(anonymous_10)
FNDA:4,(anonymous_11)
FNDA:3,(anonymous_12)
DA:2,1
DA:3,1
DA:7,1
DA:10,1
DA:11,17
DA:17,1
DA:18,3
DA:19,3
DA:22,3
DA:25,3
DA:26,6
DA:27,2
DA:28,0
DA:32,3
DA:33,3
DA:36,3
DA:38,1
DA:40,2
DA:47,1
DA:48,2
DA:49,2
DA:52,2
DA:53,4
DA:57,2
DA:58,3
DA:67,2
DA:69,0
DA:73,1
DA:74,3
DA:75,3
DA:76,3
DA:77,1
DA:80,2
DA:81,2
DA:84,2
DA:85,4
DA:86,0
DA:87,0
DA:90,2
DA:91,2
DA:93,2
DA:94,1
DA:96,1
DA:103,1
DA:104,3
DA:105,3
DA:106,3
DA:108,3
DA:109,1
DA:112,2
DA:113,1
DA:115,1
DA:120,1
DA:121,3
DA:122,3
DA:123,3
DA:125,3
DA:126,1
DA:129,2
DA:132,1
DA:139,0
DA:142,1
DA:143,1
DA:153,1
DA:155,1
DA:160,1
DA:161,3
DA:162,3
DA:163,3
DA:164,1
DA:167,2
DA:170,2
DA:172,4
DA:178,2
DA:179,3
DA:189,2
DA:191,0
LF:77
LH:71
BRDA:22,0,0,0
BRDA:26,1,0,4
BRDA:26,2,0,6
BRDA:26,2,1,2
BRDA:27,3,0,2
BRDA:27,4,0,2
BRDA:27,4,1,2
BRDA:27,4,2,2
BRDA:27,4,3,0
BRDA:40,5,0,2
BRDA:40,5,1,0
BRDA:40,6,0,2
BRDA:40,6,1,0
BRDA:53,7,0,4
BRDA:53,7,1,3
BRDA:53,7,2,3
BRDA:69,8,0,0
BRDA:69,8,1,0
BRDA:75,9,0,3
BRDA:75,9,1,0
BRDA:76,10,0,1
BRDA:81,11,0,0
BRDA:85,12,0,4
BRDA:85,13,0,4
BRDA:85,13,1,0
BRDA:86,14,0,0
BRDA:86,15,0,0
BRDA:86,15,1,0
BRDA:86,15,2,0
BRDA:86,15,3,0
BRDA:96,16,0,1
BRDA:96,16,1,0
BRDA:105,17,0,3
BRDA:105,17,1,0
BRDA:108,18,0,1
BRDA:115,19,0,1
BRDA:115,19,1,0
BRDA:122,20,0,3
BRDA:122,20,1,0
BRDA:125,21,0,1
BRDA:132,22,0,0
BRDA:133,23,0,1
BRDA:133,23,1,1
BRDA:133,23,2,1
BRDA:133,23,3,1
BRDA:133,23,4,1
BRDA:155,24,0,1
BRDA:155,24,1,0
BRDA:163,25,0,1
BRDA:172,26,0,4
BRDA:172,26,1,4
BRDA:172,26,2,4
BRDA:172,26,3,4
BRDA:191,27,0,0
BRDA:191,27,1,0
BRF:55
BRH:33
end_of_record
TN:
SF:src\Products\infraestructure\middlewares\products.middleware.ts
FN:9,authMiddleware
FN:31,(anonymous_2)
FN:36,(anonymous_3)
FN:47,(anonymous_4)
FN:59,(anonymous_5)
FN:71,(anonymous_6)
FNF:6
FNH:0
FNDA:0,authMiddleware
FNDA:0,(anonymous_2)
FNDA:0,(anonymous_3)
FNDA:0,(anonymous_4)
FNDA:0,(anonymous_5)
FNDA:0,(anonymous_6)
DA:2,0
DA:3,0
DA:4,0
DA:5,0
DA:6,0
DA:9,0
DA:10,0
DA:11,0
DA:13,0
DA:14,0
DA:16,0
DA:17,0
DA:18,0
DA:19,0
DA:21,0
DA:31,0
DA:32,0
DA:33,0
DA:35,0
DA:36,0
DA:37,0
DA:39,0
DA:40,0
DA:42,0
DA:47,0
DA:48,0
DA:50,0
DA:51,0
DA:52,0
DA:53,0
DA:55,0
DA:59,0
DA:60,0
DA:61,0
DA:62,0
DA:64,0
DA:65,0
DA:67,0
DA:71,0
DA:74,0
LF:40
LH:0
BRDA:5,0,0,0
BRDA:5,0,1,0
BRDA:11,1,0,0
BRDA:14,2,0,0
BRDA:32,3,0,0
BRDA:32,3,1,0
BRDA:33,4,0,0
BRDA:37,5,0,0
BRDA:42,6,0,0
BRDA:42,6,1,0
BRDA:42,7,0,0
BRDA:42,7,1,0
BRDA:50,8,0,0
BRDA:51,9,0,0
BRDA:51,10,0,0
BRDA:51,10,1,0
BRDA:52,11,0,0
BRDA:52,12,0,0
BRDA:52,12,1,0
BRDA:53,13,0,0
BRDA:61,14,0,0
BRDA:61,15,0,0
BRDA:61,15,1,0
BRDA:64,16,0,0
BRDA:64,17,0,0
BRDA:64,17,1,0
BRF:26
BRH:0
end_of_record
TN:
SF:src\Products\infraestructure\repositories\products.repository.ts
FN:15,(anonymous_1)
FN:36,(anonymous_2)
FN:41,(anonymous_3)
FN:46,(anonymous_4)
FN:51,(anonymous_5)
FN:97,(anonymous_6)
FN:101,(anonymous_7)
FN:106,(anonymous_8)
FNF:8
FNH:0
FNDA:0,(anonymous_1)
FNDA:0,(anonymous_2)
FNDA:0,(anonymous_3)
FNDA:0,(anonymous_4)
FNDA:0,(anonymous_5)
FNDA:0,(anonymous_6)
FNDA:0,(anonymous_7)
FNDA:0,(anonymous_8)
DA:1,2
DA:14,2
DA:16,0
DA:33,0
DA:37,0
DA:38,0
DA:42,0
DA:43,0
DA:47,0
DA:48,0
DA:52,0
DA:53,0
DA:55,0
DA:56,0
DA:57,0
DA:59,0
DA:60,0
DA:61,0
DA:63,0
DA:64,0
DA:65,0
DA:67,0
DA:68,0
DA:69,0
DA:71,0
DA:72,0
DA:73,0
DA:75,0
DA:76,0
DA:77,0
DA:79,0
DA:80,0
DA:81,0
DA:83,0
DA:84,0
DA:85,0
DA:88,0
DA:90,0
DA:91,0
DA:92,0
DA:94,0
DA:98,0
DA:102,0
DA:107,0
DA:108,0
LF:45
LH:2
BRDA:28,0,0,0
BRDA:28,0,1,0
BRDA:55,1,0,0
BRDA:59,2,0,0
BRDA:63,3,0,0
BRDA:67,4,0,0
BRDA:71,5,0,0
BRDA:75,6,0,0
BRDA:79,7,0,0
BRDA:83,8,0,0
BRDA:88,9,0,0
BRF:11
BRH:0
end_of_record
TN:
SF:src\Products\routes\products.route.ts
FNF:0
FNH:0
DA:1,0
DA:2,0
DA:3,0
DA:4,0
DA:5,0
DA:12,0
DA:13,0
DA:16,0
DA:17,0
DA:18,0
DA:21,0
DA:29,0
DA:38,0
DA:46,0
LF:14
LH:0
BRF:0
BRH:0
end_of_record
TN:
SF:src\Supplier\application\supplier.service.ts
FN:5,(anonymous_0)
FN:7,(anonymous_1)
FN:14,(anonymous_2)
FN:18,(anonymous_3)
FN:24,(anonymous_4)
FN:36,(anonymous_5)
FNF:6
FNH:6
FNDA:11,(anonymous_0)
FNDA:2,(anonymous_1)
FNDA:1,(anonymous_2)
FNDA:2,(anonymous_3)
FNDA:3,(anonymous_4)
FNDA:2,(anonymous_5)
DA:4,2
DA:5,11
DA:8,2
DA:9,2
DA:10,1
DA:11,1
DA:15,1
DA:19,2
DA:20,2
DA:21,1
DA:25,3
DA:26,3
DA:28,2
DA:29,2
DA:30,2
DA:33,1
DA:37,2
DA:38,2
DA:39,1
LF:19
LH:19
BRDA:9,0,0,1
BRDA:20,1,0,1
BRDA:26,2,0,1
BRDA:28,3,0,2
BRDA:28,4,0,2
BRDA:28,4,1,2
BRDA:30,5,0,1
BRDA:38,6,0,1
BRF:8
BRH:8
end_of_record
TN:
SF:src\Supplier\infraestructure\controllers\supplier.controller.ts
FN:7,(anonymous_0)
FN:11,(anonymous_1)
FN:17,(anonymous_2)
FN:29,(anonymous_3)
FN:38,(anonymous_4)
FN:53,(anonymous_5)
FNF:6
FNH:6
FNDA:14,(anonymous_0)
FNDA:5,(anonymous_1)
FNDA:4,(anonymous_2)
FNDA:2,(anonymous_3)
FNDA:5,(anonymous_4)
FNDA:3,(anonymous_5)
DA:2,1
DA:3,1
DA:5,1
DA:7,1
DA:8,14
DA:11,1
DA:12,5
DA:13,3
DA:14,1
DA:17,1
DA:18,4
DA:19,4
DA:20,4
DA:22,4
DA:23,2
DA:25,2
DA:29,1
DA:30,2
DA:31,2
DA:32,2
DA:34,0
DA:38,1
DA:39,5
DA:40,5
DA:41,5
DA:43,4
DA:44,4
DA:46,4
DA:47,2
DA:49,2
DA:53,1
DA:54,3
DA:55,3
DA:56,3
DA:58,2
DA:59,1
DA:61,1
LF:37
LH:36
BRDA:11,0,0,1
BRDA:12,1,0,2
BRDA:12,2,0,5
BRDA:12,2,1,3
BRDA:13,3,0,2
BRDA:13,4,0,3
BRDA:13,4,1,2
BRDA:13,4,2,1
BRDA:13,4,3,1
BRDA:25,5,0,2
BRDA:25,5,1,0
BRDA:34,6,0,0
BRDA:34,6,1,0
BRDA:41,7,0,1
BRDA:44,8,0,1
BRDA:49,9,0,2
BRDA:49,9,1,0
BRDA:56,10,0,1
BRDA:61,11,0,1
BRDA:61,11,1,0
BRF:20
BRH:15
end_of_record
TN:
SF:src\Supplier\infraestructure\middlewares\supplier.middlewares.ts
FN:8,authMiddleware
FN:32,(anonymous_2)
FN:59,(anonymous_3)
FN:88,(anonymous_4)
FN:93,(anonymous_5)
FNF:5
FNH:0
FNDA:0,authMiddleware
FNDA:0,(anonymous_2)
FNDA:0,(anonymous_3)
FNDA:0,(anonymous_4)
FNDA:0,(anonymous_5)
DA:2,0
DA:3,0
DA:4,0
DA:6,0
DA:8,0
DA:9,0
DA:10,0
DA:12,0
DA:13,0
DA:15,0
DA:16,0
DA:17,0
DA:18,0
DA:20,0
DA:24,0
DA:32,0
DA:33,0
DA:35,0
DA:36,0
DA:39,0
DA:41,0
DA:42,0
DA:43,0
DA:47,0
DA:49,0
DA:50,0
DA:51,0
DA:55,0
DA:59,0
DA:60,0
DA:62,0
DA:63,0
DA:66,0
DA:67,0
DA:68,0
DA:69,0
DA:73,0
DA:74,0
DA:75,0
DA:76,0
DA:80,0
DA:81,0
DA:84,0
DA:88,0
DA:89,0
DA:90,0
DA:92,0
DA:93,0
DA:94,0
DA:96,0
DA:97,0
DA:99,0
LF:52
LH:0
BRDA:6,0,0,0
BRDA:6,0,1,0
BRDA:10,1,0,0
BRDA:13,2,0,0
BRDA:35,3,0,0
BRDA:35,4,0,0
BRDA:35,4,1,0
BRDA:39,5,0,0
BRDA:39,6,0,0
BRDA:39,6,1,0
BRDA:39,6,2,0
BRDA:42,7,0,0
BRDA:47,8,0,0
BRDA:47,9,0,0
BRDA:47,9,1,0
BRDA:47,9,2,0
BRDA:50,10,0,0
BRDA:62,11,0,0
BRDA:62,12,0,0
BRDA:62,12,1,0
BRDA:66,13,0,0
BRDA:66,14,0,0
BRDA:66,14,1,0
BRDA:66,14,2,0
BRDA:68,15,0,0
BRDA:73,16,0,0
BRDA:73,17,0,0
BRDA:73,17,1,0
BRDA:73,17,2,0
BRDA:75,18,0,0
BRDA:80,19,0,0
BRDA:80,20,0,0
BRDA:80,20,1,0
BRDA:89,21,0,0
BRDA:89,21,1,0
BRDA:90,22,0,0
BRDA:90,23,0,0
BRDA:90,23,1,0
BRDA:94,24,0,0
BRDA:99,25,0,0
BRDA:99,25,1,0
BRDA:99,26,0,0
BRDA:99,26,1,0
BRF:43
BRH:0
end_of_record
TN:
SF:src\Supplier\infraestructure\repositories\supplier.repository.ts
FN:14,(anonymous_1)
FN:29,(anonymous_2)
FN:34,(anonymous_3)
FN:39,(anonymous_4)
FN:44,(anonymous_5)
FN:63,(anonymous_6)
FNF:6
FNH:0
FNDA:0,(anonymous_1)
FNDA:0,(anonymous_2)
FNDA:0,(anonymous_3)
FNDA:0,(anonymous_4)
FNDA:0,(anonymous_5)
FNDA:0,(anonymous_6)
DA:1,1
DA:13,1
DA:15,0
DA:26,0
DA:30,0
DA:31,0
DA:35,0
DA:36,0
DA:40,0
DA:41,0
DA:45,0
DA:46,0
DA:48,0
DA:49,0
DA:50,0
DA:51,0
DA:52,0
DA:54,0
DA:56,0
DA:57,0
DA:58,0
DA:60,0
DA:64,0
LF:23
LH:2
BRDA:20,0,0,0
BRDA:20,0,1,0
BRDA:21,1,0,0
BRDA:21,1,1,0
BRDA:22,2,0,0
BRDA:22,2,1,0
BRDA:23,3,0,0
BRDA:23,3,1,0
BRDA:48,4,0,0
BRDA:49,5,0,0
BRDA:50,6,0,0
BRDA:51,7,0,0
BRDA:52,8,0,0
BRDA:54,9,0,0
BRF:14
BRH:0
end_of_record
TN:
SF:src\Supplier\routes\supplier.routes.ts
FNF:0
FNH:0
DA:1,0
DA:2,0
DA:3,0
DA:4,0
DA:5,0
DA:8,0
DA:11,0
DA:12,0
DA:13,0
DA:17,0
LF:10
LH:0
BRF:0
BRH:0
end_of_record
TN:
SF:src\Tracking\application\tracking.service.ts
FN:5,(anonymous_0)
FN:8,(anonymous_1)
FN:20,(anonymous_2)
FN:25,(anonymous_3)
FN:32,(anonymous_4)
FN:39,(anonymous_5)
FN:46,(anonymous_6)
FN:59,(anonymous_7)
FN:67,(anonymous_8)
FN:95,(anonymous_9)
FN:100,(anonymous_10)
FN:105,(anonymous_11)
FN:120,(anonymous_12)
FN:134,(anonymous_13)
FN:148,(anonymous_14)
FNF:15
FNH:3
FNDA:4,(anonymous_0)
FNDA:2,(anonymous_1)
FNDA:0,(anonymous_2)
FNDA:2,(anonymous_3)
FNDA:0,(anonymous_4)
FNDA:0,(anonymous_5)
FNDA:0,(anonymous_6)
FNDA:0,(anonymous_7)
FNDA:0,(anonymous_8)
FNDA:0,(anonymous_9)
FNDA:0,(anonymous_10)
FNDA:0,(anonymous_11)
FNDA:0,(anonymous_12)
FNDA:0,(anonymous_13)
FNDA:0,(anonymous_14)
DA:4,2
DA:5,4
DA:9,2
DA:10,2
DA:12,1
DA:13,1
DA:15,1
DA:16,1
DA:21,0
DA:26,2
DA:27,2
DA:28,1
DA:33,0
DA:34,0
DA:35,0
DA:40,0
DA:41,0
DA:42,0
DA:47,0
DA:48,0
DA:50,0
DA:51,0
DA:52,0
DA:55,0
DA:60,0
DA:61,0
DA:63,0
DA:68,0
DA:69,0
DA:72,0
DA:73,0
DA:79,0
DA:82,0
DA:91,0
DA:96,0
DA:101,0
DA:106,0
DA:107,0
DA:108,0
DA:109,0
DA:111,0
DA:112,0
DA:113,0
DA:116,0
DA:121,0
DA:130,0
DA:135,0
DA:144,0
DA:149,0
DA:157,0
DA:158,0
DA:159,0
DA:161,0
LF:53
LH:11
BRDA:10,0,0,1
BRDA:13,1,0,0
BRDA:27,2,0,1
BRDA:34,3,0,0
BRDA:41,4,0,0
BRDA:48,5,0,0
BRDA:50,6,0,0
BRDA:50,7,0,0
BRDA:50,7,1,0
BRDA:52,8,0,0
BRDA:61,9,0,0
BRDA:69,10,0,0
BRDA:72,11,0,0
BRDA:112,12,0,0
BRDA:130,13,0,0
BRDA:130,13,1,0
BRDA:144,14,0,0
BRDA:144,14,1,0
BRDA:157,15,0,0
BRDA:157,15,1,0
BRF:20
BRH:2
end_of_record
TN:
SF:src\Tracking\infraestructure\controllers\tracking.controller.ts
FN:9,(anonymous_0)
FN:22,(anonymous_1)
FN:63,(anonymous_2)
FN:71,(anonymous_3)
FN:106,(anonymous_4)
FN:125,(anonymous_5)
FN:144,(anonymous_6)
FN:163,(anonymous_7)
FN:192,(anonymous_8)
FN:238,(anonymous_9)
FN:255,(anonymous_10)
FN:269,(anonymous_11)
FN:291,formatTrackingResponse
FNF:13
FNH:4
FNDA:3,(anonymous_0)
FNDA:2,(anonymous_1)
FNDA:1,(anonymous_2)
FNDA:0,(anonymous_3)
FNDA:0,(anonymous_4)
FNDA:0,(anonymous_5)
FNDA:0,(anonymous_6)
FNDA:0,(anonymous_7)
FNDA:0,(anonymous_8)
FNDA:0,(anonymous_9)
FNDA:0,(anonymous_10)
FNDA:0,(anonymous_11)
FNDA:3,formatTrackingResponse
DA:2,1
DA:3,1
DA:7,1
DA:9,1
DA:10,3
DA:22,1
DA:23,2
DA:24,2
DA:27,2
DA:30,2
DA:31,0
DA:35,2
DA:36,2
DA:43,2
DA:45,1
DA:46,0
DA:49,1
DA:51,1
DA:56,1
DA:63,1
DA:64,1
DA:65,1
DA:67,1
DA:70,1
DA:71,0
DA:75,1
DA:76,1
DA:77,1
DA:78,1
DA:79,1
DA:82,1
DA:85,1
DA:87,1
DA:99,0
DA:106,1
DA:107,0
DA:108,0
DA:109,0
DA:110,0
DA:113,0
DA:114,0
DA:116,0
DA:118,0
DA:125,1
DA:126,0
DA:127,0
DA:128,0
DA:129,0
DA:132,0
DA:133,0
DA:135,0
DA:137,0
DA:144,1
DA:145,0
DA:146,0
DA:147,0
DA:148,0
DA:151,0
DA:152,0
DA:154,0
DA:156,0
DA:163,1
DA:164,0
DA:165,0
DA:166,0
DA:167,0
DA:170,0
DA:173,0
DA:174,0
DA:177,0
DA:178,0
DA:180,0
DA:185,0
DA:192,1
DA:193,0
DA:194,0
DA:195,0
DA:196,0
DA:199,0
DA:201,0
DA:202,0
DA:205,0
DA:206,0
DA:207,0
DA:213,0
DA:219,0
DA:225,0
DA:231,0
DA:238,1
DA:239,0
DA:240,0
DA:241,0
DA:242,0
DA:245,0
DA:246,0
DA:248,0
DA:255,1
DA:256,0
DA:257,0
DA:258,0
DA:260,0
DA:262,0
DA:269,1
DA:270,0
DA:271,0
DA:273,0
DA:274,0
DA:279,0
DA:280,0
DA:282,0
DA:284,0
DA:292,3
DA:301,3
LF:113
LH:40
BRDA:27,0,0,1
BRDA:27,0,1,1
BRDA:27,1,0,2
BRDA:27,1,1,1
BRDA:27,1,2,1
BRDA:30,2,0,0
BRDA:35,3,0,2
BRDA:39,4,0,2
BRDA:39,4,1,2
BRDA:45,5,0,0
BRDA:56,6,0,1
BRDA:56,6,1,0
BRDA:57,7,0,1
BRDA:57,7,1,0
BRDA:65,8,0,1
BRDA:65,9,0,1
BRDA:70,10,0,0
BRDA:99,11,0,0
BRDA:99,11,1,0
BRDA:100,12,0,0
BRDA:100,12,1,0
BRDA:108,13,0,0
BRDA:108,13,1,0
BRDA:109,14,0,0
BRDA:118,15,0,0
BRDA:118,15,1,0
BRDA:119,16,0,0
BRDA:119,16,1,0
BRDA:127,17,0,0
BRDA:127,17,1,0
BRDA:128,18,0,0
BRDA:137,19,0,0
BRDA:137,19,1,0
BRDA:138,20,0,0
BRDA:138,20,1,0
BRDA:147,21,0,0
BRDA:156,22,0,0
BRDA:156,22,1,0
BRDA:157,23,0,0
BRDA:157,23,1,0
BRDA:165,24,0,0
BRDA:165,24,1,0
BRDA:166,25,0,0
BRDA:173,26,0,0
BRDA:174,27,0,0
BRDA:174,27,1,0
BRDA:174,28,0,0
BRDA:174,28,1,0
BRDA:174,28,2,0
BRDA:185,29,0,0
BRDA:185,29,1,0
BRDA:186,30,0,0
BRDA:186,30,1,0
BRDA:194,31,0,0
BRDA:194,31,1,0
BRDA:195,32,0,0
BRDA:205,33,0,0
BRDA:231,34,0,0
BRDA:231,34,1,0
BRDA:232,35,0,0
BRDA:232,35,1,0
BRDA:240,36,0,0
BRDA:240,36,1,0
BRDA:241,37,0,0
BRDA:248,38,0,0
BRDA:248,38,1,0
BRDA:249,39,0,0
BRDA:249,39,1,0
BRDA:262,40,0,0
BRDA:262,40,1,0
BRDA:263,41,0,0
BRDA:263,41,1,0
BRDA:273,42,0,0
BRDA:284,43,0,0
BRDA:284,43,1,0
BRDA:285,44,0,0
BRDA:285,44,1,0
BRDA:304,45,0,0
BRDA:304,45,1,3
BRDA:311,46,0,0
BRDA:311,46,1,3
BRDA:318,47,0,0
BRDA:318,47,1,3
BRDA:327,48,0,0
BRDA:327,48,1,3
BRF:85
BRH:16
end_of_record
TN:
SF:src\Tracking\infraestructure\middlewares\tracking.middleware.ts
FN:13,(anonymous_0)
FN:18,(anonymous_1)
FN:29,(anonymous_2)
FN:34,(anonymous_3)
FN:45,(anonymous_4)
FN:74,(anonymous_5)
FN:103,(anonymous_6)
FN:125,(anonymous_7)
FN:146,(anonymous_8)
FN:162,(anonymous_9)
FNF:10
FNH:0
FNDA:0,(anonymous_0)
FNDA:0,(anonymous_1)
FNDA:0,(anonymous_2)
FNDA:0,(anonymous_3)
FNDA:0,(anonymous_4)
FNDA:0,(anonymous_5)
FNDA:0,(anonymous_6)
FNDA:0,(anonymous_7)
FNDA:0,(anonymous_8)
FNDA:0,(anonymous_9)
DA:2,0
DA:3,0
DA:5,0
DA:13,0
DA:14,0
DA:15,0
DA:17,0
DA:18,0
DA:19,0
DA:21,0
DA:22,0
DA:24,0
DA:29,0
DA:30,0
DA:31,0
DA:33,0
DA:34,0
DA:35,0
DA:37,0
DA:38,0
DA:40,0
DA:45,0
DA:46,0
DA:48,0
DA:49,0
DA:52,0
DA:53,0
DA:56,0
DA:57,0
DA:63,0
DA:64,0
DA:65,0
DA:66,0
DA:70,0
DA:74,0
DA:75,0
DA:77,0
DA:78,0
DA:83,0
DA:84,0
DA:87,0
DA:88,0
DA:92,0
DA:93,0
DA:94,0
DA:95,0
DA:99,0
DA:103,0
DA:104,0
DA:106,0
DA:107,0
DA:112,0
DA:113,0
DA:117,0
DA:118,0
DA:121,0
DA:125,0
DA:126,0
DA:127,0
DA:130,0
DA:131,0
DA:134,0
DA:135,0
DA:138,0
DA:139,0
DA:142,0
DA:146,0
DA:147,0
DA:148,0
DA:152,0
DA:153,0
DA:158,0
DA:162,0
DA:163,0
DA:165,0
DA:166,0
DA:171,0
DA:172,0
DA:175,0
DA:176,0
DA:179,0
LF:81
LH:0
BRDA:14,0,0,0
BRDA:14,0,1,0
BRDA:15,1,0,0
BRDA:19,2,0,0
BRDA:24,3,0,0
BRDA:24,3,1,0
BRDA:24,4,0,0
BRDA:24,4,1,0
BRDA:30,5,0,0
BRDA:30,5,1,0
BRDA:31,6,0,0
BRDA:35,7,0,0
BRDA:40,8,0,0
BRDA:40,8,1,0
BRDA:40,9,0,0
BRDA:40,9,1,0
BRDA:48,10,0,0
BRDA:48,11,0,0
BRDA:48,11,1,0
BRDA:52,12,0,0
BRDA:52,13,0,0
BRDA:52,13,1,0
BRDA:56,14,0,0
BRDA:56,15,0,0
BRDA:56,15,1,0
BRDA:63,16,0,0
BRDA:65,17,0,0
BRDA:65,18,0,0
BRDA:65,18,1,0
BRDA:77,19,0,0
BRDA:77,20,0,0
BRDA:77,20,1,0
BRDA:83,21,0,0
BRDA:83,22,0,0
BRDA:83,22,1,0
BRDA:87,23,0,0
BRDA:87,24,0,0
BRDA:87,24,1,0
BRDA:92,25,0,0
BRDA:94,26,0,0
BRDA:106,27,0,0
BRDA:106,28,0,0
BRDA:106,28,1,0
BRDA:112,29,0,0
BRDA:112,30,0,0
BRDA:112,30,1,0
BRDA:117,31,0,0
BRDA:117,32,0,0
BRDA:117,32,1,0
BRDA:126,33,0,0
BRDA:130,34,0,0
BRDA:134,35,0,0
BRDA:138,36,0,0
BRDA:147,37,0,0
BRDA:152,38,0,0
BRDA:165,39,0,0
BRDA:165,40,0,0
BRDA:165,40,1,0
BRDA:171,41,0,0
BRDA:171,42,0,0
BRDA:171,42,1,0
BRDA:171,42,2,0
BRDA:175,43,0,0
BRDA:175,44,0,0
BRDA:175,44,1,0
BRDA:175,44,2,0
BRDA:175,44,3,0
BRF:67
BRH:0
end_of_record
TN:
SF:src\Tracking\infraestructure\repositories\tracking.repository.ts
FN:18,(anonymous_1)
FN:40,(anonymous_2)
FN:45,(anonymous_3)
FN:50,(anonymous_4)
FN:55,(anonymous_5)
FN:60,(anonymous_6)
FN:107,(anonymous_7)
FN:111,(anonymous_8)
FN:132,(anonymous_9)
FN:139,(anonymous_10)
FNF:10
FNH:0
FNDA:0,(anonymous_1)
FNDA:0,(anonymous_2)
FNDA:0,(anonymous_3)
FNDA:0,(anonymous_4)
FNDA:0,(anonymous_5)
FNDA:0,(anonymous_6)
FNDA:0,(anonymous_7)
FNDA:0,(anonymous_8)
FNDA:0,(anonymous_9)
FNDA:0,(anonymous_10)
DA:1,1
DA:17,1
DA:19,0
DA:37,0
DA:41,0
DA:42,0
DA:46,0
DA:47,0
DA:51,0
DA:52,0
DA:56,0
DA:57,0
DA:61,0
DA:62,0
DA:64,0
DA:65,0
DA:66,0
DA:68,0
DA:69,0
DA:70,0
DA:72,0
DA:73,0
DA:74,0
DA:76,0
DA:77,0
DA:78,0
DA:80,0
DA:81,0
DA:82,0
DA:84,0
DA:85,0
DA:86,0
DA:88,0
DA:89,0
DA:90,0
DA:92,0
DA:93,0
DA:94,0
DA:97,0
DA:99,0
DA:100,0
DA:101,0
DA:102,0
DA:104,0
DA:108,0
DA:112,0
DA:113,0
DA:114,0
DA:116,0
DA:117,0
DA:118,0
DA:121,0
DA:122,0
DA:125,0
DA:126,0
DA:127,0
DA:129,0
DA:133,0
DA:136,0
DA:140,0
DA:141,0
LF:61
LH:2
BRDA:29,0,0,0
BRDA:29,0,1,0
BRDA:30,1,0,0
BRDA:30,1,1,0
BRDA:32,2,0,0
BRDA:32,2,1,0
BRDA:33,3,0,0
BRDA:33,3,1,0
BRDA:64,4,0,0
BRDA:68,5,0,0
BRDA:72,6,0,0
BRDA:76,7,0,0
BRDA:80,8,0,0
BRDA:84,9,0,0
BRDA:88,10,0,0
BRDA:92,11,0,0
BRDA:97,12,0,0
BRDA:116,13,0,0
BRDA:121,14,0,0
BRF:19
BRH:0
end_of_record
TN:
SF:src\Tracking\routes\tracking.route.ts
FN:22,(anonymous_10)
FN:23,(anonymous_11)
FN:27,(anonymous_12)
FN:33,(anonymous_13)
FN:39,(anonymous_14)
FN:50,(anonymous_15)
FN:56,(anonymous_16)
FN:111,(anonymous_17)
FNF:8
FNH:0
FNDA:0,(anonymous_10)
FNDA:0,(anonymous_11)
FNDA:0,(anonymous_12)
FNDA:0,(anonymous_13)
FNDA:0,(anonymous_14)
FNDA:0,(anonymous_15)
FNDA:0,(anonymous_16)
FNDA:0,(anonymous_17)
DA:1,0
DA:3,0
DA:4,0
DA:5,0
DA:15,0
DA:16,0
DA:18,0
DA:19,0
DA:22,0
DA:23,0
DA:24,0
DA:27,0
DA:28,0
DA:29,0
DA:33,0
DA:34,0
DA:35,0
DA:39,0
DA:40,0
DA:42,0
DA:43,0
DA:45,0
DA:50,0
DA:51,0
DA:56,0
DA:57,0
DA:59,0
DA:60,0
DA:62,0
DA:69,0
DA:70,0
DA:71,0
DA:72,0
DA:73,0
DA:74,0
DA:78,0
DA:85,0
DA:94,0
DA:103,0
DA:111,0
DA:112,0
DA:120,0
LF:42
LH:0
BRF:0
BRH:0
end_of_record
TN:
SF:src\Tracking\socket\tracking.socket.ts
FN:21,(anonymous_0)
FN:22,(anonymous_1)
FN:26,(anonymous_2)
FN:33,(anonymous_3)
FN:39,(anonymous_4)
FN:49,(anonymous_5)
FN:56,(anonymous_6)
FN:62,(anonymous_7)
FN:72,(anonymous_8)
FN:80,(anonymous_9)
FN:96,(anonymous_10)
FN:112,(anonymous_11)
FN:123,(anonymous_12)
FN:129,(anonymous_13)
FN:165,(anonymous_14)
FN:204,(anonymous_15)
FN:227,(anonymous_16)
FN:240,(anonymous_17)
FN:249,(anonymous_18)
FNF:19
FNH:0
FNDA:0,(anonymous_0)
FNDA:0,(anonymous_1)
FNDA:0,(anonymous_2)
FNDA:0,(anonymous_3)
FNDA:0,(anonymous_4)
FNDA:0,(anonymous_5)
FNDA:0,(anonymous_6)
FNDA:0,(anonymous_7)
FNDA:0,(anonymous_8)
FNDA:0,(anonymous_9)
FNDA:0,(anonymous_10)
FNDA:0,(anonymous_11)
FNDA:0,(anonymous_12)
FNDA:0,(anonymous_13)
FNDA:0,(anonymous_14)
FNDA:0,(anonymous_15)
FNDA:0,(anonymous_16)
FNDA:0,(anonymous_17)
FNDA:0,(anonymous_18)
DA:3,0
DA:4,0
DA:6,0
DA:21,0
DA:22,0
DA:23,0
DA:26,0
DA:27,0
DA:28,0
DA:29,0
DA:32,0
DA:34,0
DA:40,0
DA:49,0
DA:50,0
DA:51,0
DA:52,0
DA:55,0
DA:57,0
DA:63,0
DA:72,0
DA:73,0
DA:74,0
DA:75,0
DA:80,0
DA:81,0
DA:82,0
DA:83,0
DA:88,0
DA:96,0
DA:97,0
DA:98,0
DA:99,0
DA:104,0
DA:112,0
DA:113,0
DA:114,0
DA:115,0
DA:116,0
DA:118,0
DA:123,0
DA:124,0
DA:125,0
DA:129,0
DA:134,0
DA:135,0
DA:141,0
DA:148,0
DA:157,0
DA:165,0
DA:171,0
DA:172,0
DA:180,0
DA:191,0
DA:192,0
DA:193,0
DA:196,0
DA:204,0
DA:205,0
DA:209,0
DA:227,0
DA:228,0
DA:229,0
DA:230,0
DA:235,0
DA:240,0
DA:241,0
DA:249,0
DA:250,0
DA:256,0
LF:70
LH:0
BRDA:27,0,0,0
BRDA:50,1,0,0
BRDA:73,2,0,0
BRDA:114,3,0,0
BRDA:114,3,1,0
BRF:5
BRH:0
end_of_record
TN:
SF:src\Tracking\websocket\socket.adapter.ts
FN:6,(anonymous_0)
FN:10,(anonymous_1)
FN:11,(anonymous_2)
FN:17,(anonymous_3)
FN:26,(anonymous_4)
FNF:5
FNH:0
FNDA:0,(anonymous_0)
FNDA:0,(anonymous_1)
FNDA:0,(anonymous_2)
FNDA:0,(anonymous_3)
FNDA:0,(anonymous_4)
DA:3,0
DA:7,0
DA:11,0
DA:12,0
DA:14,0
DA:17,0
DA:18,0
DA:23,0
DA:26,0
DA:27,0
LF:10
LH:0
BRF:0
BRH:0
end_of_record
TN:
SF:src\Users\Authentication\auth.service.ts
FN:5,(anonymous_1)
FN:13,(anonymous_2)
FN:18,(anonymous_3)
FN:27,(anonymous_4)
FNF:4
FNH:1
FNDA:0,(anonymous_1)
FNDA:0,(anonymous_2)
FNDA:0,(anonymous_3)
FNDA:1,(anonymous_4)
DA:1,2
DA:3,2
DA:6,0
DA:7,0
DA:9,0
DA:14,0
DA:19,0
DA:20,0
DA:22,0
DA:29,1
LF:10
LH:3
BRF:0
BRH:0
end_of_record
TN:
SF:src\Users\application\user.service.ts
FN:8,(anonymous_1)
FN:15,(anonymous_2)
FN:35,(anonymous_3)
FN:68,(anonymous_4)
FN:73,(anonymous_5)
FN:79,(anonymous_6)
FN:88,(anonymous_7)
FN:97,(anonymous_8)
FN:106,(anonymous_9)
FN:125,(anonymous_10)
FNF:10
FNH:6
FNDA:16,(anonymous_1)
FNDA:2,(anonymous_2)
FNDA:5,(anonymous_3)
FNDA:0,(anonymous_4)
FNDA:0,(anonymous_5)
FNDA:2,(anonymous_6)
FNDA:0,(anonymous_7)
FNDA:2,(anonymous_8)
FNDA:4,(anonymous_9)
FNDA:0,(anonymous_10)
DA:1,2
DA:2,2
DA:5,2
DA:7,2
DA:8,16
DA:11,16
DA:12,16
DA:16,2
DA:17,2
DA:19,1
DA:21,1
DA:22,1
DA:24,1
DA:31,1
DA:36,5
DA:37,5
DA:40,4
DA:41,1
DA:44,3
DA:45,3
DA:46,2
DA:48,2
DA:49,1
DA:50,1
DA:53,1
DA:57,1
DA:60,1
DA:61,1
DA:63,1
DA:69,0
DA:74,0
DA:75,0
DA:80,2
DA:81,2
DA:83,1
DA:84,1
DA:89,0
DA:90,0
DA:92,0
DA:93,0
DA:98,2
DA:99,2
DA:101,1
DA:102,1
DA:107,4
DA:109,3
DA:110,3
DA:112,2
DA:113,1
DA:116,1
DA:121,1
DA:126,0
DA:127,0
DA:128,0
DA:131,0
DA:132,0
LF:56
LH:44
BRDA:17,0,0,1
BRDA:37,1,0,1
BRDA:40,2,0,1
BRDA:40,3,0,4
BRDA:40,3,1,1
BRDA:45,4,0,2
BRDA:48,5,0,1
BRDA:81,6,0,1
BRDA:90,7,0,0
BRDA:99,8,0,1
BRDA:107,9,0,1
BRDA:110,10,0,1
BRDA:112,11,0,1
BRDA:112,12,0,2
BRDA:112,12,1,2
BRDA:127,13,0,0
BRF:16
BRH:14
end_of_record
TN:
SF:src\Users\infraestructure\controllers\user.controller.ts
FN:12,(anonymous_0)
FN:17,(anonymous_1)
FN:31,(anonymous_2)
FN:45,(anonymous_3)
FN:61,(anonymous_4)
FN:85,(anonymous_5)
FN:94,(anonymous_6)
FN:105,(anonymous_7)
FN:116,(anonymous_8)
FN:127,(anonymous_9)
FNF:10
FNH:9
FNDA:17,(anonymous_0)
FNDA:4,(anonymous_1)
FNDA:3,(anonymous_2)
FNDA:3,(anonymous_3)
FNDA:2,(anonymous_4)
FNDA:1,(anonymous_5)
FNDA:1,(anonymous_6)
FNDA:0,(anonymous_7)
FNDA:1,(anonymous_8)
FNDA:2,(anonymous_9)
DA:3,1
DA:4,1
DA:5,1
DA:9,1
DA:12,1
DA:13,17
DA:17,1
DA:18,4
DA:19,4
DA:20,1
DA:26,3
DA:31,1
DA:32,3
DA:33,3
DA:34,3
DA:35,1
DA:37,2
DA:38,1
DA:40,1
DA:45,1
DA:46,3
DA:47,3
DA:49,3
DA:51,1
DA:53,1
DA:55,2
DA:61,1
DA:62,2
DA:63,2
DA:64,2
DA:65,1
DA:68,1
DA:70,0
DA:71,0
DA:72,0
DA:76,0
DA:78,0
DA:80,1
DA:85,1
DA:86,1
DA:87,1
DA:89,0
DA:94,1
DA:95,1
DA:96,1
DA:97,1
DA:98,1
DA:100,0
DA:105,1
DA:106,0
DA:107,0
DA:108,0
DA:109,0
DA:111,0
DA:116,1
DA:117,1
DA:118,1
DA:119,1
DA:120,1
DA:122,0
DA:127,1
DA:128,2
DA:130,2
DA:133,2
DA:135,2
DA:137,1
DA:139,1
DA:141,0
LF:68
LH:54
BRDA:26,0,0,3
BRDA:26,0,1,3
BRDA:34,1,0,1
BRDA:40,2,0,1
BRDA:40,2,1,0
BRDA:55,3,0,2
BRDA:55,3,1,1
BRDA:64,4,0,1
BRDA:71,5,0,0
BRDA:133,6,0,1
BRDA:135,7,0,1
BRDA:141,8,0,0
BRDA:141,8,1,0
BRDA:141,9,0,0
BRDA:141,9,1,0
BRF:15
BRH:9
end_of_record
TN:
SF:src\Users\infraestructure\middlewares\auth.middleware.ts
FN:4,(anonymous_0)
FNF:1
FNH:0
FNDA:0,(anonymous_0)
DA:2,0
DA:4,0
DA:5,0
DA:6,0
DA:7,0
DA:9,0
DA:10,0
DA:12,0
DA:13,0
DA:14,0
DA:16,0
LF:11
LH:0
BRDA:7,0,0,0
BRDA:10,1,0,0
BRF:2
BRH:0
end_of_record
TN:
SF:src\Users\infraestructure\middlewares\user.middleware.ts
FN:13,(anonymous_0)
FN:49,(anonymous_1)
FN:74,(anonymous_2)
FN:83,(anonymous_3)
FN:98,(anonymous_4)
FN:111,(anonymous_5)
FN:121,(anonymous_6)
FNF:7
FNH:0
FNDA:0,(anonymous_0)
FNDA:0,(anonymous_1)
FNDA:0,(anonymous_2)
FNDA:0,(anonymous_3)
FNDA:0,(anonymous_4)
FNDA:0,(anonymous_5)
FNDA:0,(anonymous_6)
DA:3,0
DA:4,0
DA:5,0
DA:13,0
DA:16,0
DA:17,0
DA:18,0
DA:21,0
DA:22,0
DA:25,0
DA:26,0
DA:30,0
DA:31,0
DA:34,0
DA:35,0
DA:36,0
DA:37,0
DA:39,0
DA:43,0
DA:49,0
DA:50,0
DA:52,0
DA:53,0
DA:56,0
DA:57,0
DA:58,0
DA:62,0
DA:63,0
DA:64,0
DA:70,0
DA:74,0
DA:75,0
DA:76,0
DA:77,0
DA:79,0
DA:83,0
DA:84,0
DA:85,0
DA:86,0
DA:89,0
DA:90,0
DA:91,0
DA:93,0
DA:98,0
DA:99,0
DA:100,0
DA:102,0
DA:103,0
DA:106,0
DA:107,0
DA:111,0
DA:112,0
DA:113,0
DA:114,0
DA:118,0
DA:121,0
DA:122,0
DA:123,0
DA:124,0
DA:125,0
DA:128,0
DA:129,0
DA:130,0
DA:133,0
DA:134,0
DA:139,0
DA:141,0
LF:67
LH:0
BRDA:17,0,0,0
BRDA:17,1,0,0
BRDA:17,1,1,0
BRDA:21,2,0,0
BRDA:21,3,0,0
BRDA:21,3,1,0
BRDA:25,4,0,0
BRDA:25,5,0,0
BRDA:25,5,1,0
BRDA:30,6,0,0
BRDA:39,7,0,0
BRDA:39,7,1,0
BRDA:52,8,0,0
BRDA:52,9,0,0
BRDA:52,9,1,0
BRDA:52,9,2,0
BRDA:57,10,0,0
BRDA:63,11,0,0
BRDA:76,12,0,0
BRDA:76,13,0,0
BRDA:76,13,1,0
BRDA:85,14,0,0
BRDA:93,15,0,0
BRDA:93,15,1,0
BRDA:100,16,0,0
BRDA:103,17,0,0
BRDA:113,18,0,0
BRDA:113,19,0,0
BRDA:113,19,1,0
BRDA:124,20,0,0
BRDA:129,21,0,0
BRDA:133,22,0,0
BRF:32
BRH:0
end_of_record
TN:
SF:src\Users\infraestructure\repositories\user.repository.msql.ts
FN:7,(anonymous_1)
FN:29,(anonymous_2)
FN:59,(anonymous_3)
FN:90,(anonymous_4)
FN:93,(anonymous_5)
FN:94,(anonymous_6)
FN:98,(anonymous_7)
FN:102,(anonymous_8)
FN:109,(anonymous_9)
FN:113,(anonymous_10)
FN:117,(anonymous_11)
FN:122,(anonymous_12)
FN:126,(anonymous_13)
FN:135,(anonymous_14)
FN:139,(anonymous_15)
FN:148,(anonymous_16)
FNF:16
FNH:0
FNDA:0,(anonymous_1)
FNDA:0,(anonymous_2)
FNDA:0,(anonymous_3)
FNDA:0,(anonymous_4)
FNDA:0,(anonymous_5)
FNDA:0,(anonymous_6)
FNDA:0,(anonymous_7)
FNDA:0,(anonymous_8)
FNDA:0,(anonymous_9)
FNDA:0,(anonymous_10)
FNDA:0,(anonymous_11)
FNDA:0,(anonymous_12)
FNDA:0,(anonymous_13)
FNDA:0,(anonymous_14)
FNDA:0,(anonymous_15)
FNDA:0,(anonymous_16)
DA:1,1
DA:6,1
DA:8,0
DA:10,0
DA:24,0
DA:30,0
DA:35,0
DA:36,0
DA:39,0
DA:41,0
DA:56,0
DA:60,0
DA:65,0
DA:66,0
DA:69,0
DA:71,0
DA:86,0
DA:91,0
DA:92,0
DA:93,0
DA:94,0
DA:95,0
DA:99,0
DA:103,0
DA:110,0
DA:114,0
DA:118,0
DA:119,0
DA:123,0
DA:127,0
DA:131,0
DA:136,0
DA:140,0
DA:141,0
DA:142,0
DA:149,0
LF:36
LH:2
BRDA:35,0,0,0
BRDA:49,1,0,0
BRDA:49,1,1,0
BRDA:65,2,0,0
BRDA:79,3,0,0
BRDA:79,3,1,0
BRDA:92,4,0,0
BRDA:105,5,0,0
BRDA:105,5,1,0
BRDA:119,6,0,0
BRDA:119,6,1,0
BRDA:131,7,0,0
BRDA:131,7,1,0
BRF:13
BRH:0
end_of_record
TN:
SF:src\Users\routes\user.route.ts
FNF:0
FNH:0
DA:3,0
DA:4,0
DA:5,0
DA:6,0
DA:9,0
DA:12,0
DA:13,0
DA:14,0
DA:15,0
DA:18,0
DA:19,0
DA:20,0
DA:21,0
DA:22,0
DA:23,0
DA:25,0
LF:16
LH:0
BRF:0
BRH:0
end_of_record
TN:
SF:src\cart\application\cart.service.ts
FN:7,(anonymous_0)
FN:10,(anonymous_1)
FN:36,(anonymous_2)
FN:71,(anonymous_3)
FN:87,(anonymous_4)
FN:98,(anonymous_5)
FNF:6
FNH:6
FNDA:15,(anonymous_0)
FNDA:12,(anonymous_1)
FNDA:5,(anonymous_2)
FNDA:4,(anonymous_3)
FNDA:2,(anonymous_4)
FNDA:1,(anonymous_5)
DA:4,2
DA:6,2
DA:7,15
DA:11,12
DA:14,12
DA:15,1
DA:25,1
DA:29,12
DA:30,12
DA:32,11
DA:42,5
DA:43,5
DA:44,1
DA:47,4
DA:48,4
DA:49,1
DA:51,3
DA:52,0
DA:54,3
DA:55,1
DA:59,2
DA:60,2
DA:63,2
DA:66,2
DA:67,2
DA:77,4
DA:78,4
DA:80,4
DA:82,1
DA:83,1
DA:88,2
DA:89,2
DA:91,2
DA:93,2
DA:94,2
DA:99,1
DA:100,1
DA:102,1
DA:104,1
LF:39
LH:38
BRDA:14,0,0,1
BRDA:43,1,0,1
BRDA:43,2,0,5
BRDA:43,2,1,5
BRDA:48,3,0,1
BRDA:51,4,0,0
BRDA:54,5,0,1
BRF:7
BRH:6
end_of_record
TN:
SF:src\cart\domain\cart.operations.ts
FN:6,(anonymous_0)
FN:9,(anonymous_1)
FN:10,(anonymous_2)
FN:41,(anonymous_3)
FN:42,(anonymous_4)
FN:53,(anonymous_5)
FN:54,(anonymous_6)
FN:59,(anonymous_7)
FN:66,(anonymous_8)
FN:75,(anonymous_9)
FN:77,(anonymous_10)
FNF:11
FNH:11
FNDA:21,(anonymous_0)
FNDA:2,(anonymous_1)
FNDA:1,(anonymous_2)
FNDA:4,(anonymous_3)
FNDA:3,(anonymous_4)
FNDA:2,(anonymous_5)
FNDA:1,(anonymous_6)
FNDA:1,(anonymous_7)
FNDA:12,(anonymous_8)
FNDA:5,(anonymous_9)
FNDA:3,(anonymous_10)
DA:4,2
DA:6,21
DA:10,2
DA:11,2
DA:13,2
DA:15,1
DA:16,1
DA:17,0
DA:19,1
DA:20,1
DA:23,1
DA:24,0
DA:27,1
DA:28,1
DA:34,1
DA:37,2
DA:42,4
DA:43,4
DA:44,3
DA:45,2
DA:47,1
DA:48,1
DA:49,1
DA:54,2
DA:55,2
DA:60,1
DA:61,1
DA:62,1
DA:67,12
DA:68,12
DA:69,1
DA:70,1
DA:76,5
DA:77,3
DA:80,5
DA:81,5
LF:36
LH:34
BRDA:13,0,0,1
BRDA:13,0,1,1
BRDA:16,1,0,0
BRDA:23,2,0,0
BRDA:43,3,0,1
BRDA:44,4,0,1
BRDA:45,5,0,1
BRDA:68,6,0,1
BRDA:68,7,0,12
BRDA:68,7,1,12
BRDA:77,8,0,3
BRDA:77,8,1,0
BRF:12
BRH:9
end_of_record
TN:
SF:src\cart\infraestructure\controllers\cart.controller.ts
FN:12,(anonymous_0)
FN:15,(anonymous_1)
FN:20,(anonymous_2)
FN:35,(anonymous_3)
FN:88,(anonymous_4)
FN:110,(anonymous_5)
FN:130,(anonymous_6)
FNF:7
FNH:7
FNDA:15,(anonymous_0)
FNDA:15,(anonymous_1)
FNDA:3,(anonymous_2)
FNDA:5,(anonymous_3)
FNDA:3,(anonymous_4)
FNDA:1,(anonymous_5)
FNDA:2,(anonymous_6)
DA:2,1
DA:3,1
DA:4,1
DA:7,1
DA:8,1
DA:9,1
DA:12,1
DA:13,15
DA:15,1
DA:16,15
DA:19,1
DA:21,3
DA:22,3
DA:24,3
DA:25,1
DA:28,2
DA:29,1
DA:31,1
DA:36,5
DA:37,5
DA:38,5
DA:41,5
DA:42,2
DA:45,3
DA:46,3
DA:47,1
DA:50,2
DA:51,1
DA:55,1
DA:64,1
DA:67,1
DA:73,0
DA:74,0
DA:79,1
DA:80,1
DA:83,0
DA:84,0
DA:89,3
DA:90,3
DA:91,3
DA:92,3
DA:94,3
DA:95,3
DA:97,2
DA:104,1
DA:106,1
DA:111,1
DA:112,1
DA:114,1
DA:117,1
DA:118,1
DA:119,1
DA:121,1
DA:123,1
DA:124,1
DA:126,0
DA:131,2
DA:132,2
DA:133,2
DA:135,1
DA:136,1
DA:138,0
LF:62
LH:56
BRDA:24,0,0,1
BRDA:37,1,0,5
BRDA:37,1,1,1
BRDA:41,2,0,2
BRDA:41,3,0,5
BRDA:41,3,1,4
BRDA:46,4,0,1
BRDA:46,5,0,3
BRDA:46,5,1,2
BRDA:50,6,0,1
BRDA:67,7,0,0
BRDA:68,8,0,1
BRDA:68,8,1,1
BRDA:68,8,2,1
BRDA:68,8,3,1
BRDA:95,9,0,1
BRDA:114,10,0,0
BRDA:118,11,0,0
BRDA:118,11,1,1
BRDA:118,12,0,1
BRDA:118,12,1,0
BRDA:119,13,0,1
BRDA:119,13,1,0
BRDA:121,14,0,0
BRDA:133,15,0,1
BRF:25
BRH:19
end_of_record
TN:
SF:src\cart\infraestructure\middlewares\cart.middleware.ts
FN:23,verifyUser
FN:34,(anonymous_2)
FN:51,(anonymous_3)
FN:73,(anonymous_4)
FN:96,(anonymous_5)
FNF:5
FNH:0
FNDA:0,verifyUser
FNDA:0,(anonymous_2)
FNDA:0,(anonymous_3)
FNDA:0,(anonymous_4)
FNDA:0,(anonymous_5)
DA:3,0
DA:4,0
DA:5,0
DA:7,0
DA:9,0
DA:10,0
DA:11,0
DA:12,0
DA:23,0
DA:24,0
DA:26,0
DA:27,0
DA:30,0
DA:34,0
DA:35,0
DA:36,0
DA:38,0
DA:39,0
DA:41,0
DA:42,0
DA:43,0
DA:44,0
DA:46,0
DA:51,0
DA:52,0
DA:53,0
DA:54,0
DA:56,0
DA:57,0
DA:60,0
DA:61,0
DA:62,0
DA:65,0
DA:66,0
DA:68,0
DA:73,0
DA:74,0
DA:75,0
DA:76,0
DA:77,0
DA:80,0
DA:81,0
DA:83,0
DA:84,0
DA:88,0
DA:89,0
DA:91,0
DA:96,0
DA:97,0
DA:98,0
DA:99,0
DA:101,0
DA:102,0
DA:104,0
LF:54
LH:0
BRDA:9,0,0,0
BRDA:9,0,1,0
BRDA:26,1,0,0
BRDA:36,2,0,0
BRDA:39,3,0,0
BRDA:53,4,0,0
BRDA:53,4,1,0
BRDA:54,5,0,0
BRDA:57,6,0,0
BRDA:61,7,0,0
BRDA:61,8,0,0
BRDA:61,8,1,0
BRDA:68,9,0,0
BRDA:68,9,1,0
BRDA:76,10,0,0
BRDA:76,11,0,0
BRDA:76,11,1,0
BRDA:81,12,0,0
BRDA:83,13,0,0
BRDA:91,14,0,0
BRDA:91,14,1,0
BRDA:98,15,0,0
BRDA:98,16,0,0
BRDA:98,16,1,0
BRDA:101,17,0,0
BRDA:101,18,0,0
BRDA:101,18,1,0
BRDA:101,18,2,0
BRF:28
BRH:0
end_of_record
TN:
SF:src\cart\infraestructure\repositories\cart.repository.msql.ts
FN:9,(anonymous_1)
FN:12,(anonymous_2)
FN:33,(anonymous_3)
FN:41,(anonymous_4)
FN:47,(anonymous_5)
FN:69,(anonymous_6)
FN:97,(anonymous_7)
FN:136,(anonymous_8)
FNF:8
FNH:1
FNDA:1,(anonymous_1)
FNDA:0,(anonymous_2)
FNDA:0,(anonymous_3)
FNDA:0,(anonymous_4)
FNDA:0,(anonymous_5)
FNDA:0,(anonymous_6)
FNDA:0,(anonymous_7)
FNDA:0,(anonymous_8)
DA:2,1
DA:8,1
DA:9,1
DA:21,0
DA:22,0
DA:24,0
DA:34,0
DA:42,0
DA:49,0
DA:55,0
DA:58,0
DA:61,0
DA:69,0
DA:81,0
DA:92,0
DA:99,0
DA:113,0
DA:116,0
DA:117,0
DA:137,0
DA:138,0
DA:139,0
DA:141,0
DA:144,0
LF:24
LH:3
BRDA:22,0,0,0
BRDA:55,1,0,0
BRDA:55,2,0,0
BRDA:55,2,1,0
BRDA:138,3,0,0
BRF:5
BRH:0
end_of_record
TN:
SF:src\cart\routes\cart.route.ts
FN:12,(anonymous_1)
FN:13,(anonymous_2)
FN:14,(anonymous_3)
FN:17,(anonymous_4)
FN:20,(anonymous_5)
FNF:5
FNH:0
FNDA:0,(anonymous_1)
FNDA:0,(anonymous_2)
FNDA:0,(anonymous_3)
FNDA:0,(anonymous_4)
FNDA:0,(anonymous_5)
DA:2,0
DA:3,0
DA:4,0
DA:5,0
DA:7,0
DA:8,0
DA:11,0
DA:12,0
DA:13,0
DA:14,0
DA:15,0
DA:17,0
DA:18,0
DA:20,0
DA:22,0
LF:15
LH:0
BRF:0
BRH:0
end_of_record
TN:
SF:src\config\db.ts
FNF:0
FNH:0
DA:2,11
DA:3,11
DA:5,11
DA:7,11
DA:18,11
LF:5
LH:5
BRDA:8,0,0,11
BRDA:8,0,1,0
BRDA:9,1,0,11
BRDA:9,1,1,0
BRDA:10,2,0,11
BRDA:10,2,1,0
BRDA:11,3,0,11
BRDA:11,3,1,0
BRDA:12,4,0,11
BRDA:12,4,1,0
BRF:10
BRH:5
end_of_record
