TN:
SF:src\Categories\infraestructure\controllers\categories.controllers.ts
FN:9,(anonymous_0)
FN:13,(anonymous_1)
FN:25,(anonymous_2)
FN:34,(anonymous_3)
FN:49,(anonymous_4)
FNF:5
FNH:5
FNDA:6,(anonymous_0)
FNDA:4,(anonymous_1)
FNDA:2,(anonymous_2)
FNDA:4,(anonymous_3)
FNDA:4,(anonymous_4)
DA:2,1
DA:3,1
DA:6,1
DA:9,1
DA:10,6
DA:13,1
DA:14,4
DA:15,4
DA:16,4
DA:18,4
DA:19,2
DA:21,2
DA:25,1
DA:26,2
DA:27,2
DA:28,1
DA:30,1
DA:34,1
DA:35,4
DA:36,4
DA:37,4
DA:39,3
DA:40,3
DA:42,3
DA:43,1
DA:45,2
DA:49,1
DA:50,4
DA:51,4
DA:52,4
DA:54,3
DA:55,1
DA:57,2
LF:33
LH:33
BRDA:16,0,0,1
BRDA:16,0,1,3
BRDA:21,1,0,2
BRDA:21,1,1,1
BRDA:21,2,0,2
BRDA:21,2,1,0
BRDA:30,3,0,1
BRDA:30,3,1,1
BRDA:37,4,0,1
BRDA:40,5,0,1
BRDA:45,6,0,2
BRDA:45,6,1,0
BRDA:52,7,0,1
BRDA:57,8,0,2
BRDA:57,8,1,1
BRF:15
BRH:13
end_of_record
TN:
SF:src\Products\infraestructure\controllers\products.controller.ts
FN:10,(anonymous_0)
FN:17,(anonymous_1)
FN:26,(anonymous_2)
FN:56,(anonymous_3)
FN:62,(anonymous_4)
FN:67,(anonymous_5)
FN:82,(anonymous_6)
FN:93,(anonymous_7)
FN:112,(anonymous_8)
FN:129,(anonymous_9)
FN:169,(anonymous_10)
FN:180,(anonymous_11)
FN:188,(anonymous_12)
FN:204,(anonymous_13)
FN:216,(anonymous_14)
FNF:15
FNH:15
FNDA:14,(anonymous_0)
FNDA:2,(anonymous_1)
FNDA:4,(anonymous_2)
FNDA:1,(anonymous_3)
FNDA:4,(anonymous_4)
FNDA:1,(anonymous_5)
FNDA:3,(anonymous_6)
FNDA:4,(anonymous_7)
FNDA:3,(anonymous_8)
FNDA:7,(anonymous_9)
FNDA:3,(anonymous_10)
FNDA:2,(anonymous_11)
FNDA:1,(anonymous_12)
FNDA:2,(anonymous_13)
FNDA:1,(anonymous_14)
DA:2,1
DA:3,1
DA:7,1
DA:10,1
DA:11,14
DA:17,1
DA:18,2
DA:19,2
DA:22,2
DA:26,2
DA:27,4
DA:30,1
DA:32,1
DA:33,0
DA:35,0
DA:40,2
DA:41,2
DA:45,2
DA:47,2
DA:49,0
DA:56,1
DA:57,1
DA:58,1
DA:61,1
DA:62,4
DA:66,1
DA:67,1
DA:76,1
DA:78,0
DA:82,1
DA:83,3
DA:84,3
DA:85,3
DA:86,1
DA:89,2
DA:90,2
DA:93,2
DA:94,4
DA:95,2
DA:96,1
DA:99,2
DA:100,2
DA:102,2
DA:103,1
DA:105,1
DA:112,1
DA:113,3
DA:114,3
DA:115,3
DA:117,3
DA:118,1
DA:121,2
DA:122,1
DA:124,1
DA:129,1
DA:130,7
DA:131,7
DA:132,7
DA:134,7
DA:135,1
DA:138,6
DA:141,5
DA:148,4
DA:151,1
DA:152,1
DA:162,1
DA:164,1
DA:169,1
DA:170,3
DA:171,3
DA:172,3
DA:173,1
DA:176,2
DA:179,1
DA:181,2
DA:187,1
DA:188,1
DA:198,1
DA:200,1
DA:204,1
DA:205,2
DA:206,2
DA:207,2
DA:209,2
DA:210,2
DA:212,2
DA:215,1
DA:216,1
DA:226,1
DA:237,1
DA:238,1
LF:91
LH:87
BRDA:22,0,0,1
BRDA:27,1,0,3
BRDA:27,2,0,4
BRDA:27,2,1,1
BRDA:32,3,0,1
BRDA:32,4,0,1
BRDA:32,4,1,0
BRDA:32,4,2,0
BRDA:33,5,0,0
BRDA:33,6,0,0
BRDA:33,6,1,0
BRDA:33,6,2,0
BRDA:49,7,0,0
BRDA:49,7,1,0
BRDA:49,8,0,0
BRDA:49,8,1,0
BRDA:62,9,0,4
BRDA:62,9,1,3
BRDA:62,9,2,2
BRDA:78,10,0,0
BRDA:78,10,1,0
BRDA:84,11,0,3
BRDA:84,11,1,3
BRDA:85,12,0,1
BRDA:90,13,0,0
BRDA:94,14,0,2
BRDA:94,15,0,4
BRDA:94,15,1,2
BRDA:95,16,0,1
BRDA:95,17,0,2
BRDA:95,17,1,1
BRDA:95,17,2,1
BRDA:95,17,3,1
BRDA:105,18,0,1
BRDA:105,18,1,1
BRDA:114,19,0,3
BRDA:114,19,1,3
BRDA:117,20,0,1
BRDA:124,21,0,1
BRDA:124,21,1,1
BRDA:131,22,0,7
BRDA:131,22,1,0
BRDA:134,23,0,1
BRDA:141,24,0,4
BRDA:142,25,0,5
BRDA:142,25,1,5
BRDA:142,25,2,4
BRDA:142,25,3,3
BRDA:142,25,4,2
BRDA:164,26,0,1
BRDA:164,26,1,1
BRDA:172,27,0,1
BRDA:181,28,0,2
BRDA:181,28,1,2
BRDA:181,28,2,1
BRDA:181,28,3,1
BRDA:200,29,0,1
BRDA:200,29,1,1
BRDA:206,30,0,2
BRDA:206,30,1,0
BRDA:207,31,0,2
BRDA:207,31,1,1
BRDA:209,32,0,0
BRDA:209,32,1,2
BRDA:238,33,0,1
BRDA:238,33,1,0
BRF:66
BRH:49
end_of_record
TN:
SF:src\cart\infraestructure\controllers\cart.controller.ts
FN:10,(anonymous_0)
FN:11,(anonymous_1)
FN:15,(anonymous_2)
FN:26,(anonymous_3)
FN:40,(anonymous_4)
FN:89,(anonymous_5)
FN:119,(anonymous_6)
FN:136,(anonymous_7)
FN:150,(anonymous_8)
FNF:9
FNH:9
FNDA:5,(anonymous_0)
FNDA:5,(anonymous_1)
FNDA:18,(anonymous_2)
FNDA:2,(anonymous_3)
FNDA:4,(anonymous_4)
FNDA:3,(anonymous_5)
FNDA:3,(anonymous_6)
FNDA:1,(anonymous_7)
FNDA:5,(anonymous_8)
DA:2,1
DA:3,1
DA:4,1
DA:6,1
DA:7,1
DA:8,1
DA:10,5
DA:11,5
DA:13,1
DA:16,18
DA:17,18
DA:18,18
DA:19,18
DA:21,18
DA:22,18
DA:27,2
DA:28,2
DA:29,2
DA:31,1
DA:32,1
DA:34,0
DA:35,0
DA:41,4
DA:42,4
DA:43,4
DA:45,4
DA:46,4
DA:47,0
DA:50,4
DA:51,4
DA:54,3
DA:55,1
DA:58,2
DA:59,1
DA:63,1
DA:66,1
DA:76,1
DA:78,1
DA:83,0
DA:84,0
DA:90,3
DA:91,3
DA:92,3
DA:94,3
DA:95,3
DA:96,0
DA:98,3
DA:99,3
DA:101,3
DA:102,1
DA:104,2
DA:111,1
DA:113,1
DA:114,1
DA:120,3
DA:121,3
DA:122,3
DA:124,3
DA:125,3
DA:127,2
DA:128,1
DA:130,1
DA:131,1
DA:137,1
DA:138,1
DA:139,1
DA:141,1
DA:142,0
DA:144,1
DA:145,1
DA:151,5
DA:152,5
DA:153,5
DA:155,5
DA:157,5
DA:158,5
DA:159,1
DA:161,4
DA:162,1
DA:166,3
DA:167,3
DA:168,3
DA:169,1
DA:175,2
DA:183,1
DA:185,1
DA:186,1
LF:87
LH:80
BRDA:17,0,0,18
BRDA:17,0,1,18
BRDA:18,1,0,18
BRDA:18,1,1,18
BRDA:21,2,0,18
BRDA:21,2,1,1
BRDA:21,2,2,1
BRDA:21,2,3,1
BRDA:29,3,0,1
BRDA:45,4,0,0
BRDA:46,5,0,0
BRDA:46,6,0,4
BRDA:46,6,1,4
BRDA:46,6,2,4
BRDA:51,7,0,1
BRDA:54,8,0,1
BRDA:54,9,0,3
BRDA:54,9,1,2
BRDA:58,10,0,1
BRDA:84,11,0,0
BRDA:84,11,1,0
BRDA:94,12,0,0
BRDA:95,13,0,0
BRDA:95,14,0,3
BRDA:95,14,1,3
BRDA:99,15,0,0
BRDA:101,16,0,1
BRDA:122,17,0,3
BRDA:122,17,1,0
BRDA:124,18,0,0
BRDA:125,19,0,1
BRDA:139,20,0,0
BRDA:155,21,0,0
BRDA:158,22,0,1
BRDA:158,23,0,5
BRDA:158,23,1,5
BRDA:158,23,2,5
BRDA:161,24,0,1
BRDA:161,25,0,4
BRDA:161,25,1,1
BRDA:168,26,0,1
BRDA:168,27,0,3
BRDA:168,27,1,3
BRF:43
BRH:32
end_of_record
